{"numFailedTestSuites":55,"numFailedTests":0,"numPassedTestSuites":0,"numPassedTests":0,"numPendingTestSuites":0,"numPendingTests":0,"numRuntimeErrorTestSuites":55,"numTodoTests":0,"numTotalTestSuites":55,"numTotalTests":0,"openHandles":[],"snapshot":{"added":0,"didUpdate":false,"failure":false,"filesAdded":0,"filesRemoved":0,"filesRemovedList":[],"filesUnmatched":0,"filesUpdated":0,"matched":0,"total":0,"unchecked":0,"uncheckedKeysByFile":[],"unmatched":0,"updated":0},"startTime":1761065866193,"success":false,"testResults":[{"assertionResults":[],"coverage":{},"endTime":1761065878425,"message":"  ● Test suite failed to run\n\n    Cannot find module 'react-native-maps' from 'jest.setup.js'\n\n    \u001b[0m \u001b[90m 74 |\u001b[39m\n     \u001b[90m 75 |\u001b[39m \u001b[90m// Mock react-native-maps to avoid native dependency during tests\u001b[39m\n    \u001b[31m\u001b[1m>\u001b[22m\u001b[39m\u001b[90m 76 |\u001b[39m jest\u001b[33m.\u001b[39mmock(\u001b[32m'react-native-maps'\u001b[39m\u001b[33m,\u001b[39m () \u001b[33m=>\u001b[39m {\n     \u001b[90m    |\u001b[39m      \u001b[31m\u001b[1m^\u001b[22m\u001b[39m\n     \u001b[90m 77 |\u001b[39m   \u001b[36mconst\u001b[39m \u001b[33mReact\u001b[39m \u001b[33m=\u001b[39m require(\u001b[32m'react'\u001b[39m)\n     \u001b[90m 78 |\u001b[39m   \u001b[36mconst\u001b[39m { \u001b[33mView\u001b[39m } \u001b[33m=\u001b[39m require(\u001b[32m'react-native'\u001b[39m)\n     \u001b[90m 79 |\u001b[39m\u001b[0m\n\n      at Resolver._throwModNotFoundError (node_modules/jest-resolve/build/resolver.js:427:11)\n      at Object.mock (jest.setup.js:76:6)\n","name":"C:\\xampp\\htdocs\\antigaspi2\\mobile\\src\\screens\\main\\__tests__\\ProductsScreen.test.tsx","startTime":1761065878425,"status":"failed","summary":""},{"assertionResults":[],"coverage":{},"endTime":1761065878425,"message":"  ● Test suite failed to run\n\n    Cannot find module 'react-native-maps' from 'jest.setup.js'\n\n    \u001b[0m \u001b[90m 74 |\u001b[39m\n     \u001b[90m 75 |\u001b[39m \u001b[90m// Mock react-native-maps to avoid native dependency during tests\u001b[39m\n    \u001b[31m\u001b[1m>\u001b[22m\u001b[39m\u001b[90m 76 |\u001b[39m jest\u001b[33m.\u001b[39mmock(\u001b[32m'react-native-maps'\u001b[39m\u001b[33m,\u001b[39m () \u001b[33m=>\u001b[39m {\n     \u001b[90m    |\u001b[39m      \u001b[31m\u001b[1m^\u001b[22m\u001b[39m\n     \u001b[90m 77 |\u001b[39m   \u001b[36mconst\u001b[39m \u001b[33mReact\u001b[39m \u001b[33m=\u001b[39m require(\u001b[32m'react'\u001b[39m)\n     \u001b[90m 78 |\u001b[39m   \u001b[36mconst\u001b[39m { \u001b[33mView\u001b[39m } \u001b[33m=\u001b[39m require(\u001b[32m'react-native'\u001b[39m)\n     \u001b[90m 79 |\u001b[39m\u001b[0m\n\n      at Resolver._throwModNotFoundError (node_modules/jest-resolve/build/resolver.js:427:11)\n      at Object.mock (jest.setup.js:76:6)\n","name":"C:\\xampp\\htdocs\\antigaspi2\\mobile\\src\\screens\\admin\\__tests__\\AdminDashboardScreen.test.tsx","startTime":1761065878425,"status":"failed","summary":""},{"assertionResults":[],"coverage":{},"endTime":1761065878425,"message":"  ● Test suite failed to run\n\n    Cannot find module 'react-native-maps' from 'jest.setup.js'\n\n    \u001b[0m \u001b[90m 74 |\u001b[39m\n     \u001b[90m 75 |\u001b[39m \u001b[90m// Mock react-native-maps to avoid native dependency during tests\u001b[39m\n    \u001b[31m\u001b[1m>\u001b[22m\u001b[39m\u001b[90m 76 |\u001b[39m jest\u001b[33m.\u001b[39mmock(\u001b[32m'react-native-maps'\u001b[39m\u001b[33m,\u001b[39m () \u001b[33m=>\u001b[39m {\n     \u001b[90m    |\u001b[39m      \u001b[31m\u001b[1m^\u001b[22m\u001b[39m\n     \u001b[90m 77 |\u001b[39m   \u001b[36mconst\u001b[39m \u001b[33mReact\u001b[39m \u001b[33m=\u001b[39m require(\u001b[32m'react'\u001b[39m)\n     \u001b[90m 78 |\u001b[39m   \u001b[36mconst\u001b[39m { \u001b[33mView\u001b[39m } \u001b[33m=\u001b[39m require(\u001b[32m'react-native'\u001b[39m)\n     \u001b[90m 79 |\u001b[39m\u001b[0m\n\n      at Resolver._throwModNotFoundError (node_modules/jest-resolve/build/resolver.js:427:11)\n      at Object.mock (jest.setup.js:76:6)\n","name":"C:\\xampp\\htdocs\\antigaspi2\\mobile\\src\\navigation\\AppNavigator.int.test.tsx","startTime":1761065878425,"status":"failed","summary":""},{"assertionResults":[],"coverage":{},"endTime":1761065878425,"message":"  ● Test suite failed to run\n\n    Cannot find module 'react-native-maps' from 'jest.setup.js'\n\n    \u001b[0m \u001b[90m 74 |\u001b[39m\n     \u001b[90m 75 |\u001b[39m \u001b[90m// Mock react-native-maps to avoid native dependency during tests\u001b[39m\n    \u001b[31m\u001b[1m>\u001b[22m\u001b[39m\u001b[90m 76 |\u001b[39m jest\u001b[33m.\u001b[39mmock(\u001b[32m'react-native-maps'\u001b[39m\u001b[33m,\u001b[39m () \u001b[33m=>\u001b[39m {\n     \u001b[90m    |\u001b[39m      \u001b[31m\u001b[1m^\u001b[22m\u001b[39m\n     \u001b[90m 77 |\u001b[39m   \u001b[36mconst\u001b[39m \u001b[33mReact\u001b[39m \u001b[33m=\u001b[39m require(\u001b[32m'react'\u001b[39m)\n     \u001b[90m 78 |\u001b[39m   \u001b[36mconst\u001b[39m { \u001b[33mView\u001b[39m } \u001b[33m=\u001b[39m require(\u001b[32m'react-native'\u001b[39m)\n     \u001b[90m 79 |\u001b[39m\u001b[0m\n\n      at Resolver._throwModNotFoundError (node_modules/jest-resolve/build/resolver.js:427:11)\n      at Object.mock (jest.setup.js:76:6)\n","name":"C:\\xampp\\htdocs\\antigaspi2\\mobile\\src\\screens\\main\\__tests__\\ReviewsListScreen.test.tsx","startTime":1761065878425,"status":"failed","summary":""},{"assertionResults":[],"coverage":{},"endTime":1761065878425,"message":"  ● Test suite failed to run\n\n    Cannot find module 'react-native-maps' from 'jest.setup.js'\n\n    \u001b[0m \u001b[90m 74 |\u001b[39m\n     \u001b[90m 75 |\u001b[39m \u001b[90m// Mock react-native-maps to avoid native dependency during tests\u001b[39m\n    \u001b[31m\u001b[1m>\u001b[22m\u001b[39m\u001b[90m 76 |\u001b[39m jest\u001b[33m.\u001b[39mmock(\u001b[32m'react-native-maps'\u001b[39m\u001b[33m,\u001b[39m () \u001b[33m=>\u001b[39m {\n     \u001b[90m    |\u001b[39m      \u001b[31m\u001b[1m^\u001b[22m\u001b[39m\n     \u001b[90m 77 |\u001b[39m   \u001b[36mconst\u001b[39m \u001b[33mReact\u001b[39m \u001b[33m=\u001b[39m require(\u001b[32m'react'\u001b[39m)\n     \u001b[90m 78 |\u001b[39m   \u001b[36mconst\u001b[39m { \u001b[33mView\u001b[39m } \u001b[33m=\u001b[39m require(\u001b[32m'react-native'\u001b[39m)\n     \u001b[90m 79 |\u001b[39m\u001b[0m\n\n      at Resolver._throwModNotFoundError (node_modules/jest-resolve/build/resolver.js:427:11)\n      at Object.mock (jest.setup.js:76:6)\n","name":"C:\\xampp\\htdocs\\antigaspi2\\mobile\\src\\navigation\\AppNavigator.logout.int.test.tsx","startTime":1761065878425,"status":"failed","summary":""},{"assertionResults":[],"coverage":{},"endTime":1761065878425,"message":"  ● Test suite failed to run\n\n    Cannot find module 'react-native-maps' from 'jest.setup.js'\n\n    \u001b[0m \u001b[90m 74 |\u001b[39m\n     \u001b[90m 75 |\u001b[39m \u001b[90m// Mock react-native-maps to avoid native dependency during tests\u001b[39m\n    \u001b[31m\u001b[1m>\u001b[22m\u001b[39m\u001b[90m 76 |\u001b[39m jest\u001b[33m.\u001b[39mmock(\u001b[32m'react-native-maps'\u001b[39m\u001b[33m,\u001b[39m () \u001b[33m=>\u001b[39m {\n     \u001b[90m    |\u001b[39m      \u001b[31m\u001b[1m^\u001b[22m\u001b[39m\n     \u001b[90m 77 |\u001b[39m   \u001b[36mconst\u001b[39m \u001b[33mReact\u001b[39m \u001b[33m=\u001b[39m require(\u001b[32m'react'\u001b[39m)\n     \u001b[90m 78 |\u001b[39m   \u001b[36mconst\u001b[39m { \u001b[33mView\u001b[39m } \u001b[33m=\u001b[39m require(\u001b[32m'react-native'\u001b[39m)\n     \u001b[90m 79 |\u001b[39m\u001b[0m\n\n      at Resolver._throwModNotFoundError (node_modules/jest-resolve/build/resolver.js:427:11)\n      at Object.mock (jest.setup.js:76:6)\n","name":"C:\\xampp\\htdocs\\antigaspi2\\mobile\\src\\screens\\main\\__tests__\\MerchantDetailScreen.test.tsx","startTime":1761065878425,"status":"failed","summary":""},{"assertionResults":[],"coverage":{},"endTime":1761065878425,"message":"  ● Test suite failed to run\n\n    Cannot find module 'react-native-maps' from 'jest.setup.js'\n\n    \u001b[0m \u001b[90m 74 |\u001b[39m\n     \u001b[90m 75 |\u001b[39m \u001b[90m// Mock react-native-maps to avoid native dependency during tests\u001b[39m\n    \u001b[31m\u001b[1m>\u001b[22m\u001b[39m\u001b[90m 76 |\u001b[39m jest\u001b[33m.\u001b[39mmock(\u001b[32m'react-native-maps'\u001b[39m\u001b[33m,\u001b[39m () \u001b[33m=>\u001b[39m {\n     \u001b[90m    |\u001b[39m      \u001b[31m\u001b[1m^\u001b[22m\u001b[39m\n     \u001b[90m 77 |\u001b[39m   \u001b[36mconst\u001b[39m \u001b[33mReact\u001b[39m \u001b[33m=\u001b[39m require(\u001b[32m'react'\u001b[39m)\n     \u001b[90m 78 |\u001b[39m   \u001b[36mconst\u001b[39m { \u001b[33mView\u001b[39m } \u001b[33m=\u001b[39m require(\u001b[32m'react-native'\u001b[39m)\n     \u001b[90m 79 |\u001b[39m\u001b[0m\n\n      at Resolver._throwModNotFoundError (node_modules/jest-resolve/build/resolver.js:427:11)\n      at Object.mock (jest.setup.js:76:6)\n","name":"C:\\xampp\\htdocs\\antigaspi2\\mobile\\src\\screens\\admin\\__tests__\\AdminMerchantsScreen.test.tsx","startTime":1761065878425,"status":"failed","summary":""},{"assertionResults":[],"coverage":{},"endTime":1761065878425,"message":"  ● Test suite failed to run\n\n    Cannot find module 'react-native-maps' from 'jest.setup.js'\n\n    \u001b[0m \u001b[90m 74 |\u001b[39m\n     \u001b[90m 75 |\u001b[39m \u001b[90m// Mock react-native-maps to avoid native dependency during tests\u001b[39m\n    \u001b[31m\u001b[1m>\u001b[22m\u001b[39m\u001b[90m 76 |\u001b[39m jest\u001b[33m.\u001b[39mmock(\u001b[32m'react-native-maps'\u001b[39m\u001b[33m,\u001b[39m () \u001b[33m=>\u001b[39m {\n     \u001b[90m    |\u001b[39m      \u001b[31m\u001b[1m^\u001b[22m\u001b[39m\n     \u001b[90m 77 |\u001b[39m   \u001b[36mconst\u001b[39m \u001b[33mReact\u001b[39m \u001b[33m=\u001b[39m require(\u001b[32m'react'\u001b[39m)\n     \u001b[90m 78 |\u001b[39m   \u001b[36mconst\u001b[39m { \u001b[33mView\u001b[39m } \u001b[33m=\u001b[39m require(\u001b[32m'react-native'\u001b[39m)\n     \u001b[90m 79 |\u001b[39m\u001b[0m\n\n      at Resolver._throwModNotFoundError (node_modules/jest-resolve/build/resolver.js:427:11)\n      at Object.mock (jest.setup.js:76:6)\n","name":"C:\\xampp\\htdocs\\antigaspi2\\mobile\\src\\navigation\\AppNavigator.logout.refactored.int.test.tsx","startTime":1761065878425,"status":"failed","summary":""},{"assertionResults":[],"coverage":{},"endTime":1761065878425,"message":"  ● Test suite failed to run\n\n    Cannot find module 'react-native-maps' from 'jest.setup.js'\n\n    \u001b[0m \u001b[90m 74 |\u001b[39m\n     \u001b[90m 75 |\u001b[39m \u001b[90m// Mock react-native-maps to avoid native dependency during tests\u001b[39m\n    \u001b[31m\u001b[1m>\u001b[22m\u001b[39m\u001b[90m 76 |\u001b[39m jest\u001b[33m.\u001b[39mmock(\u001b[32m'react-native-maps'\u001b[39m\u001b[33m,\u001b[39m () \u001b[33m=>\u001b[39m {\n     \u001b[90m    |\u001b[39m      \u001b[31m\u001b[1m^\u001b[22m\u001b[39m\n     \u001b[90m 77 |\u001b[39m   \u001b[36mconst\u001b[39m \u001b[33mReact\u001b[39m \u001b[33m=\u001b[39m require(\u001b[32m'react'\u001b[39m)\n     \u001b[90m 78 |\u001b[39m   \u001b[36mconst\u001b[39m { \u001b[33mView\u001b[39m } \u001b[33m=\u001b[39m require(\u001b[32m'react-native'\u001b[39m)\n     \u001b[90m 79 |\u001b[39m\u001b[0m\n\n      at Resolver._throwModNotFoundError (node_modules/jest-resolve/build/resolver.js:427:11)\n      at Object.mock (jest.setup.js:76:6)\n","name":"C:\\xampp\\htdocs\\antigaspi2\\mobile\\src\\screens\\admin\\__tests__\\AdminUsersScreen.test.tsx","startTime":1761065878425,"status":"failed","summary":""},{"assertionResults":[],"coverage":{},"endTime":1761065878425,"message":"  ● Test suite failed to run\n\n    Cannot find module 'react-native-maps' from 'jest.setup.js'\n\n    \u001b[0m \u001b[90m 74 |\u001b[39m\n     \u001b[90m 75 |\u001b[39m \u001b[90m// Mock react-native-maps to avoid native dependency during tests\u001b[39m\n    \u001b[31m\u001b[1m>\u001b[22m\u001b[39m\u001b[90m 76 |\u001b[39m jest\u001b[33m.\u001b[39mmock(\u001b[32m'react-native-maps'\u001b[39m\u001b[33m,\u001b[39m () \u001b[33m=>\u001b[39m {\n     \u001b[90m    |\u001b[39m      \u001b[31m\u001b[1m^\u001b[22m\u001b[39m\n     \u001b[90m 77 |\u001b[39m   \u001b[36mconst\u001b[39m \u001b[33mReact\u001b[39m \u001b[33m=\u001b[39m require(\u001b[32m'react'\u001b[39m)\n     \u001b[90m 78 |\u001b[39m   \u001b[36mconst\u001b[39m { \u001b[33mView\u001b[39m } \u001b[33m=\u001b[39m require(\u001b[32m'react-native'\u001b[39m)\n     \u001b[90m 79 |\u001b[39m\u001b[0m\n\n      at Resolver._throwModNotFoundError (node_modules/jest-resolve/build/resolver.js:427:11)\n      at Object.mock (jest.setup.js:76:6)\n","name":"C:\\xampp\\htdocs\\antigaspi2\\mobile\\src\\navigation\\AppNavigator.restore.int.test.tsx","startTime":1761065878425,"status":"failed","summary":""},{"assertionResults":[],"coverage":{},"endTime":1761065878425,"message":"  ● Test suite failed to run\n\n    Cannot find module 'react-native-maps' from 'jest.setup.js'\n\n    \u001b[0m \u001b[90m 74 |\u001b[39m\n     \u001b[90m 75 |\u001b[39m \u001b[90m// Mock react-native-maps to avoid native dependency during tests\u001b[39m\n    \u001b[31m\u001b[1m>\u001b[22m\u001b[39m\u001b[90m 76 |\u001b[39m jest\u001b[33m.\u001b[39mmock(\u001b[32m'react-native-maps'\u001b[39m\u001b[33m,\u001b[39m () \u001b[33m=>\u001b[39m {\n     \u001b[90m    |\u001b[39m      \u001b[31m\u001b[1m^\u001b[22m\u001b[39m\n     \u001b[90m 77 |\u001b[39m   \u001b[36mconst\u001b[39m \u001b[33mReact\u001b[39m \u001b[33m=\u001b[39m require(\u001b[32m'react'\u001b[39m)\n     \u001b[90m 78 |\u001b[39m   \u001b[36mconst\u001b[39m { \u001b[33mView\u001b[39m } \u001b[33m=\u001b[39m require(\u001b[32m'react-native'\u001b[39m)\n     \u001b[90m 79 |\u001b[39m\u001b[0m\n\n      at Resolver._throwModNotFoundError (node_modules/jest-resolve/build/resolver.js:427:11)\n      at Object.mock (jest.setup.js:76:6)\n","name":"C:\\xampp\\htdocs\\antigaspi2\\mobile\\src\\screens\\admin\\__tests__\\AdminProductsScreen.test.tsx","startTime":1761065878425,"status":"failed","summary":""},{"assertionResults":[],"coverage":{},"endTime":1761065878425,"message":"  ● Test suite failed to run\n\n    Cannot find module 'react-native-maps' from 'jest.setup.js'\n\n    \u001b[0m \u001b[90m 74 |\u001b[39m\n     \u001b[90m 75 |\u001b[39m \u001b[90m// Mock react-native-maps to avoid native dependency during tests\u001b[39m\n    \u001b[31m\u001b[1m>\u001b[22m\u001b[39m\u001b[90m 76 |\u001b[39m jest\u001b[33m.\u001b[39mmock(\u001b[32m'react-native-maps'\u001b[39m\u001b[33m,\u001b[39m () \u001b[33m=>\u001b[39m {\n     \u001b[90m    |\u001b[39m      \u001b[31m\u001b[1m^\u001b[22m\u001b[39m\n     \u001b[90m 77 |\u001b[39m   \u001b[36mconst\u001b[39m \u001b[33mReact\u001b[39m \u001b[33m=\u001b[39m require(\u001b[32m'react'\u001b[39m)\n     \u001b[90m 78 |\u001b[39m   \u001b[36mconst\u001b[39m { \u001b[33mView\u001b[39m } \u001b[33m=\u001b[39m require(\u001b[32m'react-native'\u001b[39m)\n     \u001b[90m 79 |\u001b[39m\u001b[0m\n\n      at Resolver._throwModNotFoundError (node_modules/jest-resolve/build/resolver.js:427:11)\n      at Object.mock (jest.setup.js:76:6)\n","name":"C:\\xampp\\htdocs\\antigaspi2\\mobile\\src\\screens\\main\\__tests__\\ReservationsScreen.test.tsx","startTime":1761065878425,"status":"failed","summary":""},{"assertionResults":[],"coverage":{},"endTime":1761065878425,"message":"  ● Test suite failed to run\n\n    Cannot find module 'react-native-maps' from 'jest.setup.js'\n\n    \u001b[0m \u001b[90m 74 |\u001b[39m\n     \u001b[90m 75 |\u001b[39m \u001b[90m// Mock react-native-maps to avoid native dependency during tests\u001b[39m\n    \u001b[31m\u001b[1m>\u001b[22m\u001b[39m\u001b[90m 76 |\u001b[39m jest\u001b[33m.\u001b[39mmock(\u001b[32m'react-native-maps'\u001b[39m\u001b[33m,\u001b[39m () \u001b[33m=>\u001b[39m {\n     \u001b[90m    |\u001b[39m      \u001b[31m\u001b[1m^\u001b[22m\u001b[39m\n     \u001b[90m 77 |\u001b[39m   \u001b[36mconst\u001b[39m \u001b[33mReact\u001b[39m \u001b[33m=\u001b[39m require(\u001b[32m'react'\u001b[39m)\n     \u001b[90m 78 |\u001b[39m   \u001b[36mconst\u001b[39m { \u001b[33mView\u001b[39m } \u001b[33m=\u001b[39m require(\u001b[32m'react-native'\u001b[39m)\n     \u001b[90m 79 |\u001b[39m\u001b[0m\n\n      at Resolver._throwModNotFoundError (node_modules/jest-resolve/build/resolver.js:427:11)\n      at Object.mock (jest.setup.js:76:6)\n","name":"C:\\xampp\\htdocs\\antigaspi2\\mobile\\src\\screens\\main\\__tests__\\HomeScreen.test.tsx","startTime":1761065878425,"status":"failed","summary":""},{"assertionResults":[],"coverage":{},"endTime":1761065878425,"message":"  ● Test suite failed to run\n\n    Cannot find module 'react-native-maps' from 'jest.setup.js'\n\n    \u001b[0m \u001b[90m 74 |\u001b[39m\n     \u001b[90m 75 |\u001b[39m \u001b[90m// Mock react-native-maps to avoid native dependency during tests\u001b[39m\n    \u001b[31m\u001b[1m>\u001b[22m\u001b[39m\u001b[90m 76 |\u001b[39m jest\u001b[33m.\u001b[39mmock(\u001b[32m'react-native-maps'\u001b[39m\u001b[33m,\u001b[39m () \u001b[33m=>\u001b[39m {\n     \u001b[90m    |\u001b[39m      \u001b[31m\u001b[1m^\u001b[22m\u001b[39m\n     \u001b[90m 77 |\u001b[39m   \u001b[36mconst\u001b[39m \u001b[33mReact\u001b[39m \u001b[33m=\u001b[39m require(\u001b[32m'react'\u001b[39m)\n     \u001b[90m 78 |\u001b[39m   \u001b[36mconst\u001b[39m { \u001b[33mView\u001b[39m } \u001b[33m=\u001b[39m require(\u001b[32m'react-native'\u001b[39m)\n     \u001b[90m 79 |\u001b[39m\u001b[0m\n\n      at Resolver._throwModNotFoundError (node_modules/jest-resolve/build/resolver.js:427:11)\n      at Object.mock (jest.setup.js:76:6)\n","name":"C:\\xampp\\htdocs\\antigaspi2\\mobile\\src\\screens\\main\\__tests__\\ReservationDetailsScreen.test.tsx","startTime":1761065878425,"status":"failed","summary":""},{"assertionResults":[],"coverage":{},"endTime":1761065878425,"message":"  ● Test suite failed to run\n\n    Cannot find module 'react-native-maps' from 'jest.setup.js'\n\n    \u001b[0m \u001b[90m 74 |\u001b[39m\n     \u001b[90m 75 |\u001b[39m \u001b[90m// Mock react-native-maps to avoid native dependency during tests\u001b[39m\n    \u001b[31m\u001b[1m>\u001b[22m\u001b[39m\u001b[90m 76 |\u001b[39m jest\u001b[33m.\u001b[39mmock(\u001b[32m'react-native-maps'\u001b[39m\u001b[33m,\u001b[39m () \u001b[33m=>\u001b[39m {\n     \u001b[90m    |\u001b[39m      \u001b[31m\u001b[1m^\u001b[22m\u001b[39m\n     \u001b[90m 77 |\u001b[39m   \u001b[36mconst\u001b[39m \u001b[33mReact\u001b[39m \u001b[33m=\u001b[39m require(\u001b[32m'react'\u001b[39m)\n     \u001b[90m 78 |\u001b[39m   \u001b[36mconst\u001b[39m { \u001b[33mView\u001b[39m } \u001b[33m=\u001b[39m require(\u001b[32m'react-native'\u001b[39m)\n     \u001b[90m 79 |\u001b[39m\u001b[0m\n\n      at Resolver._throwModNotFoundError (node_modules/jest-resolve/build/resolver.js:427:11)\n      at Object.mock (jest.setup.js:76:6)\n","name":"C:\\xampp\\htdocs\\antigaspi2\\mobile\\src\\screens\\main\\ProductsScreen.refactored.int.test.tsx","startTime":1761065878425,"status":"failed","summary":""},{"assertionResults":[],"coverage":{},"endTime":1761065878425,"message":"  ● Test suite failed to run\n\n    Cannot find module 'react-native-maps' from 'jest.setup.js'\n\n    \u001b[0m \u001b[90m 74 |\u001b[39m\n     \u001b[90m 75 |\u001b[39m \u001b[90m// Mock react-native-maps to avoid native dependency during tests\u001b[39m\n    \u001b[31m\u001b[1m>\u001b[22m\u001b[39m\u001b[90m 76 |\u001b[39m jest\u001b[33m.\u001b[39mmock(\u001b[32m'react-native-maps'\u001b[39m\u001b[33m,\u001b[39m () \u001b[33m=>\u001b[39m {\n     \u001b[90m    |\u001b[39m      \u001b[31m\u001b[1m^\u001b[22m\u001b[39m\n     \u001b[90m 77 |\u001b[39m   \u001b[36mconst\u001b[39m \u001b[33mReact\u001b[39m \u001b[33m=\u001b[39m require(\u001b[32m'react'\u001b[39m)\n     \u001b[90m 78 |\u001b[39m   \u001b[36mconst\u001b[39m { \u001b[33mView\u001b[39m } \u001b[33m=\u001b[39m require(\u001b[32m'react-native'\u001b[39m)\n     \u001b[90m 79 |\u001b[39m\u001b[0m\n\n      at Resolver._throwModNotFoundError (node_modules/jest-resolve/build/resolver.js:427:11)\n      at Object.mock (jest.setup.js:76:6)\n","name":"C:\\xampp\\htdocs\\antigaspi2\\mobile\\src\\screens\\admin\\__tests__\\AdminCategoriesScreen.test.tsx","startTime":1761065878425,"status":"failed","summary":""},{"assertionResults":[],"coverage":{},"endTime":1761065878425,"message":"  ● Test suite failed to run\n\n    Cannot find module 'react-native-maps' from 'jest.setup.js'\n\n    \u001b[0m \u001b[90m 74 |\u001b[39m\n     \u001b[90m 75 |\u001b[39m \u001b[90m// Mock react-native-maps to avoid native dependency during tests\u001b[39m\n    \u001b[31m\u001b[1m>\u001b[22m\u001b[39m\u001b[90m 76 |\u001b[39m jest\u001b[33m.\u001b[39mmock(\u001b[32m'react-native-maps'\u001b[39m\u001b[33m,\u001b[39m () \u001b[33m=>\u001b[39m {\n     \u001b[90m    |\u001b[39m      \u001b[31m\u001b[1m^\u001b[22m\u001b[39m\n     \u001b[90m 77 |\u001b[39m   \u001b[36mconst\u001b[39m \u001b[33mReact\u001b[39m \u001b[33m=\u001b[39m require(\u001b[32m'react'\u001b[39m)\n     \u001b[90m 78 |\u001b[39m   \u001b[36mconst\u001b[39m { \u001b[33mView\u001b[39m } \u001b[33m=\u001b[39m require(\u001b[32m'react-native'\u001b[39m)\n     \u001b[90m 79 |\u001b[39m\u001b[0m\n\n      at Resolver._throwModNotFoundError (node_modules/jest-resolve/build/resolver.js:427:11)\n      at Object.mock (jest.setup.js:76:6)\n","name":"C:\\xampp\\htdocs\\antigaspi2\\mobile\\src\\__tests__\\flows\\consumer-reservation.test.tsx","startTime":1761065878425,"status":"failed","summary":""},{"assertionResults":[],"coverage":{},"endTime":1761065878425,"message":"  ● Test suite failed to run\n\n    Cannot find module 'react-native-maps' from 'jest.setup.js'\n\n    \u001b[0m \u001b[90m 74 |\u001b[39m\n     \u001b[90m 75 |\u001b[39m \u001b[90m// Mock react-native-maps to avoid native dependency during tests\u001b[39m\n    \u001b[31m\u001b[1m>\u001b[22m\u001b[39m\u001b[90m 76 |\u001b[39m jest\u001b[33m.\u001b[39mmock(\u001b[32m'react-native-maps'\u001b[39m\u001b[33m,\u001b[39m () \u001b[33m=>\u001b[39m {\n     \u001b[90m    |\u001b[39m      \u001b[31m\u001b[1m^\u001b[22m\u001b[39m\n     \u001b[90m 77 |\u001b[39m   \u001b[36mconst\u001b[39m \u001b[33mReact\u001b[39m \u001b[33m=\u001b[39m require(\u001b[32m'react'\u001b[39m)\n     \u001b[90m 78 |\u001b[39m   \u001b[36mconst\u001b[39m { \u001b[33mView\u001b[39m } \u001b[33m=\u001b[39m require(\u001b[32m'react-native'\u001b[39m)\n     \u001b[90m 79 |\u001b[39m\u001b[0m\n\n      at Resolver._throwModNotFoundError (node_modules/jest-resolve/build/resolver.js:427:11)\n      at Object.mock (jest.setup.js:76:6)\n","name":"C:\\xampp\\htdocs\\antigaspi2\\mobile\\src\\screens\\main\\__tests__\\ProductDetailsScreen.test.tsx","startTime":1761065878425,"status":"failed","summary":""},{"assertionResults":[],"coverage":{},"endTime":1761065878425,"message":"  ● Test suite failed to run\n\n    Cannot find module 'react-native-maps' from 'jest.setup.js'\n\n    \u001b[0m \u001b[90m 74 |\u001b[39m\n     \u001b[90m 75 |\u001b[39m \u001b[90m// Mock react-native-maps to avoid native dependency during tests\u001b[39m\n    \u001b[31m\u001b[1m>\u001b[22m\u001b[39m\u001b[90m 76 |\u001b[39m jest\u001b[33m.\u001b[39mmock(\u001b[32m'react-native-maps'\u001b[39m\u001b[33m,\u001b[39m () \u001b[33m=>\u001b[39m {\n     \u001b[90m    |\u001b[39m      \u001b[31m\u001b[1m^\u001b[22m\u001b[39m\n     \u001b[90m 77 |\u001b[39m   \u001b[36mconst\u001b[39m \u001b[33mReact\u001b[39m \u001b[33m=\u001b[39m require(\u001b[32m'react'\u001b[39m)\n     \u001b[90m 78 |\u001b[39m   \u001b[36mconst\u001b[39m { \u001b[33mView\u001b[39m } \u001b[33m=\u001b[39m require(\u001b[32m'react-native'\u001b[39m)\n     \u001b[90m 79 |\u001b[39m\u001b[0m\n\n      at Resolver._throwModNotFoundError (node_modules/jest-resolve/build/resolver.js:427:11)\n      at Object.mock (jest.setup.js:76:6)\n","name":"C:\\xampp\\htdocs\\antigaspi2\\mobile\\src\\screens\\main\\__tests__\\FavoritesScreen.test.tsx","startTime":1761065878425,"status":"failed","summary":""},{"assertionResults":[],"coverage":{},"endTime":1761065878425,"message":"  ● Test suite failed to run\n\n    Cannot find module 'react-native-maps' from 'jest.setup.js'\n\n    \u001b[0m \u001b[90m 74 |\u001b[39m\n     \u001b[90m 75 |\u001b[39m \u001b[90m// Mock react-native-maps to avoid native dependency during tests\u001b[39m\n    \u001b[31m\u001b[1m>\u001b[22m\u001b[39m\u001b[90m 76 |\u001b[39m jest\u001b[33m.\u001b[39mmock(\u001b[32m'react-native-maps'\u001b[39m\u001b[33m,\u001b[39m () \u001b[33m=>\u001b[39m {\n     \u001b[90m    |\u001b[39m      \u001b[31m\u001b[1m^\u001b[22m\u001b[39m\n     \u001b[90m 77 |\u001b[39m   \u001b[36mconst\u001b[39m \u001b[33mReact\u001b[39m \u001b[33m=\u001b[39m require(\u001b[32m'react'\u001b[39m)\n     \u001b[90m 78 |\u001b[39m   \u001b[36mconst\u001b[39m { \u001b[33mView\u001b[39m } \u001b[33m=\u001b[39m require(\u001b[32m'react-native'\u001b[39m)\n     \u001b[90m 79 |\u001b[39m\u001b[0m\n\n      at Resolver._throwModNotFoundError (node_modules/jest-resolve/build/resolver.js:427:11)\n      at Object.mock (jest.setup.js:76:6)\n","name":"C:\\xampp\\htdocs\\antigaspi2\\mobile\\src\\screens\\merchant\\__tests__\\MerchantProductsScreen.test.tsx","startTime":1761065878425,"status":"failed","summary":""},{"assertionResults":[],"coverage":{},"endTime":1761065878425,"message":"  ● Test suite failed to run\n\n    Cannot find module 'react-native-maps' from 'jest.setup.js'\n\n    \u001b[0m \u001b[90m 74 |\u001b[39m\n     \u001b[90m 75 |\u001b[39m \u001b[90m// Mock react-native-maps to avoid native dependency during tests\u001b[39m\n    \u001b[31m\u001b[1m>\u001b[22m\u001b[39m\u001b[90m 76 |\u001b[39m jest\u001b[33m.\u001b[39mmock(\u001b[32m'react-native-maps'\u001b[39m\u001b[33m,\u001b[39m () \u001b[33m=>\u001b[39m {\n     \u001b[90m    |\u001b[39m      \u001b[31m\u001b[1m^\u001b[22m\u001b[39m\n     \u001b[90m 77 |\u001b[39m   \u001b[36mconst\u001b[39m \u001b[33mReact\u001b[39m \u001b[33m=\u001b[39m require(\u001b[32m'react'\u001b[39m)\n     \u001b[90m 78 |\u001b[39m   \u001b[36mconst\u001b[39m { \u001b[33mView\u001b[39m } \u001b[33m=\u001b[39m require(\u001b[32m'react-native'\u001b[39m)\n     \u001b[90m 79 |\u001b[39m\u001b[0m\n\n      at Resolver._throwModNotFoundError (node_modules/jest-resolve/build/resolver.js:427:11)\n      at Object.mock (jest.setup.js:76:6)\n","name":"C:\\xampp\\htdocs\\antigaspi2\\mobile\\src\\screens\\main\\__tests__\\AddReviewScreen.test.tsx","startTime":1761065878425,"status":"failed","summary":""},{"assertionResults":[],"coverage":{},"endTime":1761065878425,"message":"  ● Test suite failed to run\n\n    Cannot find module 'react-native-maps' from 'jest.setup.js'\n\n    \u001b[0m \u001b[90m 74 |\u001b[39m\n     \u001b[90m 75 |\u001b[39m \u001b[90m// Mock react-native-maps to avoid native dependency during tests\u001b[39m\n    \u001b[31m\u001b[1m>\u001b[22m\u001b[39m\u001b[90m 76 |\u001b[39m jest\u001b[33m.\u001b[39mmock(\u001b[32m'react-native-maps'\u001b[39m\u001b[33m,\u001b[39m () \u001b[33m=>\u001b[39m {\n     \u001b[90m    |\u001b[39m      \u001b[31m\u001b[1m^\u001b[22m\u001b[39m\n     \u001b[90m 77 |\u001b[39m   \u001b[36mconst\u001b[39m \u001b[33mReact\u001b[39m \u001b[33m=\u001b[39m require(\u001b[32m'react'\u001b[39m)\n     \u001b[90m 78 |\u001b[39m   \u001b[36mconst\u001b[39m { \u001b[33mView\u001b[39m } \u001b[33m=\u001b[39m require(\u001b[32m'react-native'\u001b[39m)\n     \u001b[90m 79 |\u001b[39m\u001b[0m\n\n      at Resolver._throwModNotFoundError (node_modules/jest-resolve/build/resolver.js:427:11)\n      at Object.mock (jest.setup.js:76:6)\n","name":"C:\\xampp\\htdocs\\antigaspi2\\mobile\\src\\screens\\main\\__tests__\\DefaultStateSmoke.test.tsx","startTime":1761065878425,"status":"failed","summary":""},{"assertionResults":[],"coverage":{},"endTime":1761065878425,"message":"  ● Test suite failed to run\n\n    Cannot find module 'react-native-maps' from 'jest.setup.js'\n\n    \u001b[0m \u001b[90m 74 |\u001b[39m\n     \u001b[90m 75 |\u001b[39m \u001b[90m// Mock react-native-maps to avoid native dependency during tests\u001b[39m\n    \u001b[31m\u001b[1m>\u001b[22m\u001b[39m\u001b[90m 76 |\u001b[39m jest\u001b[33m.\u001b[39mmock(\u001b[32m'react-native-maps'\u001b[39m\u001b[33m,\u001b[39m () \u001b[33m=>\u001b[39m {\n     \u001b[90m    |\u001b[39m      \u001b[31m\u001b[1m^\u001b[22m\u001b[39m\n     \u001b[90m 77 |\u001b[39m   \u001b[36mconst\u001b[39m \u001b[33mReact\u001b[39m \u001b[33m=\u001b[39m require(\u001b[32m'react'\u001b[39m)\n     \u001b[90m 78 |\u001b[39m   \u001b[36mconst\u001b[39m { \u001b[33mView\u001b[39m } \u001b[33m=\u001b[39m require(\u001b[32m'react-native'\u001b[39m)\n     \u001b[90m 79 |\u001b[39m\u001b[0m\n\n      at Resolver._throwModNotFoundError (node_modules/jest-resolve/build/resolver.js:427:11)\n      at Object.mock (jest.setup.js:76:6)\n","name":"C:\\xampp\\htdocs\\antigaspi2\\mobile\\src\\services\\__tests__\\api.test.ts","startTime":1761065878425,"status":"failed","summary":""},{"assertionResults":[],"coverage":{},"endTime":1761065878425,"message":"  ● Test suite failed to run\n\n    Cannot find module 'react-native-maps' from 'jest.setup.js'\n\n    \u001b[0m \u001b[90m 74 |\u001b[39m\n     \u001b[90m 75 |\u001b[39m \u001b[90m// Mock react-native-maps to avoid native dependency during tests\u001b[39m\n    \u001b[31m\u001b[1m>\u001b[22m\u001b[39m\u001b[90m 76 |\u001b[39m jest\u001b[33m.\u001b[39mmock(\u001b[32m'react-native-maps'\u001b[39m\u001b[33m,\u001b[39m () \u001b[33m=>\u001b[39m {\n     \u001b[90m    |\u001b[39m      \u001b[31m\u001b[1m^\u001b[22m\u001b[39m\n     \u001b[90m 77 |\u001b[39m   \u001b[36mconst\u001b[39m \u001b[33mReact\u001b[39m \u001b[33m=\u001b[39m require(\u001b[32m'react'\u001b[39m)\n     \u001b[90m 78 |\u001b[39m   \u001b[36mconst\u001b[39m { \u001b[33mView\u001b[39m } \u001b[33m=\u001b[39m require(\u001b[32m'react-native'\u001b[39m)\n     \u001b[90m 79 |\u001b[39m\u001b[0m\n\n      at Resolver._throwModNotFoundError (node_modules/jest-resolve/build/resolver.js:427:11)\n      at Object.mock (jest.setup.js:76:6)\n","name":"C:\\xampp\\htdocs\\antigaspi2\\mobile\\src\\store\\slices\\__tests__\\productsSlice.test.ts","startTime":1761065878425,"status":"failed","summary":""},{"assertionResults":[],"coverage":{},"endTime":1761065878425,"message":"  ● Test suite failed to run\n\n    Cannot find module 'react-native-maps' from 'jest.setup.js'\n\n    \u001b[0m \u001b[90m 74 |\u001b[39m\n     \u001b[90m 75 |\u001b[39m \u001b[90m// Mock react-native-maps to avoid native dependency during tests\u001b[39m\n    \u001b[31m\u001b[1m>\u001b[22m\u001b[39m\u001b[90m 76 |\u001b[39m jest\u001b[33m.\u001b[39mmock(\u001b[32m'react-native-maps'\u001b[39m\u001b[33m,\u001b[39m () \u001b[33m=>\u001b[39m {\n     \u001b[90m    |\u001b[39m      \u001b[31m\u001b[1m^\u001b[22m\u001b[39m\n     \u001b[90m 77 |\u001b[39m   \u001b[36mconst\u001b[39m \u001b[33mReact\u001b[39m \u001b[33m=\u001b[39m require(\u001b[32m'react'\u001b[39m)\n     \u001b[90m 78 |\u001b[39m   \u001b[36mconst\u001b[39m { \u001b[33mView\u001b[39m } \u001b[33m=\u001b[39m require(\u001b[32m'react-native'\u001b[39m)\n     \u001b[90m 79 |\u001b[39m\u001b[0m\n\n      at Resolver._throwModNotFoundError (node_modules/jest-resolve/build/resolver.js:427:11)\n      at Object.mock (jest.setup.js:76:6)\n","name":"C:\\xampp\\htdocs\\antigaspi2\\mobile\\src\\test-utils\\__tests__\\test-utils.test.tsx","startTime":1761065878425,"status":"failed","summary":""},{"assertionResults":[],"coverage":{},"endTime":1761065878425,"message":"  ● Test suite failed to run\n\n    Cannot find module 'react-native-maps' from 'jest.setup.js'\n\n    \u001b[0m \u001b[90m 74 |\u001b[39m\n     \u001b[90m 75 |\u001b[39m \u001b[90m// Mock react-native-maps to avoid native dependency during tests\u001b[39m\n    \u001b[31m\u001b[1m>\u001b[22m\u001b[39m\u001b[90m 76 |\u001b[39m jest\u001b[33m.\u001b[39mmock(\u001b[32m'react-native-maps'\u001b[39m\u001b[33m,\u001b[39m () \u001b[33m=>\u001b[39m {\n     \u001b[90m    |\u001b[39m      \u001b[31m\u001b[1m^\u001b[22m\u001b[39m\n     \u001b[90m 77 |\u001b[39m   \u001b[36mconst\u001b[39m \u001b[33mReact\u001b[39m \u001b[33m=\u001b[39m require(\u001b[32m'react'\u001b[39m)\n     \u001b[90m 78 |\u001b[39m   \u001b[36mconst\u001b[39m { \u001b[33mView\u001b[39m } \u001b[33m=\u001b[39m require(\u001b[32m'react-native'\u001b[39m)\n     \u001b[90m 79 |\u001b[39m\u001b[0m\n\n      at Resolver._throwModNotFoundError (node_modules/jest-resolve/build/resolver.js:427:11)\n      at Object.mock (jest.setup.js:76:6)\n","name":"C:\\xampp\\htdocs\\antigaspi2\\mobile\\src\\store\\slices\\authSlice.test.ts","startTime":1761065878425,"status":"failed","summary":""},{"assertionResults":[],"coverage":{},"endTime":1761065878425,"message":"  ● Test suite failed to run\n\n    Cannot find module 'react-native-maps' from 'jest.setup.js'\n\n    \u001b[0m \u001b[90m 74 |\u001b[39m\n     \u001b[90m 75 |\u001b[39m \u001b[90m// Mock react-native-maps to avoid native dependency during tests\u001b[39m\n    \u001b[31m\u001b[1m>\u001b[22m\u001b[39m\u001b[90m 76 |\u001b[39m jest\u001b[33m.\u001b[39mmock(\u001b[32m'react-native-maps'\u001b[39m\u001b[33m,\u001b[39m () \u001b[33m=>\u001b[39m {\n     \u001b[90m    |\u001b[39m      \u001b[31m\u001b[1m^\u001b[22m\u001b[39m\n     \u001b[90m 77 |\u001b[39m   \u001b[36mconst\u001b[39m \u001b[33mReact\u001b[39m \u001b[33m=\u001b[39m require(\u001b[32m'react'\u001b[39m)\n     \u001b[90m 78 |\u001b[39m   \u001b[36mconst\u001b[39m { \u001b[33mView\u001b[39m } \u001b[33m=\u001b[39m require(\u001b[32m'react-native'\u001b[39m)\n     \u001b[90m 79 |\u001b[39m\u001b[0m\n\n      at Resolver._throwModNotFoundError (node_modules/jest-resolve/build/resolver.js:427:11)\n      at Object.mock (jest.setup.js:76:6)\n","name":"C:\\xampp\\htdocs\\antigaspi2\\mobile\\src\\store\\slices\\__tests__\\reservationsSlice.test.ts","startTime":1761065878425,"status":"failed","summary":""},{"assertionResults":[],"coverage":{},"endTime":1761065878425,"message":"  ● Test suite failed to run\n\n    Cannot find module 'react-native-maps' from 'jest.setup.js'\n\n    \u001b[0m \u001b[90m 74 |\u001b[39m\n     \u001b[90m 75 |\u001b[39m \u001b[90m// Mock react-native-maps to avoid native dependency during tests\u001b[39m\n    \u001b[31m\u001b[1m>\u001b[22m\u001b[39m\u001b[90m 76 |\u001b[39m jest\u001b[33m.\u001b[39mmock(\u001b[32m'react-native-maps'\u001b[39m\u001b[33m,\u001b[39m () \u001b[33m=>\u001b[39m {\n     \u001b[90m    |\u001b[39m      \u001b[31m\u001b[1m^\u001b[22m\u001b[39m\n     \u001b[90m 77 |\u001b[39m   \u001b[36mconst\u001b[39m \u001b[33mReact\u001b[39m \u001b[33m=\u001b[39m require(\u001b[32m'react'\u001b[39m)\n     \u001b[90m 78 |\u001b[39m   \u001b[36mconst\u001b[39m { \u001b[33mView\u001b[39m } \u001b[33m=\u001b[39m require(\u001b[32m'react-native'\u001b[39m)\n     \u001b[90m 79 |\u001b[39m\u001b[0m\n\n      at Resolver._throwModNotFoundError (node_modules/jest-resolve/build/resolver.js:427:11)\n      at Object.mock (jest.setup.js:76:6)\n","name":"C:\\xampp\\htdocs\\antigaspi2\\mobile\\src\\navigation\\__tests__\\MainNavigator.test.tsx","startTime":1761065878425,"status":"failed","summary":""},{"assertionResults":[],"coverage":{},"endTime":1761065878425,"message":"  ● Test suite failed to run\n\n    Cannot find module 'react-native-maps' from 'jest.setup.js'\n\n    \u001b[0m \u001b[90m 74 |\u001b[39m\n     \u001b[90m 75 |\u001b[39m \u001b[90m// Mock react-native-maps to avoid native dependency during tests\u001b[39m\n    \u001b[31m\u001b[1m>\u001b[22m\u001b[39m\u001b[90m 76 |\u001b[39m jest\u001b[33m.\u001b[39mmock(\u001b[32m'react-native-maps'\u001b[39m\u001b[33m,\u001b[39m () \u001b[33m=>\u001b[39m {\n     \u001b[90m    |\u001b[39m      \u001b[31m\u001b[1m^\u001b[22m\u001b[39m\n     \u001b[90m 77 |\u001b[39m   \u001b[36mconst\u001b[39m \u001b[33mReact\u001b[39m \u001b[33m=\u001b[39m require(\u001b[32m'react'\u001b[39m)\n     \u001b[90m 78 |\u001b[39m   \u001b[36mconst\u001b[39m { \u001b[33mView\u001b[39m } \u001b[33m=\u001b[39m require(\u001b[32m'react-native'\u001b[39m)\n     \u001b[90m 79 |\u001b[39m\u001b[0m\n\n      at Resolver._throwModNotFoundError (node_modules/jest-resolve/build/resolver.js:427:11)\n      at Object.mock (jest.setup.js:76:6)\n","name":"C:\\xampp\\htdocs\\antigaspi2\\mobile\\src\\store\\slices\\__tests__\\surpriseBasketsSlice.test.ts","startTime":1761065878425,"status":"failed","summary":""},{"assertionResults":[],"coverage":{},"endTime":1761065878425,"message":"  ● Test suite failed to run\n\n    Cannot find module 'react-native-maps' from 'jest.setup.js'\n\n    \u001b[0m \u001b[90m 74 |\u001b[39m\n     \u001b[90m 75 |\u001b[39m \u001b[90m// Mock react-native-maps to avoid native dependency during tests\u001b[39m\n    \u001b[31m\u001b[1m>\u001b[22m\u001b[39m\u001b[90m 76 |\u001b[39m jest\u001b[33m.\u001b[39mmock(\u001b[32m'react-native-maps'\u001b[39m\u001b[33m,\u001b[39m () \u001b[33m=>\u001b[39m {\n     \u001b[90m    |\u001b[39m      \u001b[31m\u001b[1m^\u001b[22m\u001b[39m\n     \u001b[90m 77 |\u001b[39m   \u001b[36mconst\u001b[39m \u001b[33mReact\u001b[39m \u001b[33m=\u001b[39m require(\u001b[32m'react'\u001b[39m)\n     \u001b[90m 78 |\u001b[39m   \u001b[36mconst\u001b[39m { \u001b[33mView\u001b[39m } \u001b[33m=\u001b[39m require(\u001b[32m'react-native'\u001b[39m)\n     \u001b[90m 79 |\u001b[39m\u001b[0m\n\n      at Resolver._throwModNotFoundError (node_modules/jest-resolve/build/resolver.js:427:11)\n      at Object.mock (jest.setup.js:76:6)\n","name":"C:\\xampp\\htdocs\\antigaspi2\\mobile\\src\\screens\\main\\__tests__\\ProfileEditScreen.test.tsx","startTime":1761065878425,"status":"failed","summary":""},{"assertionResults":[],"coverage":{},"endTime":1761065878425,"message":"  ● Test suite failed to run\n\n    Cannot find module 'react-native-maps' from 'jest.setup.js'\n\n    \u001b[0m \u001b[90m 74 |\u001b[39m\n     \u001b[90m 75 |\u001b[39m \u001b[90m// Mock react-native-maps to avoid native dependency during tests\u001b[39m\n    \u001b[31m\u001b[1m>\u001b[22m\u001b[39m\u001b[90m 76 |\u001b[39m jest\u001b[33m.\u001b[39mmock(\u001b[32m'react-native-maps'\u001b[39m\u001b[33m,\u001b[39m () \u001b[33m=>\u001b[39m {\n     \u001b[90m    |\u001b[39m      \u001b[31m\u001b[1m^\u001b[22m\u001b[39m\n     \u001b[90m 77 |\u001b[39m   \u001b[36mconst\u001b[39m \u001b[33mReact\u001b[39m \u001b[33m=\u001b[39m require(\u001b[32m'react'\u001b[39m)\n     \u001b[90m 78 |\u001b[39m   \u001b[36mconst\u001b[39m { \u001b[33mView\u001b[39m } \u001b[33m=\u001b[39m require(\u001b[32m'react-native'\u001b[39m)\n     \u001b[90m 79 |\u001b[39m\u001b[0m\n\n      at Resolver._throwModNotFoundError (node_modules/jest-resolve/build/resolver.js:427:11)\n      at Object.mock (jest.setup.js:76:6)\n","name":"C:\\xampp\\htdocs\\antigaspi2\\mobile\\src\\store\\slices\\__tests__\\cartSlice.test.ts","startTime":1761065878425,"status":"failed","summary":""},{"assertionResults":[],"coverage":{},"endTime":1761065878425,"message":"  ● Test suite failed to run\n\n    Cannot find module 'react-native-maps' from 'jest.setup.js'\n\n    \u001b[0m \u001b[90m 74 |\u001b[39m\n     \u001b[90m 75 |\u001b[39m \u001b[90m// Mock react-native-maps to avoid native dependency during tests\u001b[39m\n    \u001b[31m\u001b[1m>\u001b[22m\u001b[39m\u001b[90m 76 |\u001b[39m jest\u001b[33m.\u001b[39mmock(\u001b[32m'react-native-maps'\u001b[39m\u001b[33m,\u001b[39m () \u001b[33m=>\u001b[39m {\n     \u001b[90m    |\u001b[39m      \u001b[31m\u001b[1m^\u001b[22m\u001b[39m\n     \u001b[90m 77 |\u001b[39m   \u001b[36mconst\u001b[39m \u001b[33mReact\u001b[39m \u001b[33m=\u001b[39m require(\u001b[32m'react'\u001b[39m)\n     \u001b[90m 78 |\u001b[39m   \u001b[36mconst\u001b[39m { \u001b[33mView\u001b[39m } \u001b[33m=\u001b[39m require(\u001b[32m'react-native'\u001b[39m)\n     \u001b[90m 79 |\u001b[39m\u001b[0m\n\n      at Resolver._throwModNotFoundError (node_modules/jest-resolve/build/resolver.js:427:11)\n      at Object.mock (jest.setup.js:76:6)\n","name":"C:\\xampp\\htdocs\\antigaspi2\\mobile\\src\\services\\__tests__\\paymentService.test.ts","startTime":1761065878425,"status":"failed","summary":""},{"assertionResults":[],"coverage":{},"endTime":1761065878425,"message":"  ● Test suite failed to run\n\n    Cannot find module 'react-native-maps' from 'jest.setup.js'\n\n    \u001b[0m \u001b[90m 74 |\u001b[39m\n     \u001b[90m 75 |\u001b[39m \u001b[90m// Mock react-native-maps to avoid native dependency during tests\u001b[39m\n    \u001b[31m\u001b[1m>\u001b[22m\u001b[39m\u001b[90m 76 |\u001b[39m jest\u001b[33m.\u001b[39mmock(\u001b[32m'react-native-maps'\u001b[39m\u001b[33m,\u001b[39m () \u001b[33m=>\u001b[39m {\n     \u001b[90m    |\u001b[39m      \u001b[31m\u001b[1m^\u001b[22m\u001b[39m\n     \u001b[90m 77 |\u001b[39m   \u001b[36mconst\u001b[39m \u001b[33mReact\u001b[39m \u001b[33m=\u001b[39m require(\u001b[32m'react'\u001b[39m)\n     \u001b[90m 78 |\u001b[39m   \u001b[36mconst\u001b[39m { \u001b[33mView\u001b[39m } \u001b[33m=\u001b[39m require(\u001b[32m'react-native'\u001b[39m)\n     \u001b[90m 79 |\u001b[39m\u001b[0m\n\n      at Resolver._throwModNotFoundError (node_modules/jest-resolve/build/resolver.js:427:11)\n      at Object.mock (jest.setup.js:76:6)\n","name":"C:\\xampp\\htdocs\\antigaspi2\\mobile\\src\\screens\\merchant\\__tests__\\MerchantDashboardScreen.test.tsx","startTime":1761065878425,"status":"failed","summary":""},{"assertionResults":[],"coverage":{},"endTime":1761065878425,"message":"  ● Test suite failed to run\n\n    Cannot find module 'react-native-maps' from 'jest.setup.js'\n\n    \u001b[0m \u001b[90m 74 |\u001b[39m\n     \u001b[90m 75 |\u001b[39m \u001b[90m// Mock react-native-maps to avoid native dependency during tests\u001b[39m\n    \u001b[31m\u001b[1m>\u001b[22m\u001b[39m\u001b[90m 76 |\u001b[39m jest\u001b[33m.\u001b[39mmock(\u001b[32m'react-native-maps'\u001b[39m\u001b[33m,\u001b[39m () \u001b[33m=>\u001b[39m {\n     \u001b[90m    |\u001b[39m      \u001b[31m\u001b[1m^\u001b[22m\u001b[39m\n     \u001b[90m 77 |\u001b[39m   \u001b[36mconst\u001b[39m \u001b[33mReact\u001b[39m \u001b[33m=\u001b[39m require(\u001b[32m'react'\u001b[39m)\n     \u001b[90m 78 |\u001b[39m   \u001b[36mconst\u001b[39m { \u001b[33mView\u001b[39m } \u001b[33m=\u001b[39m require(\u001b[32m'react-native'\u001b[39m)\n     \u001b[90m 79 |\u001b[39m\u001b[0m\n\n      at Resolver._throwModNotFoundError (node_modules/jest-resolve/build/resolver.js:427:11)\n      at Object.mock (jest.setup.js:76:6)\n","name":"C:\\xampp\\htdocs\\antigaspi2\\mobile\\src\\hooks\\__tests__\\usePushNotifications.test.tsx","startTime":1761065878425,"status":"failed","summary":""},{"assertionResults":[],"coverage":{},"endTime":1761065878425,"message":"  ● Test suite failed to run\n\n    Cannot find module 'react-native-maps' from 'jest.setup.js'\n\n    \u001b[0m \u001b[90m 74 |\u001b[39m\n     \u001b[90m 75 |\u001b[39m \u001b[90m// Mock react-native-maps to avoid native dependency during tests\u001b[39m\n    \u001b[31m\u001b[1m>\u001b[22m\u001b[39m\u001b[90m 76 |\u001b[39m jest\u001b[33m.\u001b[39mmock(\u001b[32m'react-native-maps'\u001b[39m\u001b[33m,\u001b[39m () \u001b[33m=>\u001b[39m {\n     \u001b[90m    |\u001b[39m      \u001b[31m\u001b[1m^\u001b[22m\u001b[39m\n     \u001b[90m 77 |\u001b[39m   \u001b[36mconst\u001b[39m \u001b[33mReact\u001b[39m \u001b[33m=\u001b[39m require(\u001b[32m'react'\u001b[39m)\n     \u001b[90m 78 |\u001b[39m   \u001b[36mconst\u001b[39m { \u001b[33mView\u001b[39m } \u001b[33m=\u001b[39m require(\u001b[32m'react-native'\u001b[39m)\n     \u001b[90m 79 |\u001b[39m\u001b[0m\n\n      at Resolver._throwModNotFoundError (node_modules/jest-resolve/build/resolver.js:427:11)\n      at Object.mock (jest.setup.js:76:6)\n","name":"C:\\xampp\\htdocs\\antigaspi2\\mobile\\src\\__tests__\\flows\\merchant-product-creation.test.tsx","startTime":1761065878425,"status":"failed","summary":""},{"assertionResults":[],"coverage":{},"endTime":1761065878425,"message":"  ● Test suite failed to run\n\n    Cannot find module 'react-native-maps' from 'jest.setup.js'\n\n    \u001b[0m \u001b[90m 74 |\u001b[39m\n     \u001b[90m 75 |\u001b[39m \u001b[90m// Mock react-native-maps to avoid native dependency during tests\u001b[39m\n    \u001b[31m\u001b[1m>\u001b[22m\u001b[39m\u001b[90m 76 |\u001b[39m jest\u001b[33m.\u001b[39mmock(\u001b[32m'react-native-maps'\u001b[39m\u001b[33m,\u001b[39m () \u001b[33m=>\u001b[39m {\n     \u001b[90m    |\u001b[39m      \u001b[31m\u001b[1m^\u001b[22m\u001b[39m\n     \u001b[90m 77 |\u001b[39m   \u001b[36mconst\u001b[39m \u001b[33mReact\u001b[39m \u001b[33m=\u001b[39m require(\u001b[32m'react'\u001b[39m)\n     \u001b[90m 78 |\u001b[39m   \u001b[36mconst\u001b[39m { \u001b[33mView\u001b[39m } \u001b[33m=\u001b[39m require(\u001b[32m'react-native'\u001b[39m)\n     \u001b[90m 79 |\u001b[39m\u001b[0m\n\n      at Resolver._throwModNotFoundError (node_modules/jest-resolve/build/resolver.js:427:11)\n      at Object.mock (jest.setup.js:76:6)\n","name":"C:\\xampp\\htdocs\\antigaspi2\\mobile\\src\\screens\\main\\__tests__\\ProfileScreen.test.tsx","startTime":1761065878425,"status":"failed","summary":""},{"assertionResults":[],"coverage":{},"endTime":1761065878425,"message":"  ● Test suite failed to run\n\n    Cannot find module 'react-native-maps' from 'jest.setup.js'\n\n    \u001b[0m \u001b[90m 74 |\u001b[39m\n     \u001b[90m 75 |\u001b[39m \u001b[90m// Mock react-native-maps to avoid native dependency during tests\u001b[39m\n    \u001b[31m\u001b[1m>\u001b[22m\u001b[39m\u001b[90m 76 |\u001b[39m jest\u001b[33m.\u001b[39mmock(\u001b[32m'react-native-maps'\u001b[39m\u001b[33m,\u001b[39m () \u001b[33m=>\u001b[39m {\n     \u001b[90m    |\u001b[39m      \u001b[31m\u001b[1m^\u001b[22m\u001b[39m\n     \u001b[90m 77 |\u001b[39m   \u001b[36mconst\u001b[39m \u001b[33mReact\u001b[39m \u001b[33m=\u001b[39m require(\u001b[32m'react'\u001b[39m)\n     \u001b[90m 78 |\u001b[39m   \u001b[36mconst\u001b[39m { \u001b[33mView\u001b[39m } \u001b[33m=\u001b[39m require(\u001b[32m'react-native'\u001b[39m)\n     \u001b[90m 79 |\u001b[39m\u001b[0m\n\n      at Resolver._throwModNotFoundError (node_modules/jest-resolve/build/resolver.js:427:11)\n      at Object.mock (jest.setup.js:76:6)\n","name":"C:\\xampp\\htdocs\\antigaspi2\\mobile\\src\\screens\\merchant\\__tests__\\MerchantReservationsScreen.test.tsx","startTime":1761065878425,"status":"failed","summary":""},{"assertionResults":[],"coverage":{},"endTime":1761065878425,"message":"  ● Test suite failed to run\n\n    Cannot find module 'react-native-maps' from 'jest.setup.js'\n\n    \u001b[0m \u001b[90m 74 |\u001b[39m\n     \u001b[90m 75 |\u001b[39m \u001b[90m// Mock react-native-maps to avoid native dependency during tests\u001b[39m\n    \u001b[31m\u001b[1m>\u001b[22m\u001b[39m\u001b[90m 76 |\u001b[39m jest\u001b[33m.\u001b[39mmock(\u001b[32m'react-native-maps'\u001b[39m\u001b[33m,\u001b[39m () \u001b[33m=>\u001b[39m {\n     \u001b[90m    |\u001b[39m      \u001b[31m\u001b[1m^\u001b[22m\u001b[39m\n     \u001b[90m 77 |\u001b[39m   \u001b[36mconst\u001b[39m \u001b[33mReact\u001b[39m \u001b[33m=\u001b[39m require(\u001b[32m'react'\u001b[39m)\n     \u001b[90m 78 |\u001b[39m   \u001b[36mconst\u001b[39m { \u001b[33mView\u001b[39m } \u001b[33m=\u001b[39m require(\u001b[32m'react-native'\u001b[39m)\n     \u001b[90m 79 |\u001b[39m\u001b[0m\n\n      at Resolver._throwModNotFoundError (node_modules/jest-resolve/build/resolver.js:427:11)\n      at Object.mock (jest.setup.js:76:6)\n","name":"C:\\xampp\\htdocs\\antigaspi2\\mobile\\src\\components\\2025\\Modal.test.tsx","startTime":1761065878425,"status":"failed","summary":""},{"assertionResults":[],"coverage":{},"endTime":1761065878425,"message":"  ● Test suite failed to run\n\n    Cannot find module 'react-native-maps' from 'jest.setup.js'\n\n    \u001b[0m \u001b[90m 74 |\u001b[39m\n     \u001b[90m 75 |\u001b[39m \u001b[90m// Mock react-native-maps to avoid native dependency during tests\u001b[39m\n    \u001b[31m\u001b[1m>\u001b[22m\u001b[39m\u001b[90m 76 |\u001b[39m jest\u001b[33m.\u001b[39mmock(\u001b[32m'react-native-maps'\u001b[39m\u001b[33m,\u001b[39m () \u001b[33m=>\u001b[39m {\n     \u001b[90m    |\u001b[39m      \u001b[31m\u001b[1m^\u001b[22m\u001b[39m\n     \u001b[90m 77 |\u001b[39m   \u001b[36mconst\u001b[39m \u001b[33mReact\u001b[39m \u001b[33m=\u001b[39m require(\u001b[32m'react'\u001b[39m)\n     \u001b[90m 78 |\u001b[39m   \u001b[36mconst\u001b[39m { \u001b[33mView\u001b[39m } \u001b[33m=\u001b[39m require(\u001b[32m'react-native'\u001b[39m)\n     \u001b[90m 79 |\u001b[39m\u001b[0m\n\n      at Resolver._throwModNotFoundError (node_modules/jest-resolve/build/resolver.js:427:11)\n      at Object.mock (jest.setup.js:76:6)\n","name":"C:\\xampp\\htdocs\\antigaspi2\\mobile\\src\\screens\\main\\ProfileScreen.int.test.tsx","startTime":1761065878425,"status":"failed","summary":""},{"assertionResults":[],"coverage":{},"endTime":1761065878425,"message":"  ● Test suite failed to run\n\n    Cannot find module 'react-native-maps' from 'jest.setup.js'\n\n    \u001b[0m \u001b[90m 74 |\u001b[39m\n     \u001b[90m 75 |\u001b[39m \u001b[90m// Mock react-native-maps to avoid native dependency during tests\u001b[39m\n    \u001b[31m\u001b[1m>\u001b[22m\u001b[39m\u001b[90m 76 |\u001b[39m jest\u001b[33m.\u001b[39mmock(\u001b[32m'react-native-maps'\u001b[39m\u001b[33m,\u001b[39m () \u001b[33m=>\u001b[39m {\n     \u001b[90m    |\u001b[39m      \u001b[31m\u001b[1m^\u001b[22m\u001b[39m\n     \u001b[90m 77 |\u001b[39m   \u001b[36mconst\u001b[39m \u001b[33mReact\u001b[39m \u001b[33m=\u001b[39m require(\u001b[32m'react'\u001b[39m)\n     \u001b[90m 78 |\u001b[39m   \u001b[36mconst\u001b[39m { \u001b[33mView\u001b[39m } \u001b[33m=\u001b[39m require(\u001b[32m'react-native'\u001b[39m)\n     \u001b[90m 79 |\u001b[39m\u001b[0m\n\n      at Resolver._throwModNotFoundError (node_modules/jest-resolve/build/resolver.js:427:11)\n      at Object.mock (jest.setup.js:76:6)\n","name":"C:\\xampp\\htdocs\\antigaspi2\\mobile\\src\\screens\\__tests__\\AuthFlow.test.tsx","startTime":1761065878425,"status":"failed","summary":""},{"assertionResults":[],"coverage":{},"endTime":1761065878425,"message":"  ● Test suite failed to run\n\n    Cannot find module 'react-native-maps' from 'jest.setup.js'\n\n    \u001b[0m \u001b[90m 74 |\u001b[39m\n     \u001b[90m 75 |\u001b[39m \u001b[90m// Mock react-native-maps to avoid native dependency during tests\u001b[39m\n    \u001b[31m\u001b[1m>\u001b[22m\u001b[39m\u001b[90m 76 |\u001b[39m jest\u001b[33m.\u001b[39mmock(\u001b[32m'react-native-maps'\u001b[39m\u001b[33m,\u001b[39m () \u001b[33m=>\u001b[39m {\n     \u001b[90m    |\u001b[39m      \u001b[31m\u001b[1m^\u001b[22m\u001b[39m\n     \u001b[90m 77 |\u001b[39m   \u001b[36mconst\u001b[39m \u001b[33mReact\u001b[39m \u001b[33m=\u001b[39m require(\u001b[32m'react'\u001b[39m)\n     \u001b[90m 78 |\u001b[39m   \u001b[36mconst\u001b[39m { \u001b[33mView\u001b[39m } \u001b[33m=\u001b[39m require(\u001b[32m'react-native'\u001b[39m)\n     \u001b[90m 79 |\u001b[39m\u001b[0m\n\n      at Resolver._throwModNotFoundError (node_modules/jest-resolve/build/resolver.js:427:11)\n      at Object.mock (jest.setup.js:76:6)\n","name":"C:\\xampp\\htdocs\\antigaspi2\\mobile\\src\\components\\2025\\Typography.test.tsx","startTime":1761065878425,"status":"failed","summary":""},{"assertionResults":[],"coverage":{},"endTime":1761065878425,"message":"  ● Test suite failed to run\n\n    Cannot find module 'react-native-maps' from 'jest.setup.js'\n\n    \u001b[0m \u001b[90m 74 |\u001b[39m\n     \u001b[90m 75 |\u001b[39m \u001b[90m// Mock react-native-maps to avoid native dependency during tests\u001b[39m\n    \u001b[31m\u001b[1m>\u001b[22m\u001b[39m\u001b[90m 76 |\u001b[39m jest\u001b[33m.\u001b[39mmock(\u001b[32m'react-native-maps'\u001b[39m\u001b[33m,\u001b[39m () \u001b[33m=>\u001b[39m {\n     \u001b[90m    |\u001b[39m      \u001b[31m\u001b[1m^\u001b[22m\u001b[39m\n     \u001b[90m 77 |\u001b[39m   \u001b[36mconst\u001b[39m \u001b[33mReact\u001b[39m \u001b[33m=\u001b[39m require(\u001b[32m'react'\u001b[39m)\n     \u001b[90m 78 |\u001b[39m   \u001b[36mconst\u001b[39m { \u001b[33mView\u001b[39m } \u001b[33m=\u001b[39m require(\u001b[32m'react-native'\u001b[39m)\n     \u001b[90m 79 |\u001b[39m\u001b[0m\n\n      at Resolver._throwModNotFoundError (node_modules/jest-resolve/build/resolver.js:427:11)\n      at Object.mock (jest.setup.js:76:6)\n","name":"C:\\xampp\\htdocs\\antigaspi2\\mobile\\src\\screens\\__tests__\\ReservationFlow.test.tsx","startTime":1761065878425,"status":"failed","summary":""},{"assertionResults":[],"coverage":{},"endTime":1761065878425,"message":"  ● Test suite failed to run\n\n    Cannot find module 'react-native-maps' from 'jest.setup.js'\n\n    \u001b[0m \u001b[90m 74 |\u001b[39m\n     \u001b[90m 75 |\u001b[39m \u001b[90m// Mock react-native-maps to avoid native dependency during tests\u001b[39m\n    \u001b[31m\u001b[1m>\u001b[22m\u001b[39m\u001b[90m 76 |\u001b[39m jest\u001b[33m.\u001b[39mmock(\u001b[32m'react-native-maps'\u001b[39m\u001b[33m,\u001b[39m () \u001b[33m=>\u001b[39m {\n     \u001b[90m    |\u001b[39m      \u001b[31m\u001b[1m^\u001b[22m\u001b[39m\n     \u001b[90m 77 |\u001b[39m   \u001b[36mconst\u001b[39m \u001b[33mReact\u001b[39m \u001b[33m=\u001b[39m require(\u001b[32m'react'\u001b[39m)\n     \u001b[90m 78 |\u001b[39m   \u001b[36mconst\u001b[39m { \u001b[33mView\u001b[39m } \u001b[33m=\u001b[39m require(\u001b[32m'react-native'\u001b[39m)\n     \u001b[90m 79 |\u001b[39m\u001b[0m\n\n      at Resolver._throwModNotFoundError (node_modules/jest-resolve/build/resolver.js:427:11)\n      at Object.mock (jest.setup.js:76:6)\n","name":"C:\\xampp\\htdocs\\antigaspi2\\mobile\\src\\components\\2025\\Card.test.tsx","startTime":1761065878425,"status":"failed","summary":""},{"assertionResults":[],"coverage":{},"endTime":1761065878425,"message":"  ● Test suite failed to run\n\n    Cannot find module 'react-native-maps' from 'jest.setup.js'\n\n    \u001b[0m \u001b[90m 74 |\u001b[39m\n     \u001b[90m 75 |\u001b[39m \u001b[90m// Mock react-native-maps to avoid native dependency during tests\u001b[39m\n    \u001b[31m\u001b[1m>\u001b[22m\u001b[39m\u001b[90m 76 |\u001b[39m jest\u001b[33m.\u001b[39mmock(\u001b[32m'react-native-maps'\u001b[39m\u001b[33m,\u001b[39m () \u001b[33m=>\u001b[39m {\n     \u001b[90m    |\u001b[39m      \u001b[31m\u001b[1m^\u001b[22m\u001b[39m\n     \u001b[90m 77 |\u001b[39m   \u001b[36mconst\u001b[39m \u001b[33mReact\u001b[39m \u001b[33m=\u001b[39m require(\u001b[32m'react'\u001b[39m)\n     \u001b[90m 78 |\u001b[39m   \u001b[36mconst\u001b[39m { \u001b[33mView\u001b[39m } \u001b[33m=\u001b[39m require(\u001b[32m'react-native'\u001b[39m)\n     \u001b[90m 79 |\u001b[39m\u001b[0m\n\n      at Resolver._throwModNotFoundError (node_modules/jest-resolve/build/resolver.js:427:11)\n      at Object.mock (jest.setup.js:76:6)\n","name":"C:\\xampp\\htdocs\\antigaspi2\\mobile\\src\\screens\\__tests__\\NavigationFlow.test.tsx","startTime":1761065878425,"status":"failed","summary":""},{"assertionResults":[],"coverage":{},"endTime":1761065878425,"message":"  ● Test suite failed to run\n\n    Cannot find module 'react-native-maps' from 'jest.setup.js'\n\n    \u001b[0m \u001b[90m 74 |\u001b[39m\n     \u001b[90m 75 |\u001b[39m \u001b[90m// Mock react-native-maps to avoid native dependency during tests\u001b[39m\n    \u001b[31m\u001b[1m>\u001b[22m\u001b[39m\u001b[90m 76 |\u001b[39m jest\u001b[33m.\u001b[39mmock(\u001b[32m'react-native-maps'\u001b[39m\u001b[33m,\u001b[39m () \u001b[33m=>\u001b[39m {\n     \u001b[90m    |\u001b[39m      \u001b[31m\u001b[1m^\u001b[22m\u001b[39m\n     \u001b[90m 77 |\u001b[39m   \u001b[36mconst\u001b[39m \u001b[33mReact\u001b[39m \u001b[33m=\u001b[39m require(\u001b[32m'react'\u001b[39m)\n     \u001b[90m 78 |\u001b[39m   \u001b[36mconst\u001b[39m { \u001b[33mView\u001b[39m } \u001b[33m=\u001b[39m require(\u001b[32m'react-native'\u001b[39m)\n     \u001b[90m 79 |\u001b[39m\u001b[0m\n\n      at Resolver._throwModNotFoundError (node_modules/jest-resolve/build/resolver.js:427:11)\n      at Object.mock (jest.setup.js:76:6)\n","name":"C:\\xampp\\htdocs\\antigaspi2\\mobile\\src\\components\\2025\\Badge.test.tsx","startTime":1761065878425,"status":"failed","summary":""},{"assertionResults":[],"coverage":{},"endTime":1761065878425,"message":"  ● Test suite failed to run\n\n    Cannot find module 'react-native-maps' from 'jest.setup.js'\n\n    \u001b[0m \u001b[90m 74 |\u001b[39m\n     \u001b[90m 75 |\u001b[39m \u001b[90m// Mock react-native-maps to avoid native dependency during tests\u001b[39m\n    \u001b[31m\u001b[1m>\u001b[22m\u001b[39m\u001b[90m 76 |\u001b[39m jest\u001b[33m.\u001b[39mmock(\u001b[32m'react-native-maps'\u001b[39m\u001b[33m,\u001b[39m () \u001b[33m=>\u001b[39m {\n     \u001b[90m    |\u001b[39m      \u001b[31m\u001b[1m^\u001b[22m\u001b[39m\n     \u001b[90m 77 |\u001b[39m   \u001b[36mconst\u001b[39m \u001b[33mReact\u001b[39m \u001b[33m=\u001b[39m require(\u001b[32m'react'\u001b[39m)\n     \u001b[90m 78 |\u001b[39m   \u001b[36mconst\u001b[39m { \u001b[33mView\u001b[39m } \u001b[33m=\u001b[39m require(\u001b[32m'react-native'\u001b[39m)\n     \u001b[90m 79 |\u001b[39m\u001b[0m\n\n      at Resolver._throwModNotFoundError (node_modules/jest-resolve/build/resolver.js:427:11)\n      at Object.mock (jest.setup.js:76:6)\n","name":"C:\\xampp\\htdocs\\antigaspi2\\mobile\\src\\components\\2025\\__tests__\\Typography.test.tsx","startTime":1761065878425,"status":"failed","summary":""},{"assertionResults":[],"coverage":{},"endTime":1761065878425,"message":"  ● Test suite failed to run\n\n    Cannot find module 'react-native-maps' from 'jest.setup.js'\n\n    \u001b[0m \u001b[90m 74 |\u001b[39m\n     \u001b[90m 75 |\u001b[39m \u001b[90m// Mock react-native-maps to avoid native dependency during tests\u001b[39m\n    \u001b[31m\u001b[1m>\u001b[22m\u001b[39m\u001b[90m 76 |\u001b[39m jest\u001b[33m.\u001b[39mmock(\u001b[32m'react-native-maps'\u001b[39m\u001b[33m,\u001b[39m () \u001b[33m=>\u001b[39m {\n     \u001b[90m    |\u001b[39m      \u001b[31m\u001b[1m^\u001b[22m\u001b[39m\n     \u001b[90m 77 |\u001b[39m   \u001b[36mconst\u001b[39m \u001b[33mReact\u001b[39m \u001b[33m=\u001b[39m require(\u001b[32m'react'\u001b[39m)\n     \u001b[90m 78 |\u001b[39m   \u001b[36mconst\u001b[39m { \u001b[33mView\u001b[39m } \u001b[33m=\u001b[39m require(\u001b[32m'react-native'\u001b[39m)\n     \u001b[90m 79 |\u001b[39m\u001b[0m\n\n      at Resolver._throwModNotFoundError (node_modules/jest-resolve/build/resolver.js:427:11)\n      at Object.mock (jest.setup.js:76:6)\n","name":"C:\\xampp\\htdocs\\antigaspi2\\mobile\\src\\components\\2025\\Button.test.tsx","startTime":1761065878425,"status":"failed","summary":""},{"assertionResults":[],"coverage":{},"endTime":1761065878425,"message":"  ● Test suite failed to run\n\n    Cannot find module 'react-native-maps' from 'jest.setup.js'\n\n    \u001b[0m \u001b[90m 74 |\u001b[39m\n     \u001b[90m 75 |\u001b[39m \u001b[90m// Mock react-native-maps to avoid native dependency during tests\u001b[39m\n    \u001b[31m\u001b[1m>\u001b[22m\u001b[39m\u001b[90m 76 |\u001b[39m jest\u001b[33m.\u001b[39mmock(\u001b[32m'react-native-maps'\u001b[39m\u001b[33m,\u001b[39m () \u001b[33m=>\u001b[39m {\n     \u001b[90m    |\u001b[39m      \u001b[31m\u001b[1m^\u001b[22m\u001b[39m\n     \u001b[90m 77 |\u001b[39m   \u001b[36mconst\u001b[39m \u001b[33mReact\u001b[39m \u001b[33m=\u001b[39m require(\u001b[32m'react'\u001b[39m)\n     \u001b[90m 78 |\u001b[39m   \u001b[36mconst\u001b[39m { \u001b[33mView\u001b[39m } \u001b[33m=\u001b[39m require(\u001b[32m'react-native'\u001b[39m)\n     \u001b[90m 79 |\u001b[39m\u001b[0m\n\n      at Resolver._throwModNotFoundError (node_modules/jest-resolve/build/resolver.js:427:11)\n      at Object.mock (jest.setup.js:76:6)\n","name":"C:\\xampp\\htdocs\\antigaspi2\\mobile\\src\\theme\\useTheme.test.tsx","startTime":1761065878425,"status":"failed","summary":""},{"assertionResults":[],"coverage":{},"endTime":1761065878425,"message":"  ● Test suite failed to run\n\n    Cannot find module 'react-native-maps' from 'jest.setup.js'\n\n    \u001b[0m \u001b[90m 74 |\u001b[39m\n     \u001b[90m 75 |\u001b[39m \u001b[90m// Mock react-native-maps to avoid native dependency during tests\u001b[39m\n    \u001b[31m\u001b[1m>\u001b[22m\u001b[39m\u001b[90m 76 |\u001b[39m jest\u001b[33m.\u001b[39mmock(\u001b[32m'react-native-maps'\u001b[39m\u001b[33m,\u001b[39m () \u001b[33m=>\u001b[39m {\n     \u001b[90m    |\u001b[39m      \u001b[31m\u001b[1m^\u001b[22m\u001b[39m\n     \u001b[90m 77 |\u001b[39m   \u001b[36mconst\u001b[39m \u001b[33mReact\u001b[39m \u001b[33m=\u001b[39m require(\u001b[32m'react'\u001b[39m)\n     \u001b[90m 78 |\u001b[39m   \u001b[36mconst\u001b[39m { \u001b[33mView\u001b[39m } \u001b[33m=\u001b[39m require(\u001b[32m'react-native'\u001b[39m)\n     \u001b[90m 79 |\u001b[39m\u001b[0m\n\n      at Resolver._throwModNotFoundError (node_modules/jest-resolve/build/resolver.js:427:11)\n      at Object.mock (jest.setup.js:76:6)\n","name":"C:\\xampp\\htdocs\\antigaspi2\\mobile\\src\\store\\slices\\__tests__\\authSlice.test.ts","startTime":1761065878425,"status":"failed","summary":""},{"assertionResults":[],"coverage":{},"endTime":1761065878425,"message":"  ● Test suite failed to run\n\n    Cannot find module 'react-native-maps' from 'jest.setup.js'\n\n    \u001b[0m \u001b[90m 74 |\u001b[39m\n     \u001b[90m 75 |\u001b[39m \u001b[90m// Mock react-native-maps to avoid native dependency during tests\u001b[39m\n    \u001b[31m\u001b[1m>\u001b[22m\u001b[39m\u001b[90m 76 |\u001b[39m jest\u001b[33m.\u001b[39mmock(\u001b[32m'react-native-maps'\u001b[39m\u001b[33m,\u001b[39m () \u001b[33m=>\u001b[39m {\n     \u001b[90m    |\u001b[39m      \u001b[31m\u001b[1m^\u001b[22m\u001b[39m\n     \u001b[90m 77 |\u001b[39m   \u001b[36mconst\u001b[39m \u001b[33mReact\u001b[39m \u001b[33m=\u001b[39m require(\u001b[32m'react'\u001b[39m)\n     \u001b[90m 78 |\u001b[39m   \u001b[36mconst\u001b[39m { \u001b[33mView\u001b[39m } \u001b[33m=\u001b[39m require(\u001b[32m'react-native'\u001b[39m)\n     \u001b[90m 79 |\u001b[39m\u001b[0m\n\n      at Resolver._throwModNotFoundError (node_modules/jest-resolve/build/resolver.js:427:11)\n      at Object.mock (jest.setup.js:76:6)\n","name":"C:\\xampp\\htdocs\\antigaspi2\\mobile\\src\\screens\\main\\ProductsScreen.int.test.tsx","startTime":1761065878425,"status":"failed","summary":""},{"assertionResults":[],"coverage":{},"endTime":1761065878425,"message":"  ● Test suite failed to run\n\n    Cannot find module 'react-native-maps' from 'jest.setup.js'\n\n    \u001b[0m \u001b[90m 74 |\u001b[39m\n     \u001b[90m 75 |\u001b[39m \u001b[90m// Mock react-native-maps to avoid native dependency during tests\u001b[39m\n    \u001b[31m\u001b[1m>\u001b[22m\u001b[39m\u001b[90m 76 |\u001b[39m jest\u001b[33m.\u001b[39mmock(\u001b[32m'react-native-maps'\u001b[39m\u001b[33m,\u001b[39m () \u001b[33m=>\u001b[39m {\n     \u001b[90m    |\u001b[39m      \u001b[31m\u001b[1m^\u001b[22m\u001b[39m\n     \u001b[90m 77 |\u001b[39m   \u001b[36mconst\u001b[39m \u001b[33mReact\u001b[39m \u001b[33m=\u001b[39m require(\u001b[32m'react'\u001b[39m)\n     \u001b[90m 78 |\u001b[39m   \u001b[36mconst\u001b[39m { \u001b[33mView\u001b[39m } \u001b[33m=\u001b[39m require(\u001b[32m'react-native'\u001b[39m)\n     \u001b[90m 79 |\u001b[39m\u001b[0m\n\n      at Resolver._throwModNotFoundError (node_modules/jest-resolve/build/resolver.js:427:11)\n      at Object.mock (jest.setup.js:76:6)\n","name":"C:\\xampp\\htdocs\\antigaspi2\\mobile\\src\\services\\__tests__\\offlineService.test.ts","startTime":1761065878425,"status":"failed","summary":""},{"assertionResults":[],"coverage":{},"endTime":1761065878425,"message":"  ● Test suite failed to run\n\n    Cannot find module 'react-native-maps' from 'jest.setup.js'\n\n    \u001b[0m \u001b[90m 74 |\u001b[39m\n     \u001b[90m 75 |\u001b[39m \u001b[90m// Mock react-native-maps to avoid native dependency during tests\u001b[39m\n    \u001b[31m\u001b[1m>\u001b[22m\u001b[39m\u001b[90m 76 |\u001b[39m jest\u001b[33m.\u001b[39mmock(\u001b[32m'react-native-maps'\u001b[39m\u001b[33m,\u001b[39m () \u001b[33m=>\u001b[39m {\n     \u001b[90m    |\u001b[39m      \u001b[31m\u001b[1m^\u001b[22m\u001b[39m\n     \u001b[90m 77 |\u001b[39m   \u001b[36mconst\u001b[39m \u001b[33mReact\u001b[39m \u001b[33m=\u001b[39m require(\u001b[32m'react'\u001b[39m)\n     \u001b[90m 78 |\u001b[39m   \u001b[36mconst\u001b[39m { \u001b[33mView\u001b[39m } \u001b[33m=\u001b[39m require(\u001b[32m'react-native'\u001b[39m)\n     \u001b[90m 79 |\u001b[39m\u001b[0m\n\n      at Resolver._throwModNotFoundError (node_modules/jest-resolve/build/resolver.js:427:11)\n      at Object.mock (jest.setup.js:76:6)\n","name":"C:\\xampp\\htdocs\\antigaspi2\\mobile\\src\\utils\\currencyHelpers.test.ts","startTime":1761065878425,"status":"failed","summary":""},{"assertionResults":[],"coverage":{},"endTime":1761065878425,"message":"  ● Test suite failed to run\n\n    Cannot find module 'react-native-maps' from 'jest.setup.js'\n\n    \u001b[0m \u001b[90m 74 |\u001b[39m\n     \u001b[90m 75 |\u001b[39m \u001b[90m// Mock react-native-maps to avoid native dependency during tests\u001b[39m\n    \u001b[31m\u001b[1m>\u001b[22m\u001b[39m\u001b[90m 76 |\u001b[39m jest\u001b[33m.\u001b[39mmock(\u001b[32m'react-native-maps'\u001b[39m\u001b[33m,\u001b[39m () \u001b[33m=>\u001b[39m {\n     \u001b[90m    |\u001b[39m      \u001b[31m\u001b[1m^\u001b[22m\u001b[39m\n     \u001b[90m 77 |\u001b[39m   \u001b[36mconst\u001b[39m \u001b[33mReact\u001b[39m \u001b[33m=\u001b[39m require(\u001b[32m'react'\u001b[39m)\n     \u001b[90m 78 |\u001b[39m   \u001b[36mconst\u001b[39m { \u001b[33mView\u001b[39m } \u001b[33m=\u001b[39m require(\u001b[32m'react-native'\u001b[39m)\n     \u001b[90m 79 |\u001b[39m\u001b[0m\n\n      at Resolver._throwModNotFoundError (node_modules/jest-resolve/build/resolver.js:427:11)\n      at Object.mock (jest.setup.js:76:6)\n","name":"C:\\xampp\\htdocs\\antigaspi2\\mobile\\App.unauthorized.int.test.tsx","startTime":1761065878425,"status":"failed","summary":""},{"assertionResults":[],"coverage":{},"endTime":1761065878425,"message":"  ● Test suite failed to run\n\n    Cannot find module 'react-native-maps' from 'jest.setup.js'\n\n    \u001b[0m \u001b[90m 74 |\u001b[39m\n     \u001b[90m 75 |\u001b[39m \u001b[90m// Mock react-native-maps to avoid native dependency during tests\u001b[39m\n    \u001b[31m\u001b[1m>\u001b[22m\u001b[39m\u001b[90m 76 |\u001b[39m jest\u001b[33m.\u001b[39mmock(\u001b[32m'react-native-maps'\u001b[39m\u001b[33m,\u001b[39m () \u001b[33m=>\u001b[39m {\n     \u001b[90m    |\u001b[39m      \u001b[31m\u001b[1m^\u001b[22m\u001b[39m\n     \u001b[90m 77 |\u001b[39m   \u001b[36mconst\u001b[39m \u001b[33mReact\u001b[39m \u001b[33m=\u001b[39m require(\u001b[32m'react'\u001b[39m)\n     \u001b[90m 78 |\u001b[39m   \u001b[36mconst\u001b[39m { \u001b[33mView\u001b[39m } \u001b[33m=\u001b[39m require(\u001b[32m'react-native'\u001b[39m)\n     \u001b[90m 79 |\u001b[39m\u001b[0m\n\n      at Resolver._throwModNotFoundError (node_modules/jest-resolve/build/resolver.js:427:11)\n      at Object.mock (jest.setup.js:76:6)\n","name":"C:\\xampp\\htdocs\\antigaspi2\\mobile\\src\\utils\\imageHelpers.test.ts","startTime":1761065878425,"status":"failed","summary":""},{"assertionResults":[],"coverage":{},"endTime":1761065878425,"message":"  ● Test suite failed to run\n\n    Cannot find module 'react-native-maps' from 'jest.setup.js'\n\n    \u001b[0m \u001b[90m 74 |\u001b[39m\n     \u001b[90m 75 |\u001b[39m \u001b[90m// Mock react-native-maps to avoid native dependency during tests\u001b[39m\n    \u001b[31m\u001b[1m>\u001b[22m\u001b[39m\u001b[90m 76 |\u001b[39m jest\u001b[33m.\u001b[39mmock(\u001b[32m'react-native-maps'\u001b[39m\u001b[33m,\u001b[39m () \u001b[33m=>\u001b[39m {\n     \u001b[90m    |\u001b[39m      \u001b[31m\u001b[1m^\u001b[22m\u001b[39m\n     \u001b[90m 77 |\u001b[39m   \u001b[36mconst\u001b[39m \u001b[33mReact\u001b[39m \u001b[33m=\u001b[39m require(\u001b[32m'react'\u001b[39m)\n     \u001b[90m 78 |\u001b[39m   \u001b[36mconst\u001b[39m { \u001b[33mView\u001b[39m } \u001b[33m=\u001b[39m require(\u001b[32m'react-native'\u001b[39m)\n     \u001b[90m 79 |\u001b[39m\u001b[0m\n\n      at Resolver._throwModNotFoundError (node_modules/jest-resolve/build/resolver.js:427:11)\n      at Object.mock (jest.setup.js:76:6)\n","name":"C:\\xampp\\htdocs\\antigaspi2\\mobile\\src\\utils\\categoryEmojis.test.ts","startTime":1761065878425,"status":"failed","summary":""}],"wasInterrupted":false}
