<?xml version="1.0" encoding="UTF-8"?>
<coverage generated="1761143630943" clover="3.2.0">
  <project timestamp="1761143630943" name="All files">
    <metrics statements="131" coveredstatements="119" conditionals="100" coveredconditionals="89" methods="27" coveredmethods="21" elements="258" coveredelements="229" complexity="0" loc="131" ncloc="131" packages="2" files="2" classes="2"/>
    <package name="components.merchant">
      <metrics statements="49" coveredstatements="46" conditionals="65" coveredconditionals="58" methods="5" coveredmethods="5"/>
      <file name="ExportReservationsButton.tsx" path="C:\xampp\htdocs\antigaspi2\mobile\src\components\merchant\ExportReservationsButton.tsx">
        <metrics statements="49" coveredstatements="46" conditionals="65" coveredconditionals="58" methods="5" coveredmethods="5"/>
        <line num="29" count="1" type="stmt"/>
        <line num="36" count="86" type="stmt"/>
        <line num="37" count="86" type="stmt"/>
        <line num="45" count="86" type="stmt"/>
        <line num="46" count="3006" type="cond" truecount="1" falsecount="1"/>
        <line num="48" count="3006" type="stmt"/>
        <line num="51" count="3006" type="cond" truecount="6" falsecount="0"/>
        <line num="53" count="128" type="stmt"/>
        <line num="57" count="2878" type="cond" truecount="6" falsecount="0"/>
        <line num="60" count="2" type="stmt"/>
        <line num="63" count="2876" type="stmt"/>
        <line num="70" count="86" type="stmt"/>
        <line num="72" count="26" type="stmt"/>
        <line num="94" count="26" type="stmt"/>
        <line num="95" count="141" type="cond" truecount="2" falsecount="0"/>
        <line num="99" count="141" type="cond" truecount="2" falsecount="0"/>
        <line num="101" count="141" type="stmt"/>
        <line num="124" count="26" type="stmt"/>
        <line num="126" count="26" type="stmt"/>
        <line num="132" count="86" type="stmt"/>
        <line num="133" count="28" type="stmt"/>
        <line num="134" count="28" type="stmt"/>
        <line num="135" count="28" type="stmt"/>
        <line num="138" count="28" type="cond" truecount="3" falsecount="1"/>
        <line num="139" count="0" type="stmt"/>
        <line num="140" count="0" type="stmt"/>
        <line num="141" count="0" type="stmt"/>
        <line num="145" count="28" type="cond" truecount="2" falsecount="0"/>
        <line num="146" count="2" type="stmt"/>
        <line num="150" count="26" type="stmt"/>
        <line num="153" count="26" type="stmt"/>
        <line num="154" count="26" type="stmt"/>
        <line num="155" count="26" type="stmt"/>
        <line num="158" count="26" type="stmt"/>
        <line num="163" count="24" type="stmt"/>
        <line num="165" count="24" type="cond" truecount="2" falsecount="0"/>
        <line num="166" count="1" type="stmt"/>
        <line num="167" count="1" type="stmt"/>
        <line num="168" count="1" type="stmt"/>
        <line num="172" count="23" type="stmt"/>
        <line num="179" count="22" type="stmt"/>
        <line num="184" count="22" type="stmt"/>
        <line num="186" count="5" type="stmt"/>
        <line num="188" count="5" type="cond" truecount="2" falsecount="1"/>
        <line num="192" count="5" type="stmt"/>
        <line num="194" count="5" type="stmt"/>
        <line num="196" count="28" type="stmt"/>
        <line num="200" count="86" type="stmt"/>
        <line num="238" count="1" type="stmt"/>
      </file>
    </package>
    <package name="screens.main">
      <metrics statements="82" coveredstatements="73" conditionals="35" coveredconditionals="31" methods="22" coveredmethods="16"/>
      <file name="MerchantMapScreen.tsx" path="C:\xampp\htdocs\antigaspi2\mobile\src\screens\main\MerchantMapScreen.tsx">
        <metrics statements="82" coveredstatements="73" conditionals="35" coveredconditionals="31" methods="22" coveredmethods="16"/>
        <line num="46" count="1" type="cond" truecount="1" falsecount="0"/>
        <line num="47" count="54" type="stmt"/>
        <line num="48" count="54" type="stmt"/>
        <line num="51" count="54" type="stmt"/>
        <line num="52" count="54" type="stmt"/>
        <line num="53" count="54" type="stmt"/>
        <line num="54" count="54" type="stmt"/>
        <line num="55" count="54" type="stmt"/>
        <line num="56" count="54" type="stmt"/>
        <line num="64" count="54" type="stmt"/>
        <line num="65" count="26" type="stmt"/>
        <line num="66" count="26" type="stmt"/>
        <line num="68" count="26" type="cond" truecount="2" falsecount="0"/>
        <line num="69" count="1" type="stmt"/>
        <line num="70" count="1" type="stmt"/>
        <line num="73" count="25" type="stmt"/>
        <line num="77" count="24" type="stmt"/>
        <line num="82" count="24" type="stmt"/>
        <line num="85" count="24" type="stmt"/>
        <line num="91" count="1" type="stmt"/>
        <line num="96" count="54" type="stmt"/>
        <line num="97" count="27" type="stmt"/>
        <line num="98" count="27" type="stmt"/>
        <line num="102" count="27" type="stmt"/>
        <line num="105" count="24" type="stmt"/>
        <line num="107" count="141" type="cond" truecount="4" falsecount="0"/>
        <line num="112" count="138" type="stmt"/>
        <line num="125" count="23" type="stmt"/>
        <line num="127" count="4" type="stmt"/>
        <line num="128" count="4" type="cond" truecount="2" falsecount="0"/>
        <line num="130" count="27" type="stmt"/>
        <line num="131" count="27" type="stmt"/>
        <line num="136" count="54" type="stmt"/>
        <line num="137" count="26" type="stmt"/>
        <line num="139" count="26" type="stmt"/>
        <line num="140" count="26" type="stmt"/>
        <line num="141" count="26" type="cond" truecount="1" falsecount="1"/>
        <line num="142" count="26" type="stmt"/>
        <line num="146" count="26" type="stmt"/>
        <line num="148" count="26" type="stmt"/>
        <line num="149" count="26" type="stmt"/>
        <line num="154" count="54" type="stmt"/>
        <line num="155" count="0" type="stmt"/>
        <line num="156" count="0" type="stmt"/>
        <line num="160" count="54" type="stmt"/>
        <line num="161" count="0" type="stmt"/>
        <line num="165" count="54" type="stmt"/>
        <line num="166" count="0" type="stmt"/>
        <line num="170" count="54" type="stmt"/>
        <line num="172" count="2" type="cond" truecount="3" falsecount="1"/>
        <line num="173" count="0" type="stmt"/>
        <line num="174" count="0" type="stmt"/>
        <line num="177" count="2" type="cond" truecount="1" falsecount="1"/>
        <line num="179" count="2" type="stmt"/>
        <line num="181" count="2" type="cond" truecount="2" falsecount="0"/>
        <line num="182" count="1" type="stmt"/>
        <line num="184" count="1" type="stmt"/>
        <line num="186" count="0" type="stmt"/>
        <line num="190" count="54" type="stmt"/>
        <line num="191" count="2" type="stmt"/>
        <line num="195" count="2" type="stmt"/>
        <line num="196" count="2" type="stmt"/>
        <line num="197" count="2" type="stmt"/>
        <line num="202" count="2" type="cond" truecount="1" falsecount="1"/>
        <line num="203" count="2" type="stmt"/>
        <line num="204" count="1" type="stmt"/>
        <line num="205" count="1" type="stmt"/>
        <line num="211" count="54" type="stmt"/>
        <line num="212" count="138" type="stmt"/>
        <line num="213" count="0" type="stmt"/>
        <line num="247" count="2" type="stmt"/>
        <line num="258" count="2" type="stmt"/>
        <line num="277" count="54" type="cond" truecount="2" falsecount="0"/>
        <line num="278" count="26" type="stmt"/>
        <line num="289" count="28" type="cond" truecount="2" falsecount="0"/>
        <line num="290" count="4" type="stmt"/>
        <line num="311" count="24" type="cond" truecount="2" falsecount="0"/>
        <line num="312" count="3" type="stmt"/>
        <line num="336" count="21" type="stmt"/>
        <line num="348" count="138" type="stmt"/>
        <line num="356" count="0" type="stmt"/>
        <line num="382" count="1" type="stmt"/>
      </file>
    </package>
  </project>
</coverage>
