<?xml version="1.0" encoding="UTF-8"?>
<coverage generated="1759231322302" clover="3.2.0">
  <project timestamp="1759231322302" name="All files">
    <metrics statements="241" coveredstatements="156" conditionals="175" coveredconditionals="92" methods="70" coveredmethods="45" elements="486" coveredelements="293" complexity="0" loc="241" ncloc="241" packages="2" files="10" classes="10"/>
    <package name="components.2025">
      <metrics statements="137" coveredstatements="88" conditionals="130" coveredconditionals="76" methods="45" coveredmethods="33"/>
      <file name="Badge.tsx" path="C:\xampp\htdocs\antigaspi2\mobile\src\components\2025\Badge.tsx">
        <metrics statements="15" coveredstatements="15" conditionals="10" coveredconditionals="10" methods="6" coveredmethods="6"/>
        <line num="45" count="1" type="stmt"/>
        <line num="54" count="41" type="stmt"/>
        <line num="57" count="41" type="stmt"/>
        <line num="78" count="41" type="stmt"/>
        <line num="81" count="41" type="stmt"/>
        <line num="82" count="41" type="stmt"/>
        <line num="141" count="41" type="stmt"/>
        <line num="143" count="41" type="cond" truecount="2" falsecount="0"/>
        <line num="144" count="7" type="stmt"/>
        <line num="156" count="34" type="stmt"/>
        <line num="166" count="41" type="stmt"/>
        <line num="178" count="41" type="stmt"/>
        <line num="185" count="41" type="stmt"/>
        <line num="192" count="41" type="stmt"/>
        <line num="200" count="1" type="stmt"/>
      </file>
      <file name="Button.tsx" path="C:\xampp\htdocs\antigaspi2\mobile\src\components\2025\Button.tsx">
        <metrics statements="24" coveredstatements="22" conditionals="43" coveredconditionals="35" methods="7" coveredmethods="7"/>
        <line num="52" count="1" type="stmt"/>
        <line num="67" count="28" type="stmt"/>
        <line num="70" count="28" type="stmt"/>
        <line num="94" count="28" type="stmt"/>
        <line num="97" count="28" type="stmt"/>
        <line num="98" count="28" type="cond" truecount="5" falsecount="1"/>
        <line num="100" count="24" type="stmt"/>
        <line num="114" count="1" type="stmt"/>
        <line num="128" count="1" type="stmt"/>
        <line num="142" count="1" type="stmt"/>
        <line num="159" count="1" type="stmt"/>
        <line num="173" count="0" type="stmt"/>
        <line num="180" count="28" type="stmt"/>
        <line num="194" count="28" type="stmt"/>
        <line num="200" count="28" type="stmt"/>
        <line num="201" count="28" type="cond" truecount="2" falsecount="0"/>
        <line num="202" count="3" type="stmt"/>
        <line num="214" count="25" type="stmt"/>
        <line num="224" count="28" type="stmt"/>
        <line num="225" count="28" type="cond" truecount="2" falsecount="0"/>
        <line num="226" count="27" type="cond" truecount="1" falsecount="1"/>
        <line num="227" count="0" type="stmt"/>
        <line num="230" count="28" type="stmt"/>
        <line num="249" count="1" type="stmt"/>
      </file>
      <file name="Card.tsx" path="C:\xampp\htdocs\antigaspi2\mobile\src\components\2025\Card.tsx">
        <metrics statements="20" coveredstatements="19" conditionals="20" coveredconditionals="17" methods="8" coveredmethods="8"/>
        <line num="43" count="1" type="stmt"/>
        <line num="58" count="27" type="stmt"/>
        <line num="61" count="27" type="stmt"/>
        <line num="64" count="27" type="stmt"/>
        <line num="65" count="27" type="cond" truecount="4" falsecount="1"/>
        <line num="67" count="24" type="stmt"/>
        <line num="75" count="1" type="stmt"/>
        <line num="82" count="1" type="stmt"/>
        <line num="94" count="1" type="stmt"/>
        <line num="101" count="0" type="stmt"/>
        <line num="105" count="27" type="stmt"/>
        <line num="112" count="27" type="stmt"/>
        <line num="117" count="27" type="stmt"/>
        <line num="124" count="27" type="stmt"/>
        <line num="131" count="27" type="stmt"/>
        <line num="132" count="27" type="stmt"/>
        <line num="139" count="27" type="cond" truecount="4" falsecount="0"/>
        <line num="140" count="5" type="stmt"/>
        <line num="155" count="22" type="stmt"/>
        <line num="158" count="1" type="stmt"/>
      </file>
      <file name="Modal.tsx" path="C:\xampp\htdocs\antigaspi2\mobile\src\components\2025\Modal.tsx">
        <metrics statements="45" coveredstatements="0" conditionals="41" coveredconditionals="0" methods="12" coveredmethods="0"/>
        <line num="51" count="0" type="stmt"/>
        <line num="53" count="0" type="stmt"/>
        <line num="70" count="0" type="stmt"/>
        <line num="71" count="0" type="stmt"/>
        <line num="72" count="0" type="stmt"/>
        <line num="74" count="0" type="stmt"/>
        <line num="75" count="0" type="cond" truecount="0" falsecount="2"/>
        <line num="76" count="0" type="stmt"/>
        <line num="90" count="0" type="stmt"/>
        <line num="105" count="0" type="stmt"/>
        <line num="106" count="0" type="cond" truecount="0" falsecount="4"/>
        <line num="108" count="0" type="stmt"/>
        <line num="115" count="0" type="stmt"/>
        <line num="120" count="0" type="stmt"/>
        <line num="125" count="0" type="stmt"/>
        <line num="129" count="0" type="stmt"/>
        <line num="130" count="0" type="stmt"/>
        <line num="135" count="0" type="cond" truecount="0" falsecount="4"/>
        <line num="137" count="0" type="stmt"/>
        <line num="146" count="0" type="stmt"/>
        <line num="155" count="0" type="stmt"/>
        <line num="162" count="0" type="stmt"/>
        <line num="166" count="0" type="stmt"/>
        <line num="172" count="0" type="stmt"/>
        <line num="177" count="0" type="stmt"/>
        <line num="187" count="0" type="stmt"/>
        <line num="194" count="0" type="stmt"/>
        <line num="200" count="0" type="stmt"/>
        <line num="201" count="0" type="cond" truecount="0" falsecount="4"/>
        <line num="203" count="0" type="stmt"/>
        <line num="215" count="0" type="stmt"/>
        <line num="227" count="0" type="stmt"/>
        <line num="232" count="0" type="stmt"/>
        <line num="236" count="0" type="stmt"/>
        <line num="237" count="0" type="cond" truecount="0" falsecount="2"/>
        <line num="238" count="0" type="stmt"/>
        <line num="241" count="0" type="cond" truecount="0" falsecount="4"/>
        <line num="242" count="0" type="stmt"/>
        <line num="268" count="0" type="stmt"/>
        <line num="271" count="0" type="stmt"/>
        <line num="272" count="0" type="cond" truecount="0" falsecount="2"/>
        <line num="273" count="0" type="stmt"/>
        <line num="283" count="0" type="stmt"/>
        <line num="286" count="0" type="stmt"/>
        <line num="313" count="0" type="stmt"/>
      </file>
      <file name="Typography.tsx" path="C:\xampp\htdocs\antigaspi2\mobile\src\components\2025\Typography.tsx">
        <metrics statements="33" coveredstatements="32" conditionals="16" coveredconditionals="14" methods="12" coveredmethods="12"/>
        <line num="55" count="1" type="stmt"/>
        <line num="65" count="61" type="stmt"/>
        <line num="68" count="61" type="stmt"/>
        <line num="71" count="61" type="stmt"/>
        <line num="72" count="61" type="cond" truecount="8" falsecount="1"/>
        <line num="74" count="46" type="stmt"/>
        <line num="76" count="2" type="stmt"/>
        <line num="78" count="1" type="stmt"/>
        <line num="80" count="1" type="stmt"/>
        <line num="82" count="4" type="stmt"/>
        <line num="84" count="3" type="stmt"/>
        <line num="86" count="1" type="stmt"/>
        <line num="88" count="3" type="stmt"/>
        <line num="90" count="0" type="stmt"/>
        <line num="94" count="61" type="stmt"/>
        <line num="102" count="61" type="stmt"/>
        <line num="110" count="1" type="stmt"/>
        <line num="111" count="2" type="stmt"/>
        <line num="114" count="1" type="stmt"/>
        <line num="115" count="2" type="stmt"/>
        <line num="118" count="1" type="stmt"/>
        <line num="119" count="1" type="stmt"/>
        <line num="122" count="1" type="stmt"/>
        <line num="123" count="1" type="stmt"/>
        <line num="126" count="1" type="stmt"/>
        <line num="127" count="3" type="stmt"/>
        <line num="130" count="1" type="stmt"/>
        <line num="131" count="2" type="stmt"/>
        <line num="134" count="1" type="stmt"/>
        <line num="135" count="2" type="stmt"/>
        <line num="138" count="1" type="stmt"/>
        <line num="142" count="4" type="stmt"/>
        <line num="148" count="4" type="stmt"/>
      </file>
      <file name="index.ts" path="C:\xampp\htdocs\antigaspi2\mobile\src\components\2025\index.ts">
        <metrics statements="0" coveredstatements="0" conditionals="0" coveredconditionals="0" methods="0" coveredmethods="0"/>
      </file>
    </package>
    <package name="theme">
      <metrics statements="104" coveredstatements="68" conditionals="45" coveredconditionals="16" methods="25" coveredmethods="12"/>
      <file name="ThemeContext.tsx" path="C:\xampp\htdocs\antigaspi2\mobile\src\theme\ThemeContext.tsx">
        <metrics statements="50" coveredstatements="28" conditionals="19" coveredconditionals="8" methods="10" coveredmethods="5"/>
        <line num="90" count="5" type="stmt"/>
        <line num="96" count="5" type="stmt"/>
        <line num="104" count="5" type="stmt"/>
        <line num="107" count="5" type="stmt"/>
        <line num="108" count="184" type="stmt"/>
        <line num="109" count="184" type="stmt"/>
        <line num="110" count="184" type="stmt"/>
        <line num="113" count="184" type="cond" truecount="3" falsecount="0"/>
        <line num="116" count="184" type="stmt"/>
        <line num="117" count="184" type="stmt"/>
        <line num="119" count="184" type="cond" truecount="1" falsecount="1"/>
        <line num="120" count="0" type="stmt"/>
        <line num="160" count="184" type="stmt"/>
        <line num="200" count="184" type="stmt"/>
        <line num="241" count="184" type="stmt"/>
        <line num="242" count="181" type="stmt"/>
        <line num="245" count="181" type="stmt"/>
        <line num="247" count="0" type="cond" truecount="0" falsecount="2"/>
        <line num="249" count="0" type="stmt"/>
        <line num="253" count="181" type="stmt"/>
        <line num="256" count="184" type="stmt"/>
        <line num="257" count="181" type="stmt"/>
        <line num="258" count="181" type="stmt"/>
        <line num="263" count="181" type="cond" truecount="1" falsecount="1"/>
        <line num="264" count="0" type="stmt"/>
        <line num="267" count="181" type="cond" truecount="1" falsecount="1"/>
        <line num="268" count="0" type="stmt"/>
        <line num="271" count="0" type="stmt"/>
        <line num="275" count="184" type="stmt"/>
        <line num="276" count="0" type="stmt"/>
        <line num="277" count="0" type="stmt"/>
        <line num="278" count="0" type="stmt"/>
        <line num="280" count="0" type="stmt"/>
        <line num="284" count="184" type="stmt"/>
        <line num="286" count="0" type="cond" truecount="0" falsecount="2"/>
        <line num="290" count="0" type="stmt"/>
        <line num="293" count="184" type="stmt"/>
        <line num="294" count="0" type="stmt"/>
        <line num="295" count="0" type="stmt"/>
        <line num="296" count="0" type="stmt"/>
        <line num="297" count="0" type="stmt"/>
        <line num="299" count="0" type="stmt"/>
        <line num="303" count="184" type="stmt"/>
        <line num="304" count="0" type="stmt"/>
        <line num="305" count="0" type="stmt"/>
        <line num="309" count="0" type="stmt"/>
        <line num="310" count="0" type="stmt"/>
        <line num="312" count="0" type="stmt"/>
        <line num="316" count="184" type="stmt"/>
        <line num="324" count="184" type="stmt"/>
      </file>
      <file name="designSystem2025.ts" path="C:\xampp\htdocs\antigaspi2\mobile\src\theme\designSystem2025.ts">
        <metrics statements="19" coveredstatements="18" conditionals="0" coveredconditionals="0" methods="2" coveredmethods="1"/>
        <line num="9" count="5" type="stmt"/>
        <line num="72" count="5" type="stmt"/>
        <line num="81" count="5" type="stmt"/>
        <line num="134" count="5" type="stmt"/>
        <line num="147" count="5" type="stmt"/>
        <line num="160" count="5" type="stmt"/>
        <line num="220" count="5" type="stmt"/>
        <line num="239" count="5" type="stmt"/>
        <line num="252" count="5" type="stmt"/>
        <line num="261" count="5" type="stmt"/>
        <line num="272" count="5" type="stmt"/>
        <line num="286" count="5" type="stmt"/>
        <line num="287" count="0" type="stmt"/>
        <line num="291" count="5" type="stmt"/>
        <line num="293" count="184" type="stmt"/>
        <line num="294" count="184" type="stmt"/>
        <line num="295" count="184" type="stmt"/>
        <line num="296" count="184" type="stmt"/>
        <line num="297" count="184" type="stmt"/>
      </file>
      <file name="index.ts" path="C:\xampp\htdocs\antigaspi2\mobile\src\theme\index.ts">
        <metrics statements="0" coveredstatements="0" conditionals="0" coveredconditionals="0" methods="0" coveredmethods="0"/>
      </file>
      <file name="useTheme.ts" path="C:\xampp\htdocs\antigaspi2\mobile\src\theme\useTheme.ts">
        <metrics statements="35" coveredstatements="22" conditionals="26" coveredconditionals="8" methods="13" coveredmethods="6"/>
        <line num="20" count="5" type="stmt"/>
        <line num="21" count="187" type="stmt"/>
        <line num="23" count="186" type="cond" truecount="2" falsecount="0"/>
        <line num="24" count="1" type="stmt"/>
        <line num="27" count="185" type="stmt"/>
        <line num="30" count="185" type="stmt"/>
        <line num="38" count="0" type="cond" truecount="0" falsecount="2"/>
        <line num="39" count="0" type="stmt"/>
        <line num="41" count="0" type="stmt"/>
        <line num="50" count="0" type="stmt"/>
        <line num="59" count="0" type="stmt"/>
        <line num="68" count="62" type="stmt"/>
        <line num="69" count="62" type="stmt"/>
        <line num="71" count="62" type="stmt"/>
        <line num="89" count="0" type="stmt"/>
        <line num="97" count="0" type="cond" truecount="0" falsecount="1"/>
        <line num="116" count="0" type="stmt"/>
        <line num="130" count="331" type="stmt"/>
        <line num="131" count="331" type="stmt"/>
        <line num="132" count="331" type="stmt"/>
        <line num="133" count="331" type="stmt"/>
        <line num="134" count="331" type="stmt"/>
        <line num="142" count="1" type="cond" truecount="0" falsecount="1"/>
        <line num="156" count="1" type="cond" truecount="0" falsecount="1"/>
        <line num="179" count="1" type="stmt"/>
        <line num="185" count="1" type="stmt"/>
        <line num="193" count="1" type="cond" truecount="1" falsecount="4"/>
        <line num="195" count="1" type="stmt"/>
        <line num="201" count="0" type="stmt"/>
        <line num="207" count="0" type="stmt"/>
        <line num="214" count="0" type="stmt"/>
        <line num="220" count="0" type="stmt"/>
        <line num="233" count="0" type="stmt"/>
        <line num="243" count="185" type="stmt"/>
        <line num="245" count="185" type="stmt"/>
      </file>
    </package>
  </project>
</coverage>
