{"C:\\xampp\\htdocs\\antigaspi2\\mobile\\src\\components\\2025\\Badge.tsx": {"path":"C:\\xampp\\htdocs\\antigaspi2\\mobile\\src\\components\\2025\\Badge.tsx","statementMap":{"0":{"start":{"line":45,"column":43},"end":{"line":198,"column":1}},"1":{"start":{"line":54,"column":16},"end":{"line":54,"column":26}},"2":{"start":{"line":57,"column":16},"end":{"line":76,"column":3}},"3":{"start":{"line":78,"column":22},"end":{"line":78,"column":56}},"4":{"start":{"line":78,"column":36},"end":{"line":78,"column":47}},"5":{"start":{"line":81,"column":27},"end":{"line":164,"column":31}},"6":{"start":{"line":82,"column":21},"end":{"line":139,"column":5}},"7":{"start":{"line":141,"column":19},"end":{"line":141,"column":36}},"8":{"start":{"line":143,"column":4},"end":{"line":154,"column":5}},"9":{"start":{"line":144,"column":6},"end":{"line":153,"column":7}},"10":{"start":{"line":156,"column":4},"end":{"line":163,"column":5}},"11":{"start":{"line":166,"column":36},"end":{"line":176,"column":97}},"12":{"start":{"line":166,"column":51},"end":{"line":176,"column":3}},"13":{"start":{"line":178,"column":39},"end":{"line":183,"column":63}},"14":{"start":{"line":178,"column":54},"end":{"line":183,"column":3}},"15":{"start":{"line":185,"column":30},"end":{"line":190,"column":57}},"16":{"start":{"line":185,"column":45},"end":{"line":190,"column":3}},"17":{"start":{"line":192,"column":2},"end":{"line":197,"column":3}},"18":{"start":{"line":200,"column":15},"end":{"line":202,"column":2}}},"fnMap":{"0":{"name":"(anonymous_0)","decl":{"start":{"line":45,"column":43},"end":{"line":45,"column":44}},"loc":{"start":{"line":53,"column":6},"end":{"line":198,"column":1}},"line":53},"1":{"name":"(anonymous_1)","decl":{"start":{"line":78,"column":30},"end":{"line":78,"column":31}},"loc":{"start":{"line":78,"column":36},"end":{"line":78,"column":47}},"line":78},"2":{"name":"(anonymous_2)","decl":{"start":{"line":81,"column":35},"end":{"line":81,"column":36}},"loc":{"start":{"line":81,"column":84},"end":{"line":164,"column":3}},"line":81},"3":{"name":"(anonymous_3)","decl":{"start":{"line":166,"column":44},"end":{"line":166,"column":45}},"loc":{"start":{"line":166,"column":51},"end":{"line":176,"column":3}},"line":166},"4":{"name":"(anonymous_4)","decl":{"start":{"line":178,"column":47},"end":{"line":178,"column":48}},"loc":{"start":{"line":178,"column":54},"end":{"line":183,"column":3}},"line":178},"5":{"name":"(anonymous_5)","decl":{"start":{"line":185,"column":38},"end":{"line":185,"column":39}},"loc":{"start":{"line":185,"column":45},"end":{"line":190,"column":3}},"line":185}},"branchMap":{"0":{"loc":{"start":{"line":47,"column":2},"end":{"line":47,"column":21}},"type":"default-arg","locations":[{"start":{"line":47,"column":12},"end":{"line":47,"column":21}}],"line":47},"1":{"loc":{"start":{"line":48,"column":2},"end":{"line":48,"column":13}},"type":"default-arg","locations":[{"start":{"line":48,"column":9},"end":{"line":48,"column":13}}],"line":48},"2":{"loc":{"start":{"line":49,"column":2},"end":{"line":49,"column":13}},"type":"default-arg","locations":[{"start":{"line":49,"column":8},"end":{"line":49,"column":13}}],"line":49},"3":{"loc":{"start":{"line":50,"column":2},"end":{"line":50,"column":17}},"type":"default-arg","locations":[{"start":{"line":50,"column":12},"end":{"line":50,"column":17}}],"line":50},"4":{"loc":{"start":{"line":143,"column":4},"end":{"line":154,"column":5}},"type":"if","locations":[{"start":{"line":143,"column":4},"end":{"line":154,"column":5}},{"start":{},"end":{}}],"line":143},"5":{"loc":{"start":{"line":173,"column":9},"end":{"line":173,"column":35}},"type":"cond-expr","locations":[{"start":{"line":173,"column":15},"end":{"line":173,"column":31}},{"start":{"line":173,"column":34},"end":{"line":173,"column":35}}],"line":173},"6":{"loc":{"start":{"line":194,"column":7},"end":{"line":194,"column":39}},"type":"binary-expr","locations":[{"start":{"line":194,"column":7},"end":{"line":194,"column":10}},{"start":{"line":194,"column":14},"end":{"line":194,"column":39}}],"line":194}},"s":{"0":1,"1":41,"2":41,"3":41,"4":41,"5":41,"6":41,"7":41,"8":41,"9":7,"10":34,"11":41,"12":41,"13":41,"14":41,"15":41,"16":41,"17":41,"18":1},"f":{"0":41,"1":41,"2":41,"3":41,"4":41,"5":41},"b":{"0":[21],"1":[30],"2":[34],"3":[34],"4":[7,34],"5":[7,34],"6":[41,7]},"_coverageSchema":"1a1c01bbd47fc00a2c39e90264f33305004495a9","hash":"91f0a9d0f9f10e7b87cce9d4f93b34488bd1bc62"}
,"C:\\xampp\\htdocs\\antigaspi2\\mobile\\src\\components\\2025\\Button.tsx": {"path":"C:\\xampp\\htdocs\\antigaspi2\\mobile\\src\\components\\2025\\Button.tsx","statementMap":{"0":{"start":{"line":52,"column":45},"end":{"line":247,"column":1}},"1":{"start":{"line":67,"column":16},"end":{"line":67,"column":26}},"2":{"start":{"line":70,"column":16},"end":{"line":92,"column":3}},"3":{"start":{"line":94,"column":22},"end":{"line":94,"column":56}},"4":{"start":{"line":94,"column":36},"end":{"line":94,"column":47}},"5":{"start":{"line":97,"column":27},"end":{"line":178,"column":32}},"6":{"start":{"line":98,"column":4},"end":{"line":177,"column":5}},"7":{"start":{"line":100,"column":8},"end":{"line":111,"column":9}},"8":{"start":{"line":114,"column":8},"end":{"line":125,"column":9}},"9":{"start":{"line":128,"column":8},"end":{"line":139,"column":9}},"10":{"start":{"line":142,"column":8},"end":{"line":156,"column":9}},"11":{"start":{"line":159,"column":8},"end":{"line":170,"column":9}},"12":{"start":{"line":173,"column":8},"end":{"line":176,"column":9}},"13":{"start":{"line":180,"column":36},"end":{"line":192,"column":93}},"14":{"start":{"line":180,"column":51},"end":{"line":192,"column":3}},"15":{"start":{"line":194,"column":39},"end":{"line":198,"column":63}},"16":{"start":{"line":194,"column":54},"end":{"line":198,"column":3}},"17":{"start":{"line":200,"column":24},"end":{"line":221,"column":3}},"18":{"start":{"line":201,"column":4},"end":{"line":212,"column":5}},"19":{"start":{"line":202,"column":6},"end":{"line":211,"column":7}},"20":{"start":{"line":214,"column":4},"end":{"line":220,"column":5}},"21":{"start":{"line":224,"column":32},"end":{"line":228,"column":3}},"22":{"start":{"line":225,"column":4},"end":{"line":225,"column":53}},"23":{"start":{"line":225,"column":28},"end":{"line":225,"column":53}},"24":{"start":{"line":226,"column":4},"end":{"line":226,"column":53}},"25":{"start":{"line":226,"column":38},"end":{"line":226,"column":53}},"26":{"start":{"line":227,"column":4},"end":{"line":227,"column":20}},"27":{"start":{"line":230,"column":2},"end":{"line":246,"column":3}},"28":{"start":{"line":249,"column":15},"end":{"line":254,"column":2}}},"fnMap":{"0":{"name":"(anonymous_0)","decl":{"start":{"line":52,"column":45},"end":{"line":52,"column":46}},"loc":{"start":{"line":66,"column":6},"end":{"line":247,"column":1}},"line":66},"1":{"name":"(anonymous_1)","decl":{"start":{"line":94,"column":30},"end":{"line":94,"column":31}},"loc":{"start":{"line":94,"column":36},"end":{"line":94,"column":47}},"line":94},"2":{"name":"(anonymous_2)","decl":{"start":{"line":97,"column":35},"end":{"line":97,"column":36}},"loc":{"start":{"line":97,"column":84},"end":{"line":178,"column":3}},"line":97},"3":{"name":"(anonymous_3)","decl":{"start":{"line":180,"column":44},"end":{"line":180,"column":45}},"loc":{"start":{"line":180,"column":51},"end":{"line":192,"column":3}},"line":180},"4":{"name":"(anonymous_4)","decl":{"start":{"line":194,"column":47},"end":{"line":194,"column":48}},"loc":{"start":{"line":194,"column":54},"end":{"line":198,"column":3}},"line":194},"5":{"name":"(anonymous_5)","decl":{"start":{"line":200,"column":24},"end":{"line":200,"column":25}},"loc":{"start":{"line":200,"column":30},"end":{"line":221,"column":3}},"line":200},"6":{"name":"(anonymous_6)","decl":{"start":{"line":224,"column":32},"end":{"line":224,"column":33}},"loc":{"start":{"line":224,"column":58},"end":{"line":228,"column":3}},"line":224}},"branchMap":{"0":{"loc":{"start":{"line":54,"column":2},"end":{"line":54,"column":21}},"type":"default-arg","locations":[{"start":{"line":54,"column":12},"end":{"line":54,"column":21}}],"line":54},"1":{"loc":{"start":{"line":55,"column":2},"end":{"line":55,"column":13}},"type":"default-arg","locations":[{"start":{"line":55,"column":9},"end":{"line":55,"column":13}}],"line":55},"2":{"loc":{"start":{"line":56,"column":2},"end":{"line":56,"column":19}},"type":"default-arg","locations":[{"start":{"line":56,"column":14},"end":{"line":56,"column":19}}],"line":56},"3":{"loc":{"start":{"line":57,"column":2},"end":{"line":57,"column":18}},"type":"default-arg","locations":[{"start":{"line":57,"column":13},"end":{"line":57,"column":18}}],"line":57},"4":{"loc":{"start":{"line":58,"column":2},"end":{"line":58,"column":17}},"type":"default-arg","locations":[{"start":{"line":58,"column":12},"end":{"line":58,"column":17}}],"line":58},"5":{"loc":{"start":{"line":98,"column":4},"end":{"line":177,"column":5}},"type":"switch","locations":[{"start":{"line":99,"column":6},"end":{"line":111,"column":9}},{"start":{"line":113,"column":6},"end":{"line":125,"column":9}},{"start":{"line":127,"column":6},"end":{"line":139,"column":9}},{"start":{"line":141,"column":6},"end":{"line":156,"column":9}},{"start":{"line":158,"column":6},"end":{"line":170,"column":9}},{"start":{"line":172,"column":6},"end":{"line":176,"column":9}}],"line":98},"6":{"loc":{"start":{"line":102,"column":29},"end":{"line":104,"column":41}},"type":"cond-expr","locations":[{"start":{"line":103,"column":16},"end":{"line":103,"column":41}},{"start":{"line":104,"column":16},"end":{"line":104,"column":41}}],"line":102},"7":{"loc":{"start":{"line":116,"column":29},"end":{"line":118,"column":42}},"type":"cond-expr","locations":[{"start":{"line":117,"column":16},"end":{"line":117,"column":41}},{"start":{"line":118,"column":16},"end":{"line":118,"column":42}}],"line":116},"8":{"loc":{"start":{"line":130,"column":29},"end":{"line":132,"column":39}},"type":"cond-expr","locations":[{"start":{"line":131,"column":16},"end":{"line":131,"column":41}},{"start":{"line":132,"column":16},"end":{"line":132,"column":39}}],"line":130},"9":{"loc":{"start":{"line":146,"column":25},"end":{"line":148,"column":35}},"type":"cond-expr","locations":[{"start":{"line":147,"column":16},"end":{"line":147,"column":41}},{"start":{"line":148,"column":16},"end":{"line":148,"column":35}}],"line":146},"10":{"loc":{"start":{"line":151,"column":19},"end":{"line":153,"column":33}},"type":"cond-expr","locations":[{"start":{"line":152,"column":16},"end":{"line":152,"column":41}},{"start":{"line":153,"column":16},"end":{"line":153,"column":33}}],"line":151},"11":{"loc":{"start":{"line":161,"column":29},"end":{"line":163,"column":34}},"type":"cond-expr","locations":[{"start":{"line":162,"column":16},"end":{"line":162,"column":41}},{"start":{"line":163,"column":16},"end":{"line":163,"column":34}}],"line":161},"12":{"loc":{"start":{"line":188,"column":13},"end":{"line":188,"column":31}},"type":"cond-expr","locations":[{"start":{"line":188,"column":24},"end":{"line":188,"column":27}},{"start":{"line":188,"column":30},"end":{"line":188,"column":31}}],"line":188},"13":{"loc":{"start":{"line":189,"column":8},"end":{"line":189,"column":38}},"type":"binary-expr","locations":[{"start":{"line":189,"column":8},"end":{"line":189,"column":17}},{"start":{"line":189,"column":21},"end":{"line":189,"column":38}}],"line":189},"14":{"loc":{"start":{"line":201,"column":4},"end":{"line":212,"column":5}},"type":"if","locations":[{"start":{"line":201,"column":4},"end":{"line":212,"column":5}},{"start":{},"end":{}}],"line":201},"15":{"loc":{"start":{"line":206,"column":12},"end":{"line":208,"column":40}},"type":"cond-expr","locations":[{"start":{"line":207,"column":16},"end":{"line":207,"column":41}},{"start":{"line":208,"column":16},"end":{"line":208,"column":40}}],"line":206},"16":{"loc":{"start":{"line":216,"column":9},"end":{"line":216,"column":64}},"type":"binary-expr","locations":[{"start":{"line":216,"column":9},"end":{"line":216,"column":17}},{"start":{"line":216,"column":21},"end":{"line":216,"column":64}}],"line":216},"17":{"loc":{"start":{"line":218,"column":9},"end":{"line":218,"column":66}},"type":"binary-expr","locations":[{"start":{"line":218,"column":9},"end":{"line":218,"column":18}},{"start":{"line":218,"column":22},"end":{"line":218,"column":66}}],"line":218},"18":{"loc":{"start":{"line":225,"column":4},"end":{"line":225,"column":53}},"type":"if","locations":[{"start":{"line":225,"column":4},"end":{"line":225,"column":53}},{"start":{},"end":{}}],"line":225},"19":{"loc":{"start":{"line":226,"column":4},"end":{"line":226,"column":53}},"type":"if","locations":[{"start":{"line":226,"column":4},"end":{"line":226,"column":53}},{"start":{},"end":{}}],"line":226},"20":{"loc":{"start":{"line":234,"column":16},"end":{"line":234,"column":35}},"type":"binary-expr","locations":[{"start":{"line":234,"column":16},"end":{"line":234,"column":24}},{"start":{"line":234,"column":28},"end":{"line":234,"column":35}}],"line":234},"21":{"loc":{"start":{"line":240,"column":18},"end":{"line":240,"column":37}},"type":"binary-expr","locations":[{"start":{"line":240,"column":18},"end":{"line":240,"column":26}},{"start":{"line":240,"column":30},"end":{"line":240,"column":37}}],"line":240}},"s":{"0":1,"1":28,"2":28,"3":28,"4":28,"5":28,"6":28,"7":24,"8":1,"9":1,"10":1,"11":1,"12":0,"13":28,"14":28,"15":28,"16":28,"17":28,"18":28,"19":3,"20":25,"21":28,"22":28,"23":1,"24":27,"25":27,"26":0,"27":28,"28":1},"f":{"0":28,"1":28,"2":28,"3":28,"4":28,"5":28,"6":28},"b":{"0":[22],"1":[24],"2":[27],"3":[25],"4":[25],"5":[24,1,1,1,1,0],"6":[3,21],"7":[0,1],"8":[0,1],"9":[0,1],"10":[0,1],"11":[0,1],"12":[3,25],"13":[28,1],"14":[3,25],"15":[0,3],"16":[25,1],"17":[25,1],"18":[1,27],"19":[27,0],"20":[28,25],"21":[28,25]},"_coverageSchema":"1a1c01bbd47fc00a2c39e90264f33305004495a9","hash":"f6dd4977e8e2d7a32dde4034265fc090da413333"}
,"C:\\xampp\\htdocs\\antigaspi2\\mobile\\src\\components\\2025\\Card.tsx": {"path":"C:\\xampp\\htdocs\\antigaspi2\\mobile\\src\\components\\2025\\Card.tsx","statementMap":{"0":{"start":{"line":43,"column":41},"end":{"line":156,"column":1}},"1":{"start":{"line":58,"column":16},"end":{"line":58,"column":26}},"2":{"start":{"line":61,"column":23},"end":{"line":61,"column":84}},"3":{"start":{"line":61,"column":37},"end":{"line":61,"column":58}},"4":{"start":{"line":64,"column":27},"end":{"line":103,"column":22}},"5":{"start":{"line":65,"column":4},"end":{"line":102,"column":5}},"6":{"start":{"line":67,"column":8},"end":{"line":72,"column":9}},"7":{"start":{"line":75,"column":8},"end":{"line":79,"column":9}},"8":{"start":{"line":82,"column":8},"end":{"line":91,"column":9}},"9":{"start":{"line":94,"column":8},"end":{"line":98,"column":9}},"10":{"start":{"line":101,"column":8},"end":{"line":101,"column":17}},"11":{"start":{"line":105,"column":36},"end":{"line":110,"column":46}},"12":{"start":{"line":105,"column":51},"end":{"line":110,"column":3}},"13":{"start":{"line":112,"column":36},"end":{"line":115,"column":39}},"14":{"start":{"line":112,"column":51},"end":{"line":115,"column":3}},"15":{"start":{"line":117,"column":42},"end":{"line":122,"column":60}},"16":{"start":{"line":117,"column":57},"end":{"line":122,"column":3}},"17":{"start":{"line":124,"column":42},"end":{"line":129,"column":60}},"18":{"start":{"line":124,"column":57},"end":{"line":129,"column":3}},"19":{"start":{"line":131,"column":21},"end":{"line":137,"column":3}},"20":{"start":{"line":132,"column":4},"end":{"line":136,"column":11}},"21":{"start":{"line":139,"column":2},"end":{"line":153,"column":3}},"22":{"start":{"line":140,"column":4},"end":{"line":152,"column":5}},"23":{"start":{"line":155,"column":2},"end":{"line":155,"column":21}},"24":{"start":{"line":158,"column":15},"end":{"line":162,"column":2}}},"fnMap":{"0":{"name":"(anonymous_0)","decl":{"start":{"line":43,"column":41},"end":{"line":43,"column":42}},"loc":{"start":{"line":57,"column":6},"end":{"line":156,"column":1}},"line":57},"1":{"name":"(anonymous_1)","decl":{"start":{"line":61,"column":31},"end":{"line":61,"column":32}},"loc":{"start":{"line":61,"column":37},"end":{"line":61,"column":58}},"line":61},"2":{"name":"(anonymous_2)","decl":{"start":{"line":64,"column":35},"end":{"line":64,"column":36}},"loc":{"start":{"line":64,"column":52},"end":{"line":103,"column":3}},"line":64},"3":{"name":"(anonymous_3)","decl":{"start":{"line":105,"column":44},"end":{"line":105,"column":45}},"loc":{"start":{"line":105,"column":51},"end":{"line":110,"column":3}},"line":105},"4":{"name":"(anonymous_4)","decl":{"start":{"line":112,"column":44},"end":{"line":112,"column":45}},"loc":{"start":{"line":112,"column":51},"end":{"line":115,"column":3}},"line":112},"5":{"name":"(anonymous_5)","decl":{"start":{"line":117,"column":50},"end":{"line":117,"column":51}},"loc":{"start":{"line":117,"column":57},"end":{"line":122,"column":3}},"line":117},"6":{"name":"(anonymous_6)","decl":{"start":{"line":124,"column":50},"end":{"line":124,"column":51}},"loc":{"start":{"line":124,"column":57},"end":{"line":129,"column":3}},"line":124},"7":{"name":"(anonymous_7)","decl":{"start":{"line":131,"column":21},"end":{"line":131,"column":22}},"loc":{"start":{"line":132,"column":4},"end":{"line":136,"column":11}},"line":132}},"branchMap":{"0":{"loc":{"start":{"line":47,"column":2},"end":{"line":47,"column":22}},"type":"default-arg","locations":[{"start":{"line":47,"column":12},"end":{"line":47,"column":22}}],"line":47},"1":{"loc":{"start":{"line":48,"column":2},"end":{"line":48,"column":16}},"type":"default-arg","locations":[{"start":{"line":48,"column":12},"end":{"line":48,"column":16}}],"line":48},"2":{"loc":{"start":{"line":49,"column":2},"end":{"line":49,"column":19}},"type":"default-arg","locations":[{"start":{"line":49,"column":14},"end":{"line":49,"column":19}}],"line":49},"3":{"loc":{"start":{"line":65,"column":4},"end":{"line":102,"column":5}},"type":"switch","locations":[{"start":{"line":66,"column":6},"end":{"line":72,"column":9}},{"start":{"line":74,"column":6},"end":{"line":79,"column":9}},{"start":{"line":81,"column":6},"end":{"line":91,"column":9}},{"start":{"line":93,"column":6},"end":{"line":98,"column":9}},{"start":{"line":100,"column":6},"end":{"line":101,"column":17}}],"line":65},"4":{"loc":{"start":{"line":83,"column":27},"end":{"line":85,"column":64}},"type":"cond-expr","locations":[{"start":{"line":84,"column":14},"end":{"line":84,"column":64}},{"start":{"line":85,"column":14},"end":{"line":85,"column":64}}],"line":83},"5":{"loc":{"start":{"line":87,"column":23},"end":{"line":89,"column":64}},"type":"cond-expr","locations":[{"start":{"line":88,"column":14},"end":{"line":88,"column":64}},{"start":{"line":89,"column":14},"end":{"line":89,"column":64}}],"line":87},"6":{"loc":{"start":{"line":133,"column":7},"end":{"line":133,"column":67}},"type":"binary-expr","locations":[{"start":{"line":133,"column":7},"end":{"line":133,"column":13}},{"start":{"line":133,"column":17},"end":{"line":133,"column":67}}],"line":133},"7":{"loc":{"start":{"line":135,"column":7},"end":{"line":135,"column":67}},"type":"binary-expr","locations":[{"start":{"line":135,"column":7},"end":{"line":135,"column":13}},{"start":{"line":135,"column":17},"end":{"line":135,"column":67}}],"line":135},"8":{"loc":{"start":{"line":139,"column":2},"end":{"line":153,"column":3}},"type":"if","locations":[{"start":{"line":139,"column":2},"end":{"line":153,"column":3}},{"start":{},"end":{}}],"line":139},"9":{"loc":{"start":{"line":139,"column":6},"end":{"line":139,"column":26}},"type":"binary-expr","locations":[{"start":{"line":139,"column":6},"end":{"line":139,"column":15}},{"start":{"line":139,"column":19},"end":{"line":139,"column":26}}],"line":139}},"s":{"0":1,"1":27,"2":27,"3":27,"4":27,"5":27,"6":24,"7":1,"8":1,"9":1,"10":0,"11":27,"12":27,"13":27,"14":27,"15":27,"16":27,"17":27,"18":27,"19":27,"20":27,"21":27,"22":5,"23":22,"24":1},"f":{"0":27,"1":27,"2":27,"3":27,"4":27,"5":27,"6":27,"7":27},"b":{"0":[21],"1":[23],"2":[21],"3":[24,1,1,1,0],"4":[0,1],"5":[0,1],"6":[27,3],"7":[27,3],"8":[5,22],"9":[27,5]},"_coverageSchema":"1a1c01bbd47fc00a2c39e90264f33305004495a9","hash":"acc8a01327d88ac336cbc286cae582a3f864a660"}
,"C:\\xampp\\htdocs\\antigaspi2\\mobile\\src\\components\\2025\\Modal.tsx": {"path":"C:\\xampp\\htdocs\\antigaspi2\\mobile\\src\\components\\2025\\Modal.tsx","statementMap":{"0":{"start":{"line":51,"column":34},"end":{"line":51,"column":58}},"1":{"start":{"line":53,"column":43},"end":{"line":311,"column":1}},"2":{"start":{"line":70,"column":16},"end":{"line":70,"column":26}},"3":{"start":{"line":71,"column":20},"end":{"line":71,"column":57}},"4":{"start":{"line":72,"column":19},"end":{"line":72,"column":56}},"5":{"start":{"line":74,"column":2},"end":{"line":103,"column":68}},"6":{"start":{"line":75,"column":4},"end":{"line":102,"column":5}},"7":{"start":{"line":76,"column":6},"end":{"line":88,"column":16}},"8":{"start":{"line":90,"column":6},"end":{"line":101,"column":16}},"9":{"start":{"line":105,"column":25},"end":{"line":127,"column":33}},"10":{"start":{"line":106,"column":4},"end":{"line":126,"column":5}},"11":{"start":{"line":108,"column":8},"end":{"line":112,"column":9}},"12":{"start":{"line":115,"column":8},"end":{"line":117,"column":9}},"13":{"start":{"line":120,"column":8},"end":{"line":122,"column":9}},"14":{"start":{"line":125,"column":8},"end":{"line":125,"column":17}},"15":{"start":{"line":129,"column":27},"end":{"line":164,"column":33}},"16":{"start":{"line":130,"column":33},"end":{"line":133,"column":5}},"17":{"start":{"line":135,"column":4},"end":{"line":163,"column":5}},"18":{"start":{"line":137,"column":8},"end":{"line":143,"column":9}},"19":{"start":{"line":146,"column":8},"end":{"line":152,"column":9}},"20":{"start":{"line":155,"column":8},"end":{"line":159,"column":9}},"21":{"start":{"line":162,"column":8},"end":{"line":162,"column":24}},"22":{"start":{"line":166,"column":34},"end":{"line":170,"column":45}},"23":{"start":{"line":166,"column":49},"end":{"line":170,"column":3}},"24":{"start":{"line":172,"column":43},"end":{"line":175,"column":32}},"25":{"start":{"line":172,"column":58},"end":{"line":175,"column":3}},"26":{"start":{"line":177,"column":42},"end":{"line":185,"column":60}},"27":{"start":{"line":177,"column":57},"end":{"line":185,"column":3}},"28":{"start":{"line":187,"column":42},"end":{"line":192,"column":60}},"29":{"start":{"line":187,"column":57},"end":{"line":192,"column":3}},"30":{"start":{"line":194,"column":36},"end":{"line":197,"column":39}},"31":{"start":{"line":194,"column":51},"end":{"line":197,"column":3}},"32":{"start":{"line":200,"column":32},"end":{"line":234,"column":3}},"33":{"start":{"line":201,"column":4},"end":{"line":233,"column":5}},"34":{"start":{"line":203,"column":8},"end":{"line":212,"column":9}},"35":{"start":{"line":215,"column":8},"end":{"line":224,"column":9}},"36":{"start":{"line":227,"column":8},"end":{"line":229,"column":9}},"37":{"start":{"line":232,"column":8},"end":{"line":232,"column":17}},"38":{"start":{"line":236,"column":23},"end":{"line":269,"column":3}},"39":{"start":{"line":237,"column":4},"end":{"line":239,"column":5}},"40":{"start":{"line":238,"column":6},"end":{"line":238,"column":63}},"41":{"start":{"line":241,"column":4},"end":{"line":266,"column":5}},"42":{"start":{"line":242,"column":6},"end":{"line":265,"column":7}},"43":{"start":{"line":268,"column":4},"end":{"line":268,"column":15}},"44":{"start":{"line":271,"column":24},"end":{"line":284,"column":3}},"45":{"start":{"line":272,"column":4},"end":{"line":281,"column":5}},"46":{"start":{"line":273,"column":6},"end":{"line":280,"column":7}},"47":{"start":{"line":283,"column":4},"end":{"line":283,"column":57}},"48":{"start":{"line":286,"column":2},"end":{"line":310,"column":3}},"49":{"start":{"line":313,"column":15},"end":{"line":317,"column":2}}},"fnMap":{"0":{"name":"(anonymous_0)","decl":{"start":{"line":53,"column":43},"end":{"line":53,"column":44}},"loc":{"start":{"line":69,"column":6},"end":{"line":311,"column":1}},"line":69},"1":{"name":"(anonymous_1)","decl":{"start":{"line":74,"column":12},"end":{"line":74,"column":13}},"loc":{"start":{"line":74,"column":18},"end":{"line":103,"column":3}},"line":74},"2":{"name":"(anonymous_2)","decl":{"start":{"line":105,"column":33},"end":{"line":105,"column":34}},"loc":{"start":{"line":105,"column":50},"end":{"line":127,"column":3}},"line":105},"3":{"name":"(anonymous_3)","decl":{"start":{"line":129,"column":35},"end":{"line":129,"column":36}},"loc":{"start":{"line":129,"column":52},"end":{"line":164,"column":3}},"line":129},"4":{"name":"(anonymous_4)","decl":{"start":{"line":166,"column":42},"end":{"line":166,"column":43}},"loc":{"start":{"line":166,"column":49},"end":{"line":170,"column":3}},"line":166},"5":{"name":"(anonymous_5)","decl":{"start":{"line":172,"column":51},"end":{"line":172,"column":52}},"loc":{"start":{"line":172,"column":58},"end":{"line":175,"column":3}},"line":172},"6":{"name":"(anonymous_6)","decl":{"start":{"line":177,"column":50},"end":{"line":177,"column":51}},"loc":{"start":{"line":177,"column":57},"end":{"line":185,"column":3}},"line":177},"7":{"name":"(anonymous_7)","decl":{"start":{"line":187,"column":50},"end":{"line":187,"column":51}},"loc":{"start":{"line":187,"column":57},"end":{"line":192,"column":3}},"line":187},"8":{"name":"(anonymous_8)","decl":{"start":{"line":194,"column":44},"end":{"line":194,"column":45}},"loc":{"start":{"line":194,"column":51},"end":{"line":197,"column":3}},"line":194},"9":{"name":"(anonymous_9)","decl":{"start":{"line":200,"column":32},"end":{"line":200,"column":33}},"loc":{"start":{"line":200,"column":46},"end":{"line":234,"column":3}},"line":200},"10":{"name":"(anonymous_10)","decl":{"start":{"line":236,"column":23},"end":{"line":236,"column":24}},"loc":{"start":{"line":236,"column":29},"end":{"line":269,"column":3}},"line":236},"11":{"name":"(anonymous_11)","decl":{"start":{"line":271,"column":24},"end":{"line":271,"column":25}},"loc":{"start":{"line":271,"column":30},"end":{"line":284,"column":3}},"line":271}},"branchMap":{"0":{"loc":{"start":{"line":60,"column":2},"end":{"line":60,"column":20}},"type":"default-arg","locations":[{"start":{"line":60,"column":12},"end":{"line":60,"column":20}}],"line":60},"1":{"loc":{"start":{"line":61,"column":2},"end":{"line":61,"column":19}},"type":"default-arg","locations":[{"start":{"line":61,"column":14},"end":{"line":61,"column":19}}],"line":61},"2":{"loc":{"start":{"line":62,"column":2},"end":{"line":62,"column":19}},"type":"default-arg","locations":[{"start":{"line":62,"column":15},"end":{"line":62,"column":19}}],"line":62},"3":{"loc":{"start":{"line":63,"column":2},"end":{"line":63,"column":20}},"type":"default-arg","locations":[{"start":{"line":63,"column":16},"end":{"line":63,"column":20}}],"line":63},"4":{"loc":{"start":{"line":64,"column":2},"end":{"line":64,"column":24}},"type":"default-arg","locations":[{"start":{"line":64,"column":20},"end":{"line":64,"column":24}}],"line":64},"5":{"loc":{"start":{"line":75,"column":4},"end":{"line":102,"column":5}},"type":"if","locations":[{"start":{"line":75,"column":4},"end":{"line":102,"column":5}},{"start":{"line":89,"column":11},"end":{"line":102,"column":5}}],"line":75},"6":{"loc":{"start":{"line":106,"column":4},"end":{"line":126,"column":5}},"type":"switch","locations":[{"start":{"line":107,"column":6},"end":{"line":112,"column":9}},{"start":{"line":114,"column":6},"end":{"line":117,"column":9}},{"start":{"line":119,"column":6},"end":{"line":122,"column":9}},{"start":{"line":124,"column":6},"end":{"line":125,"column":17}}],"line":106},"7":{"loc":{"start":{"line":135,"column":4},"end":{"line":163,"column":5}},"type":"switch","locations":[{"start":{"line":136,"column":6},"end":{"line":143,"column":9}},{"start":{"line":145,"column":6},"end":{"line":152,"column":9}},{"start":{"line":154,"column":6},"end":{"line":159,"column":9}},{"start":{"line":161,"column":6},"end":{"line":162,"column":24}}],"line":135},"8":{"loc":{"start":{"line":141,"column":21},"end":{"line":141,"column":84}},"type":"cond-expr","locations":[{"start":{"line":141,"column":53},"end":{"line":141,"column":62}},{"start":{"line":141,"column":65},"end":{"line":141,"column":84}}],"line":141},"9":{"loc":{"start":{"line":150,"column":21},"end":{"line":150,"column":84}},"type":"cond-expr","locations":[{"start":{"line":150,"column":53},"end":{"line":150,"column":62}},{"start":{"line":150,"column":65},"end":{"line":150,"column":84}}],"line":150},"10":{"loc":{"start":{"line":201,"column":4},"end":{"line":233,"column":5}},"type":"switch","locations":[{"start":{"line":202,"column":6},"end":{"line":212,"column":9}},{"start":{"line":214,"column":6},"end":{"line":224,"column":9}},{"start":{"line":226,"column":6},"end":{"line":229,"column":9}},{"start":{"line":231,"column":6},"end":{"line":232,"column":17}}],"line":201},"11":{"loc":{"start":{"line":237,"column":4},"end":{"line":239,"column":5}},"type":"if","locations":[{"start":{"line":237,"column":4},"end":{"line":239,"column":5}},{"start":{},"end":{}}],"line":237},"12":{"loc":{"start":{"line":241,"column":4},"end":{"line":266,"column":5}},"type":"if","locations":[{"start":{"line":241,"column":4},"end":{"line":266,"column":5}},{"start":{},"end":{}}],"line":241},"13":{"loc":{"start":{"line":241,"column":8},"end":{"line":241,"column":32}},"type":"binary-expr","locations":[{"start":{"line":241,"column":8},"end":{"line":241,"column":13}},{"start":{"line":241,"column":17},"end":{"line":241,"column":32}}],"line":241},"14":{"loc":{"start":{"line":244,"column":11},"end":{"line":254,"column":11}},"type":"binary-expr","locations":[{"start":{"line":244,"column":11},"end":{"line":244,"column":16}},{"start":{"line":245,"column":12},"end":{"line":253,"column":19}}],"line":244},"15":{"loc":{"start":{"line":255,"column":11},"end":{"line":263,"column":11}},"type":"binary-expr","locations":[{"start":{"line":255,"column":11},"end":{"line":255,"column":26}},{"start":{"line":256,"column":12},"end":{"line":262,"column":31}}],"line":255},"16":{"loc":{"start":{"line":272,"column":4},"end":{"line":281,"column":5}},"type":"if","locations":[{"start":{"line":272,"column":4},"end":{"line":281,"column":5}},{"start":{},"end":{}}],"line":272},"17":{"loc":{"start":{"line":291,"column":22},"end":{"line":291,"column":55}},"type":"cond-expr","locations":[{"start":{"line":291,"column":36},"end":{"line":291,"column":43}},{"start":{"line":291,"column":46},"end":{"line":291,"column":55}}],"line":291},"18":{"loc":{"start":{"line":299,"column":19},"end":{"line":299,"column":52}},"type":"cond-expr","locations":[{"start":{"line":299,"column":33},"end":{"line":299,"column":40}},{"start":{"line":299,"column":43},"end":{"line":299,"column":52}}],"line":299},"19":{"loc":{"start":{"line":306,"column":11},"end":{"line":306,"column":71}},"type":"binary-expr","locations":[{"start":{"line":306,"column":11},"end":{"line":306,"column":17}},{"start":{"line":306,"column":21},"end":{"line":306,"column":71}}],"line":306}},"s":{"0":0,"1":0,"2":0,"3":0,"4":0,"5":0,"6":0,"7":0,"8":0,"9":0,"10":0,"11":0,"12":0,"13":0,"14":0,"15":0,"16":0,"17":0,"18":0,"19":0,"20":0,"21":0,"22":0,"23":0,"24":0,"25":0,"26":0,"27":0,"28":0,"29":0,"30":0,"31":0,"32":0,"33":0,"34":0,"35":0,"36":0,"37":0,"38":0,"39":0,"40":0,"41":0,"42":0,"43":0,"44":0,"45":0,"46":0,"47":0,"48":0,"49":0},"f":{"0":0,"1":0,"2":0,"3":0,"4":0,"5":0,"6":0,"7":0,"8":0,"9":0,"10":0,"11":0},"b":{"0":[0],"1":[0],"2":[0],"3":[0],"4":[0],"5":[0,0],"6":[0,0,0,0],"7":[0,0,0,0],"8":[0,0],"9":[0,0],"10":[0,0,0,0],"11":[0,0],"12":[0,0],"13":[0,0],"14":[0,0],"15":[0,0],"16":[0,0],"17":[0,0],"18":[0,0],"19":[0,0]}}
,"C:\\xampp\\htdocs\\antigaspi2\\mobile\\src\\components\\2025\\Typography.tsx": {"path":"C:\\xampp\\htdocs\\antigaspi2\\mobile\\src\\components\\2025\\Typography.tsx","statementMap":{"0":{"start":{"line":55,"column":53},"end":{"line":107,"column":1}},"1":{"start":{"line":65,"column":16},"end":{"line":65,"column":26}},"2":{"start":{"line":68,"column":20},"end":{"line":68,"column":81}},"3":{"start":{"line":68,"column":34},"end":{"line":68,"column":62}},"4":{"start":{"line":71,"column":19},"end":{"line":92,"column":27}},"5":{"start":{"line":72,"column":4},"end":{"line":91,"column":5}},"6":{"start":{"line":74,"column":8},"end":{"line":74,"column":32}},"7":{"start":{"line":76,"column":8},"end":{"line":76,"column":41}},"8":{"start":{"line":78,"column":8},"end":{"line":78,"column":40}},"9":{"start":{"line":80,"column":8},"end":{"line":80,"column":39}},"10":{"start":{"line":82,"column":8},"end":{"line":82,"column":40}},"11":{"start":{"line":84,"column":8},"end":{"line":84,"column":35}},"12":{"start":{"line":86,"column":8},"end":{"line":86,"column":35}},"13":{"start":{"line":88,"column":8},"end":{"line":88,"column":33}},"14":{"start":{"line":90,"column":8},"end":{"line":90,"column":32}},"15":{"start":{"line":94,"column":31},"end":{"line":100,"column":79}},"16":{"start":{"line":94,"column":46},"end":{"line":100,"column":3}},"17":{"start":{"line":102,"column":2},"end":{"line":106,"column":3}},"18":{"start":{"line":110,"column":68},"end":{"line":112,"column":1}},"19":{"start":{"line":111,"column":2},"end":{"line":111,"column":40}},"20":{"start":{"line":114,"column":68},"end":{"line":116,"column":1}},"21":{"start":{"line":115,"column":2},"end":{"line":115,"column":40}},"22":{"start":{"line":118,"column":68},"end":{"line":120,"column":1}},"23":{"start":{"line":119,"column":2},"end":{"line":119,"column":40}},"24":{"start":{"line":122,"column":68},"end":{"line":124,"column":1}},"25":{"start":{"line":123,"column":2},"end":{"line":123,"column":40}},"26":{"start":{"line":126,"column":68},"end":{"line":128,"column":1}},"27":{"start":{"line":127,"column":2},"end":{"line":127,"column":42}},"28":{"start":{"line":130,"column":69},"end":{"line":132,"column":1}},"29":{"start":{"line":131,"column":2},"end":{"line":131,"column":43}},"30":{"start":{"line":134,"column":71},"end":{"line":136,"column":1}},"31":{"start":{"line":135,"column":2},"end":{"line":135,"column":45}},"32":{"start":{"line":138,"column":106},"end":{"line":149,"column":1}},"33":{"start":{"line":142,"column":21},"end":{"line":147,"column":3}},"34":{"start":{"line":148,"column":2},"end":{"line":148,"column":61}}},"fnMap":{"0":{"name":"(anonymous_0)","decl":{"start":{"line":55,"column":53},"end":{"line":55,"column":54}},"loc":{"start":{"line":64,"column":6},"end":{"line":107,"column":1}},"line":64},"1":{"name":"(anonymous_1)","decl":{"start":{"line":68,"column":28},"end":{"line":68,"column":29}},"loc":{"start":{"line":68,"column":34},"end":{"line":68,"column":62}},"line":68},"2":{"name":"(anonymous_2)","decl":{"start":{"line":71,"column":27},"end":{"line":71,"column":28}},"loc":{"start":{"line":71,"column":41},"end":{"line":92,"column":3}},"line":71},"3":{"name":"(anonymous_3)","decl":{"start":{"line":94,"column":39},"end":{"line":94,"column":40}},"loc":{"start":{"line":94,"column":46},"end":{"line":100,"column":3}},"line":94},"4":{"name":"(anonymous_4)","decl":{"start":{"line":110,"column":68},"end":{"line":110,"column":69}},"loc":{"start":{"line":111,"column":2},"end":{"line":111,"column":40}},"line":111},"5":{"name":"(anonymous_5)","decl":{"start":{"line":114,"column":68},"end":{"line":114,"column":69}},"loc":{"start":{"line":115,"column":2},"end":{"line":115,"column":40}},"line":115},"6":{"name":"(anonymous_6)","decl":{"start":{"line":118,"column":68},"end":{"line":118,"column":69}},"loc":{"start":{"line":119,"column":2},"end":{"line":119,"column":40}},"line":119},"7":{"name":"(anonymous_7)","decl":{"start":{"line":122,"column":68},"end":{"line":122,"column":69}},"loc":{"start":{"line":123,"column":2},"end":{"line":123,"column":40}},"line":123},"8":{"name":"(anonymous_8)","decl":{"start":{"line":126,"column":68},"end":{"line":126,"column":69}},"loc":{"start":{"line":127,"column":2},"end":{"line":127,"column":42}},"line":127},"9":{"name":"(anonymous_9)","decl":{"start":{"line":130,"column":69},"end":{"line":130,"column":70}},"loc":{"start":{"line":131,"column":2},"end":{"line":131,"column":43}},"line":131},"10":{"name":"(anonymous_10)","decl":{"start":{"line":134,"column":71},"end":{"line":134,"column":72}},"loc":{"start":{"line":135,"column":2},"end":{"line":135,"column":45}},"line":135},"11":{"name":"(anonymous_11)","decl":{"start":{"line":138,"column":106},"end":{"line":138,"column":107}},"loc":{"start":{"line":141,"column":6},"end":{"line":149,"column":1}},"line":141}},"branchMap":{"0":{"loc":{"start":{"line":57,"column":2},"end":{"line":57,"column":18}},"type":"default-arg","locations":[{"start":{"line":57,"column":12},"end":{"line":57,"column":18}}],"line":57},"1":{"loc":{"start":{"line":58,"column":2},"end":{"line":58,"column":19}},"type":"default-arg","locations":[{"start":{"line":58,"column":10},"end":{"line":58,"column":19}}],"line":58},"2":{"loc":{"start":{"line":59,"column":2},"end":{"line":59,"column":16}},"type":"default-arg","locations":[{"start":{"line":59,"column":10},"end":{"line":59,"column":16}}],"line":59},"3":{"loc":{"start":{"line":72,"column":4},"end":{"line":91,"column":5}},"type":"switch","locations":[{"start":{"line":73,"column":6},"end":{"line":74,"column":32}},{"start":{"line":75,"column":6},"end":{"line":76,"column":41}},{"start":{"line":77,"column":6},"end":{"line":78,"column":40}},{"start":{"line":79,"column":6},"end":{"line":80,"column":39}},{"start":{"line":81,"column":6},"end":{"line":82,"column":40}},{"start":{"line":83,"column":6},"end":{"line":84,"column":35}},{"start":{"line":85,"column":6},"end":{"line":86,"column":35}},{"start":{"line":87,"column":6},"end":{"line":88,"column":33}},{"start":{"line":89,"column":6},"end":{"line":90,"column":32}}],"line":72},"4":{"loc":{"start":{"line":98,"column":8},"end":{"line":98,"column":100}},"type":"binary-expr","locations":[{"start":{"line":98,"column":8},"end":{"line":98,"column":14}},{"start":{"line":98,"column":18},"end":{"line":98,"column":45}},{"start":{"line":98,"column":49},"end":{"line":98,"column":100}}],"line":98},"5":{"loc":{"start":{"line":139,"column":2},"end":{"line":139,"column":13}},"type":"default-arg","locations":[{"start":{"line":139,"column":9},"end":{"line":139,"column":13}}],"line":139}},"s":{"0":1,"1":61,"2":61,"3":61,"4":61,"5":61,"6":46,"7":2,"8":1,"9":1,"10":4,"11":3,"12":1,"13":3,"14":0,"15":61,"16":61,"17":61,"18":1,"19":2,"20":1,"21":2,"22":1,"23":1,"24":1,"25":1,"26":1,"27":3,"28":1,"29":2,"30":1,"31":2,"32":1,"33":4,"34":4},"f":{"0":61,"1":61,"2":61,"3":61,"4":2,"5":2,"6":1,"7":1,"8":3,"9":2,"10":2,"11":4},"b":{"0":[29],"1":[45],"2":[55],"3":[46,2,1,1,4,3,1,3,0],"4":[61,11,11],"5":[0]},"_coverageSchema":"1a1c01bbd47fc00a2c39e90264f33305004495a9","hash":"8b14bcac90b7144b74550615e9bb4ba3adae1366"}
,"C:\\xampp\\htdocs\\antigaspi2\\mobile\\src\\components\\2025\\index.ts": {"path":"C:\\xampp\\htdocs\\antigaspi2\\mobile\\src\\components\\2025\\index.ts","statementMap":{},"fnMap":{},"branchMap":{},"s":{},"f":{},"b":{}}
,"C:\\xampp\\htdocs\\antigaspi2\\mobile\\src\\theme\\ThemeContext.tsx": {"path":"C:\\xampp\\htdocs\\antigaspi2\\mobile\\src\\theme\\ThemeContext.tsx","statementMap":{"0":{"start":{"line":90,"column":21},"end":{"line":93,"column":1}},"1":{"start":{"line":96,"column":52},"end":{"line":101,"column":1}},"2":{"start":{"line":104,"column":28},"end":{"line":104,"column":83}},"3":{"start":{"line":107,"column":64},"end":{"line":329,"column":1}},"4":{"start":{"line":108,"column":28},"end":{"line":108,"column":44}},"5":{"start":{"line":109,"column":41},"end":{"line":109,"column":68}},"6":{"start":{"line":110,"column":44},"end":{"line":110,"column":97}},"7":{"start":{"line":113,"column":17},"end":{"line":113,"column":95}},"8":{"start":{"line":116,"column":25},"end":{"line":197,"column":3}},"9":{"start":{"line":117,"column":17},"end":{"line":117,"column":27}},"10":{"start":{"line":119,"column":4},"end":{"line":157,"column":5}},"11":{"start":{"line":120,"column":6},"end":{"line":156,"column":7}},"12":{"start":{"line":160,"column":4},"end":{"line":196,"column":5}},"13":{"start":{"line":200,"column":23},"end":{"line":238,"column":3}},"14":{"start":{"line":241,"column":2},"end":{"line":254,"column":8}},"15":{"start":{"line":242,"column":4},"end":{"line":242,"column":26}},"16":{"start":{"line":245,"column":25},"end":{"line":251,"column":6}},"17":{"start":{"line":247,"column":6},"end":{"line":250,"column":7}},"18":{"start":{"line":249,"column":8},"end":{"line":249,"column":33}},"19":{"start":{"line":253,"column":4},"end":{"line":253,"column":38}},"20":{"start":{"line":253,"column":17},"end":{"line":253,"column":38}},"21":{"start":{"line":256,"column":31},"end":{"line":273,"column":3}},"22":{"start":{"line":257,"column":4},"end":{"line":272,"column":5}},"23":{"start":{"line":258,"column":46},"end":{"line":261,"column":8}},"24":{"start":{"line":263,"column":6},"end":{"line":265,"column":7}},"25":{"start":{"line":264,"column":8},"end":{"line":264,"column":49}},"26":{"start":{"line":267,"column":6},"end":{"line":269,"column":7}},"27":{"start":{"line":268,"column":8},"end":{"line":268,"column":56}},"28":{"start":{"line":271,"column":6},"end":{"line":271,"column":62}},"29":{"start":{"line":275,"column":23},"end":{"line":282,"column":3}},"30":{"start":{"line":276,"column":4},"end":{"line":281,"column":5}},"31":{"start":{"line":277,"column":6},"end":{"line":277,"column":29}},"32":{"start":{"line":278,"column":6},"end":{"line":278,"column":63}},"33":{"start":{"line":280,"column":6},"end":{"line":280,"column":54}},"34":{"start":{"line":284,"column":22},"end":{"line":291,"column":3}},"35":{"start":{"line":286,"column":6},"end":{"line":288,"column":13}},"36":{"start":{"line":290,"column":4},"end":{"line":290,"column":31}},"37":{"start":{"line":293,"column":30},"end":{"line":301,"column":3}},"38":{"start":{"line":294,"column":4},"end":{"line":300,"column":5}},"39":{"start":{"line":295,"column":26},"end":{"line":295,"column":59}},"40":{"start":{"line":296,"column":6},"end":{"line":296,"column":35}},"41":{"start":{"line":297,"column":6},"end":{"line":297,"column":89}},"42":{"start":{"line":299,"column":6},"end":{"line":299,"column":66}},"43":{"start":{"line":303,"column":21},"end":{"line":314,"column":3}},"44":{"start":{"line":304,"column":4},"end":{"line":313,"column":5}},"45":{"start":{"line":305,"column":6},"end":{"line":308,"column":8}},"46":{"start":{"line":309,"column":6},"end":{"line":309,"column":31}},"47":{"start":{"line":310,"column":6},"end":{"line":310,"column":44}},"48":{"start":{"line":312,"column":6},"end":{"line":312,"column":52}},"49":{"start":{"line":316,"column":42},"end":{"line":322,"column":3}},"50":{"start":{"line":324,"column":2},"end":{"line":328,"column":3}}},"fnMap":{"0":{"name":"(anonymous_0)","decl":{"start":{"line":107,"column":64},"end":{"line":107,"column":65}},"loc":{"start":{"line":107,"column":82},"end":{"line":329,"column":1}},"line":107},"1":{"name":"(anonymous_1)","decl":{"start":{"line":116,"column":25},"end":{"line":116,"column":26}},"loc":{"start":{"line":116,"column":44},"end":{"line":197,"column":3}},"line":116},"2":{"name":"(anonymous_2)","decl":{"start":{"line":241,"column":12},"end":{"line":241,"column":13}},"loc":{"start":{"line":241,"column":18},"end":{"line":254,"column":3}},"line":241},"3":{"name":"(anonymous_3)","decl":{"start":{"line":245,"column":54},"end":{"line":245,"column":55}},"loc":{"start":{"line":245,"column":60},"end":{"line":251,"column":5}},"line":245},"4":{"name":"(anonymous_4)","decl":{"start":{"line":253,"column":11},"end":{"line":253,"column":12}},"loc":{"start":{"line":253,"column":17},"end":{"line":253,"column":38}},"line":253},"5":{"name":"(anonymous_5)","decl":{"start":{"line":256,"column":31},"end":{"line":256,"column":32}},"loc":{"start":{"line":256,"column":43},"end":{"line":273,"column":3}},"line":256},"6":{"name":"(anonymous_6)","decl":{"start":{"line":275,"column":23},"end":{"line":275,"column":24}},"loc":{"start":{"line":275,"column":50},"end":{"line":282,"column":3}},"line":275},"7":{"name":"(anonymous_7)","decl":{"start":{"line":284,"column":22},"end":{"line":284,"column":23}},"loc":{"start":{"line":284,"column":34},"end":{"line":291,"column":3}},"line":284},"8":{"name":"(anonymous_8)","decl":{"start":{"line":293,"column":30},"end":{"line":293,"column":31}},"loc":{"start":{"line":293,"column":82},"end":{"line":301,"column":3}},"line":293},"9":{"name":"(anonymous_9)","decl":{"start":{"line":303,"column":21},"end":{"line":303,"column":22}},"loc":{"start":{"line":303,"column":33},"end":{"line":314,"column":3}},"line":303}},"branchMap":{"0":{"loc":{"start":{"line":113,"column":17},"end":{"line":113,"column":95}},"type":"binary-expr","locations":[{"start":{"line":113,"column":17},"end":{"line":113,"column":37}},{"start":{"line":113,"column":42},"end":{"line":113,"column":62}},{"start":{"line":113,"column":66},"end":{"line":113,"column":94}}],"line":113},"1":{"loc":{"start":{"line":119,"column":4},"end":{"line":157,"column":5}},"type":"if","locations":[{"start":{"line":119,"column":4},"end":{"line":157,"column":5}},{"start":{},"end":{}}],"line":119},"2":{"loc":{"start":{"line":209,"column":13},"end":{"line":222,"column":32}},"type":"cond-expr","locations":[{"start":{"line":210,"column":8},"end":{"line":221,"column":9}},{"start":{"line":222,"column":8},"end":{"line":222,"column":32}}],"line":209},"3":{"loc":{"start":{"line":223,"column":16},"end":{"line":234,"column":35}},"type":"cond-expr","locations":[{"start":{"line":224,"column":8},"end":{"line":233,"column":9}},{"start":{"line":234,"column":8},"end":{"line":234,"column":35}}],"line":223},"4":{"loc":{"start":{"line":247,"column":6},"end":{"line":250,"column":7}},"type":"if","locations":[{"start":{"line":247,"column":6},"end":{"line":250,"column":7}},{"start":{},"end":{}}],"line":247},"5":{"loc":{"start":{"line":263,"column":6},"end":{"line":265,"column":7}},"type":"if","locations":[{"start":{"line":263,"column":6},"end":{"line":265,"column":7}},{"start":{},"end":{}}],"line":263},"6":{"loc":{"start":{"line":267,"column":6},"end":{"line":269,"column":7}},"type":"if","locations":[{"start":{"line":267,"column":6},"end":{"line":269,"column":7}},{"start":{},"end":{}}],"line":267},"7":{"loc":{"start":{"line":286,"column":6},"end":{"line":288,"column":13}},"type":"cond-expr","locations":[{"start":{"line":286,"column":30},"end":{"line":286,"column":36}},{"start":{"line":287,"column":6},"end":{"line":288,"column":13}}],"line":286},"8":{"loc":{"start":{"line":287,"column":6},"end":{"line":288,"column":13}},"type":"cond-expr","locations":[{"start":{"line":287,"column":29},"end":{"line":287,"column":35}},{"start":{"line":288,"column":6},"end":{"line":288,"column":13}}],"line":287}},"s":{"0":5,"1":5,"2":5,"3":5,"4":184,"5":184,"6":184,"7":184,"8":184,"9":184,"10":184,"11":0,"12":184,"13":184,"14":184,"15":181,"16":181,"17":0,"18":0,"19":181,"20":181,"21":184,"22":181,"23":181,"24":181,"25":0,"26":181,"27":0,"28":0,"29":184,"30":0,"31":0,"32":0,"33":0,"34":184,"35":0,"36":0,"37":184,"38":0,"39":0,"40":0,"41":0,"42":0,"43":184,"44":0,"45":0,"46":0,"47":0,"48":0,"49":184,"50":184},"f":{"0":184,"1":184,"2":181,"3":0,"4":181,"5":181,"6":0,"7":0,"8":0,"9":0},"b":{"0":[184,184,184],"1":[0,184],"2":[0,184],"3":[0,184],"4":[0,0],"5":[0,181],"6":[0,181],"7":[0,0],"8":[0,0]},"_coverageSchema":"1a1c01bbd47fc00a2c39e90264f33305004495a9","hash":"933fd48fd94fbb4badec38f3885234b3673e34f0"}
,"C:\\xampp\\htdocs\\antigaspi2\\mobile\\src\\theme\\designSystem2025.ts": {"path":"C:\\xampp\\htdocs\\antigaspi2\\mobile\\src\\theme\\designSystem2025.ts","statementMap":{"0":{"start":{"line":9,"column":22},"end":{"line":69,"column":1}},"1":{"start":{"line":72,"column":25},"end":{"line":78,"column":1}},"2":{"start":{"line":81,"column":26},"end":{"line":131,"column":1}},"3":{"start":{"line":134,"column":23},"end":{"line":144,"column":1}},"4":{"start":{"line":147,"column":22},"end":{"line":157,"column":1}},"5":{"start":{"line":160,"column":23},"end":{"line":217,"column":1}},"6":{"start":{"line":220,"column":26},"end":{"line":236,"column":1}},"7":{"start":{"line":239,"column":22},"end":{"line":249,"column":1}},"8":{"start":{"line":252,"column":27},"end":{"line":258,"column":1}},"9":{"start":{"line":261,"column":23},"end":{"line":269,"column":1}},"10":{"start":{"line":272,"column":32},"end":{"line":283,"column":1}},"11":{"start":{"line":286,"column":26},"end":{"line":288,"column":1}},"12":{"start":{"line":287,"column":2},"end":{"line":287,"column":23}},"13":{"start":{"line":291,"column":27},"end":{"line":298,"column":1}},"14":{"start":{"line":293,"column":14},"end":{"line":293,"column":36}},"15":{"start":{"line":294,"column":12},"end":{"line":294,"column":45}},"16":{"start":{"line":295,"column":12},"end":{"line":295,"column":45}},"17":{"start":{"line":296,"column":12},"end":{"line":296,"column":45}},"18":{"start":{"line":297,"column":2},"end":{"line":297,"column":45}}},"fnMap":{"0":{"name":"(anonymous_0)","decl":{"start":{"line":286,"column":26},"end":{"line":286,"column":27}},"loc":{"start":{"line":286,"column":58},"end":{"line":288,"column":1}},"line":286},"1":{"name":"(anonymous_1)","decl":{"start":{"line":291,"column":27},"end":{"line":291,"column":28}},"loc":{"start":{"line":291,"column":71},"end":{"line":298,"column":1}},"line":291}},"branchMap":{},"s":{"0":5,"1":5,"2":5,"3":5,"4":5,"5":5,"6":5,"7":5,"8":5,"9":5,"10":5,"11":5,"12":0,"13":5,"14":184,"15":184,"16":184,"17":184,"18":184},"f":{"0":0,"1":184},"b":{},"_coverageSchema":"1a1c01bbd47fc00a2c39e90264f33305004495a9","hash":"5f6ba9ed0a19556f62ac7d0cd4cb0d0e78eae754"}
,"C:\\xampp\\htdocs\\antigaspi2\\mobile\\src\\theme\\index.ts": {"path":"C:\\xampp\\htdocs\\antigaspi2\\mobile\\src\\theme\\index.ts","statementMap":{},"fnMap":{},"branchMap":{},"s":{},"f":{},"b":{},"_coverageSchema":"1a1c01bbd47fc00a2c39e90264f33305004495a9","hash":"99c8b9ae78245b98f095181daa3a804d07e34b94"}
,"C:\\xampp\\htdocs\\antigaspi2\\mobile\\src\\theme\\useTheme.ts": {"path":"C:\\xampp\\htdocs\\antigaspi2\\mobile\\src\\theme\\useTheme.ts","statementMap":{"0":{"start":{"line":20,"column":24},"end":{"line":275,"column":1}},"1":{"start":{"line":21,"column":18},"end":{"line":21,"column":42}},"2":{"start":{"line":23,"column":2},"end":{"line":25,"column":3}},"3":{"start":{"line":24,"column":4},"end":{"line":24,"column":67}},"4":{"start":{"line":27,"column":80},"end":{"line":27,"column":87}},"5":{"start":{"line":30,"column":18},"end":{"line":235,"column":3}},"6":{"start":{"line":38,"column":6},"end":{"line":40,"column":7}},"7":{"start":{"line":39,"column":8},"end":{"line":39,"column":22}},"8":{"start":{"line":41,"column":6},"end":{"line":41,"column":31}},"9":{"start":{"line":50,"column":6},"end":{"line":50,"column":30}},"10":{"start":{"line":59,"column":6},"end":{"line":59,"column":31}},"11":{"start":{"line":68,"column":24},"end":{"line":68,"column":54}},"12":{"start":{"line":69,"column":25},"end":{"line":69,"column":63}},"13":{"start":{"line":71,"column":6},"end":{"line":80,"column":7}},"14":{"start":{"line":89,"column":6},"end":{"line":89,"column":43}},"15":{"start":{"line":97,"column":42},"end":{"line":107,"column":5}},"16":{"start":{"line":116,"column":6},"end":{"line":120,"column":7}},"17":{"start":{"line":130,"column":18},"end":{"line":130,"column":40}},"18":{"start":{"line":131,"column":16},"end":{"line":131,"column":49}},"19":{"start":{"line":132,"column":16},"end":{"line":132,"column":49}},"20":{"start":{"line":133,"column":16},"end":{"line":133,"column":49}},"21":{"start":{"line":134,"column":6},"end":{"line":134,"column":49}},"22":{"start":{"line":142,"column":48},"end":{"line":149,"column":5}},"23":{"start":{"line":156,"column":49},"end":{"line":167,"column":5}},"24":{"start":{"line":179,"column":20},"end":{"line":183,"column":7}},"25":{"start":{"line":185,"column":35},"end":{"line":191,"column":7}},"26":{"start":{"line":193,"column":6},"end":{"line":221,"column":7}},"27":{"start":{"line":195,"column":10},"end":{"line":199,"column":11}},"28":{"start":{"line":201,"column":10},"end":{"line":205,"column":11}},"29":{"start":{"line":207,"column":10},"end":{"line":212,"column":11}},"30":{"start":{"line":214,"column":10},"end":{"line":218,"column":11}},"31":{"start":{"line":220,"column":10},"end":{"line":220,"column":26}},"32":{"start":{"line":233,"column":6},"end":{"line":233,"column":22}},"33":{"start":{"line":243,"column":6},"end":{"line":243,"column":13}},"34":{"start":{"line":245,"column":2},"end":{"line":274,"column":3}}},"fnMap":{"0":{"name":"(anonymous_0)","decl":{"start":{"line":20,"column":24},"end":{"line":20,"column":25}},"loc":{"start":{"line":20,"column":30},"end":{"line":275,"column":1}},"line":20},"1":{"name":"(anonymous_1)","decl":{"start":{"line":37,"column":13},"end":{"line":37,"column":14}},"loc":{"start":{"line":37,"column":51},"end":{"line":42,"column":5}},"line":37},"2":{"name":"(anonymous_2)","decl":{"start":{"line":49,"column":12},"end":{"line":49,"column":13}},"loc":{"start":{"line":49,"column":40},"end":{"line":51,"column":5}},"line":49},"3":{"name":"(anonymous_3)","decl":{"start":{"line":58,"column":12},"end":{"line":58,"column":13}},"loc":{"start":{"line":58,"column":43},"end":{"line":60,"column":5}},"line":58},"4":{"name":"(anonymous_4)","decl":{"start":{"line":67,"column":16},"end":{"line":67,"column":17}},"loc":{"start":{"line":67,"column":51},"end":{"line":81,"column":5}},"line":67},"5":{"name":"(anonymous_5)","decl":{"start":{"line":88,"column":14},"end":{"line":88,"column":15}},"loc":{"start":{"line":88,"column":50},"end":{"line":90,"column":5}},"line":88},"6":{"name":"(anonymous_6)","decl":{"start":{"line":97,"column":11},"end":{"line":97,"column":12}},"loc":{"start":{"line":97,"column":42},"end":{"line":107,"column":5}},"line":97},"7":{"name":"(anonymous_7)","decl":{"start":{"line":115,"column":14},"end":{"line":115,"column":15}},"loc":{"start":{"line":115,"column":54},"end":{"line":121,"column":5}},"line":115},"8":{"name":"(anonymous_8)","decl":{"start":{"line":129,"column":17},"end":{"line":129,"column":18}},"loc":{"start":{"line":129,"column":61},"end":{"line":135,"column":5}},"line":129},"9":{"name":"(anonymous_9)","decl":{"start":{"line":142,"column":15},"end":{"line":142,"column":16}},"loc":{"start":{"line":142,"column":48},"end":{"line":149,"column":5}},"line":142},"10":{"name":"(anonymous_10)","decl":{"start":{"line":156,"column":16},"end":{"line":156,"column":17}},"loc":{"start":{"line":156,"column":49},"end":{"line":167,"column":5}},"line":156},"11":{"name":"(anonymous_11)","decl":{"start":{"line":175,"column":17},"end":{"line":175,"column":18}},"loc":{"start":{"line":178,"column":20},"end":{"line":222,"column":5}},"line":178},"12":{"name":"(anonymous_12)","decl":{"start":{"line":230,"column":16},"end":{"line":230,"column":17}},"loc":{"start":{"line":230,"column":101},"end":{"line":234,"column":5}},"line":230}},"branchMap":{"0":{"loc":{"start":{"line":23,"column":2},"end":{"line":25,"column":3}},"type":"if","locations":[{"start":{"line":23,"column":2},"end":{"line":25,"column":3}},{"start":{},"end":{}}],"line":23},"1":{"loc":{"start":{"line":38,"column":6},"end":{"line":40,"column":7}},"type":"if","locations":[{"start":{"line":38,"column":6},"end":{"line":40,"column":7}},{"start":{},"end":{}}],"line":38},"2":{"loc":{"start":{"line":74,"column":20},"end":{"line":76,"column":28}},"type":"cond-expr","locations":[{"start":{"line":75,"column":12},"end":{"line":75,"column":18}},{"start":{"line":76,"column":12},"end":{"line":76,"column":28}}],"line":74},"3":{"loc":{"start":{"line":77,"column":23},"end":{"line":79,"column":21}},"type":"cond-expr","locations":[{"start":{"line":78,"column":12},"end":{"line":78,"column":35}},{"start":{"line":79,"column":12},"end":{"line":79,"column":21}}],"line":77},"4":{"loc":{"start":{"line":97,"column":12},"end":{"line":97,"column":25}},"type":"default-arg","locations":[{"start":{"line":97,"column":22},"end":{"line":97,"column":25}}],"line":97},"5":{"loc":{"start":{"line":98,"column":23},"end":{"line":100,"column":43}},"type":"cond-expr","locations":[{"start":{"line":99,"column":10},"end":{"line":99,"column":49}},{"start":{"line":100,"column":10},"end":{"line":100,"column":43}}],"line":98},"6":{"loc":{"start":{"line":103,"column":19},"end":{"line":105,"column":49}},"type":"cond-expr","locations":[{"start":{"line":104,"column":10},"end":{"line":104,"column":49}},{"start":{"line":105,"column":10},"end":{"line":105,"column":49}}],"line":103},"7":{"loc":{"start":{"line":142,"column":16},"end":{"line":142,"column":31}},"type":"default-arg","locations":[{"start":{"line":142,"column":27},"end":{"line":142,"column":31}}],"line":142},"8":{"loc":{"start":{"line":148,"column":10},"end":{"line":148,"column":44}},"type":"cond-expr","locations":[{"start":{"line":148,"column":21},"end":{"line":148,"column":39}},{"start":{"line":148,"column":42},"end":{"line":148,"column":44}}],"line":148},"9":{"loc":{"start":{"line":156,"column":17},"end":{"line":156,"column":32}},"type":"default-arg","locations":[{"start":{"line":156,"column":27},"end":{"line":156,"column":32}}],"line":156},"10":{"loc":{"start":{"line":162,"column":19},"end":{"line":164,"column":34}},"type":"cond-expr","locations":[{"start":{"line":163,"column":10},"end":{"line":163,"column":39}},{"start":{"line":164,"column":10},"end":{"line":164,"column":34}}],"line":162},"11":{"loc":{"start":{"line":176,"column":6},"end":{"line":176,"column":71}},"type":"default-arg","locations":[{"start":{"line":176,"column":62},"end":{"line":176,"column":71}}],"line":176},"12":{"loc":{"start":{"line":177,"column":6},"end":{"line":177,"column":37}},"type":"default-arg","locations":[{"start":{"line":177,"column":33},"end":{"line":177,"column":37}}],"line":177},"13":{"loc":{"start":{"line":193,"column":6},"end":{"line":221,"column":7}},"type":"switch","locations":[{"start":{"line":194,"column":8},"end":{"line":199,"column":11}},{"start":{"line":200,"column":8},"end":{"line":205,"column":11}},{"start":{"line":206,"column":8},"end":{"line":212,"column":11}},{"start":{"line":213,"column":8},"end":{"line":218,"column":11}},{"start":{"line":219,"column":8},"end":{"line":220,"column":26}}],"line":193}},"s":{"0":5,"1":187,"2":186,"3":1,"4":185,"5":185,"6":0,"7":0,"8":0,"9":0,"10":0,"11":62,"12":62,"13":62,"14":0,"15":0,"16":0,"17":331,"18":331,"19":331,"20":331,"21":331,"22":1,"23":1,"24":1,"25":1,"26":1,"27":1,"28":0,"29":0,"30":0,"31":0,"32":0,"33":185,"34":185},"f":{"0":187,"1":0,"2":0,"3":0,"4":62,"5":0,"6":0,"7":0,"8":331,"9":1,"10":1,"11":1,"12":0},"b":{"0":[1,185],"1":[0,0],"2":[0,62],"3":[8,54],"4":[0],"5":[0,0],"6":[0,0],"7":[0],"8":[1,0],"9":[0],"10":[0,1],"11":[0],"12":[0],"13":[1,0,0,0,0]},"_coverageSchema":"1a1c01bbd47fc00a2c39e90264f33305004495a9","hash":"2695ae3ed16d10ae68a34d9edd576e32307c5f10"}
}
