{"total": {"lines":{"total":4172,"covered":393,"skipped":0,"pct":9.41},"statements":{"total":4362,"covered":414,"skipped":0,"pct":9.49},"functions":{"total":1152,"covered":99,"skipped":0,"pct":8.59},"branches":{"total":2740,"covered":212,"skipped":0,"pct":7.73},"branchesTrue":{"total":0,"covered":0,"skipped":0,"pct":100}}
,"C:\\xampp\\htdocs\\antigaspi2\\mobile\\src\\components\\BrandLogo.tsx": {"lines":{"total":15,"covered":0,"skipped":0,"pct":0},"functions":{"total":4,"covered":0,"skipped":0,"pct":0},"statements":{"total":15,"covered":0,"skipped":0,"pct":0},"branches":{"total":7,"covered":0,"skipped":0,"pct":0}}
,"C:\\xampp\\htdocs\\antigaspi2\\mobile\\src\\components\\ConnectivityBanner.tsx": {"lines":{"total":12,"covered":0,"skipped":0,"pct":0},"functions":{"total":3,"covered":0,"skipped":0,"pct":0},"statements":{"total":12,"covered":0,"skipped":0,"pct":0},"branches":{"total":16,"covered":0,"skipped":0,"pct":0}}
,"C:\\xampp\\htdocs\\antigaspi2\\mobile\\src\\components\\ErrorBoundary.tsx": {"lines":{"total":10,"covered":0,"skipped":0,"pct":0},"functions":{"total":5,"covered":0,"skipped":0,"pct":0},"statements":{"total":10,"covered":0,"skipped":0,"pct":0},"branches":{"total":4,"covered":0,"skipped":0,"pct":0}}
,"C:\\xampp\\htdocs\\antigaspi2\\mobile\\src\\components\\FavoriteButton.tsx": {"lines":{"total":9,"covered":0,"skipped":0,"pct":0},"functions":{"total":2,"covered":0,"skipped":0,"pct":0},"statements":{"total":9,"covered":0,"skipped":0,"pct":0},"branches":{"total":7,"covered":0,"skipped":0,"pct":0}}
,"C:\\xampp\\htdocs\\antigaspi2\\mobile\\src\\components\\2025\\Badge.tsx": {"lines":{"total":15,"covered":14,"skipped":0,"pct":93.33},"functions":{"total":6,"covered":6,"skipped":0,"pct":100},"statements":{"total":19,"covered":18,"skipped":0,"pct":94.73},"branches":{"total":10,"covered":6,"skipped":0,"pct":60}}
,"C:\\xampp\\htdocs\\antigaspi2\\mobile\\src\\components\\2025\\Button.tsx": {"lines":{"total":25,"covered":20,"skipped":0,"pct":80},"functions":{"total":8,"covered":8,"skipped":0,"pct":100},"statements":{"total":30,"covered":24,"skipped":0,"pct":80},"branches":{"total":45,"covered":22,"skipped":0,"pct":48.88}}
,"C:\\xampp\\htdocs\\antigaspi2\\mobile\\src\\components\\2025\\Card.tsx": {"lines":{"total":21,"covered":16,"skipped":0,"pct":76.19},"functions":{"total":8,"covered":8,"skipped":0,"pct":100},"statements":{"total":26,"covered":21,"skipped":0,"pct":80.76},"branches":{"total":22,"covered":9,"skipped":0,"pct":40.9}}
,"C:\\xampp\\htdocs\\antigaspi2\\mobile\\src\\components\\2025\\Modal.tsx": {"lines":{"total":45,"covered":3,"skipped":0,"pct":6.66},"functions":{"total":12,"covered":0,"skipped":0,"pct":0},"statements":{"total":50,"covered":3,"skipped":0,"pct":6},"branches":{"total":41,"covered":0,"skipped":0,"pct":0}}
,"C:\\xampp\\htdocs\\antigaspi2\\mobile\\src\\components\\2025\\Toast.tsx": {"lines":{"total":31,"covered":2,"skipped":0,"pct":6.45},"functions":{"total":9,"covered":0,"skipped":0,"pct":0},"statements":{"total":33,"covered":2,"skipped":0,"pct":6.06},"branches":{"total":16,"covered":0,"skipped":0,"pct":0}}
,"C:\\xampp\\htdocs\\antigaspi2\\mobile\\src\\components\\2025\\Typography.tsx": {"lines":{"total":35,"covered":19,"skipped":0,"pct":54.28},"functions":{"total":12,"covered":4,"skipped":0,"pct":33.33},"statements":{"total":36,"covered":20,"skipped":0,"pct":55.55},"branches":{"total":18,"covered":8,"skipped":0,"pct":44.44}}
,"C:\\xampp\\htdocs\\antigaspi2\\mobile\\src\\components\\2025\\index.ts": {"lines":{"total":0,"covered":0,"skipped":0,"pct":100},"functions":{"total":0,"covered":0,"skipped":0,"pct":100},"statements":{"total":0,"covered":0,"skipped":0,"pct":100},"branches":{"total":0,"covered":0,"skipped":0,"pct":100}}
,"C:\\xampp\\htdocs\\antigaspi2\\mobile\\src\\components\\reviews\\ReviewCard.tsx": {"lines":{"total":10,"covered":0,"skipped":0,"pct":0},"functions":{"total":5,"covered":0,"skipped":0,"pct":0},"statements":{"total":10,"covered":0,"skipped":0,"pct":0},"branches":{"total":21,"covered":0,"skipped":0,"pct":0}}
,"C:\\xampp\\htdocs\\antigaspi2\\mobile\\src\\components\\reviews\\ReviewForm.tsx": {"lines":{"total":26,"covered":0,"skipped":0,"pct":0},"functions":{"total":4,"covered":0,"skipped":0,"pct":0},"statements":{"total":27,"covered":0,"skipped":0,"pct":0},"branches":{"total":34,"covered":0,"skipped":0,"pct":0}}
,"C:\\xampp\\htdocs\\antigaspi2\\mobile\\src\\components\\reviews\\StarRating.tsx": {"lines":{"total":16,"covered":0,"skipped":0,"pct":0},"functions":{"total":5,"covered":0,"skipped":0,"pct":0},"statements":{"total":16,"covered":0,"skipped":0,"pct":0},"branches":{"total":25,"covered":0,"skipped":0,"pct":0}}
,"C:\\xampp\\htdocs\\antigaspi2\\mobile\\src\\contexts\\ToastContext.tsx": {"lines":{"total":21,"covered":0,"skipped":0,"pct":0},"functions":{"total":9,"covered":0,"skipped":0,"pct":0},"statements":{"total":22,"covered":0,"skipped":0,"pct":0},"branches":{"total":10,"covered":0,"skipped":0,"pct":0}}
,"C:\\xampp\\htdocs\\antigaspi2\\mobile\\src\\hooks\\useFavorite.ts": {"lines":{"total":12,"covered":0,"skipped":0,"pct":0},"functions":{"total":4,"covered":0,"skipped":0,"pct":0},"statements":{"total":13,"covered":0,"skipped":0,"pct":0},"branches":{"total":2,"covered":0,"skipped":0,"pct":0}}
,"C:\\xampp\\htdocs\\antigaspi2\\mobile\\src\\hooks\\useNotificationPreferences.ts": {"lines":{"total":73,"covered":0,"skipped":0,"pct":0},"functions":{"total":14,"covered":0,"skipped":0,"pct":0},"statements":{"total":75,"covered":0,"skipped":0,"pct":0},"branches":{"total":20,"covered":0,"skipped":0,"pct":0}}
,"C:\\xampp\\htdocs\\antigaspi2\\mobile\\src\\navigation\\AdminNavigator.tsx": {"lines":{"total":17,"covered":0,"skipped":0,"pct":0},"functions":{"total":3,"covered":0,"skipped":0,"pct":0},"statements":{"total":17,"covered":0,"skipped":0,"pct":0},"branches":{"total":20,"covered":0,"skipped":0,"pct":0}}
,"C:\\xampp\\htdocs\\antigaspi2\\mobile\\src\\navigation\\AppNavigator.tsx": {"lines":{"total":19,"covered":0,"skipped":0,"pct":0},"functions":{"total":6,"covered":0,"skipped":0,"pct":0},"statements":{"total":20,"covered":0,"skipped":0,"pct":0},"branches":{"total":10,"covered":0,"skipped":0,"pct":0}}
,"C:\\xampp\\htdocs\\antigaspi2\\mobile\\src\\navigation\\AuthNavigator.tsx": {"lines":{"total":3,"covered":0,"skipped":0,"pct":0},"functions":{"total":1,"covered":0,"skipped":0,"pct":0},"statements":{"total":3,"covered":0,"skipped":0,"pct":0},"branches":{"total":0,"covered":0,"skipped":0,"pct":100}}
,"C:\\xampp\\htdocs\\antigaspi2\\mobile\\src\\navigation\\ConsumerNavigator.tsx": {"lines":{"total":28,"covered":0,"skipped":0,"pct":0},"functions":{"total":8,"covered":0,"skipped":0,"pct":0},"statements":{"total":28,"covered":0,"skipped":0,"pct":0},"branches":{"total":20,"covered":0,"skipped":0,"pct":0}}
,"C:\\xampp\\htdocs\\antigaspi2\\mobile\\src\\navigation\\MainNavigator.tsx": {"lines":{"total":13,"covered":0,"skipped":0,"pct":0},"functions":{"total":2,"covered":0,"skipped":0,"pct":0},"statements":{"total":14,"covered":0,"skipped":0,"pct":0},"branches":{"total":4,"covered":0,"skipped":0,"pct":0}}
,"C:\\xampp\\htdocs\\antigaspi2\\mobile\\src\\navigation\\MerchantNavigator.tsx": {"lines":{"total":32,"covered":0,"skipped":0,"pct":0},"functions":{"total":9,"covered":0,"skipped":0,"pct":0},"statements":{"total":32,"covered":0,"skipped":0,"pct":0},"branches":{"total":24,"covered":0,"skipped":0,"pct":0}}
,"C:\\xampp\\htdocs\\antigaspi2\\mobile\\src\\navigation\\NavigationRef.ts": {"lines":{"total":18,"covered":0,"skipped":0,"pct":0},"functions":{"total":6,"covered":0,"skipped":0,"pct":0},"statements":{"total":19,"covered":0,"skipped":0,"pct":0},"branches":{"total":8,"covered":0,"skipped":0,"pct":0}}
,"C:\\xampp\\htdocs\\antigaspi2\\mobile\\src\\screens\\ComponentGalleryScreen.tsx": {"lines":{"total":21,"covered":0,"skipped":0,"pct":0},"functions":{"total":14,"covered":0,"skipped":0,"pct":0},"statements":{"total":22,"covered":0,"skipped":0,"pct":0},"branches":{"total":2,"covered":0,"skipped":0,"pct":0}}
,"C:\\xampp\\htdocs\\antigaspi2\\mobile\\src\\screens\\SplashScreen.tsx": {"lines":{"total":4,"covered":0,"skipped":0,"pct":0},"functions":{"total":1,"covered":0,"skipped":0,"pct":0},"statements":{"total":4,"covered":0,"skipped":0,"pct":0},"branches":{"total":0,"covered":0,"skipped":0,"pct":100}}
,"C:\\xampp\\htdocs\\antigaspi2\\mobile\\src\\screens\\admin\\AdminCategoriesScreen.tsx": {"lines":{"total":86,"covered":38,"skipped":0,"pct":44.18},"functions":{"total":27,"covered":7,"skipped":0,"pct":25.92},"statements":{"total":91,"covered":38,"skipped":0,"pct":41.75},"branches":{"total":56,"covered":23,"skipped":0,"pct":41.07}}
,"C:\\xampp\\htdocs\\antigaspi2\\mobile\\src\\screens\\admin\\AdminDashboardScreen.tsx": {"lines":{"total":22,"covered":20,"skipped":0,"pct":90.9},"functions":{"total":4,"covered":3,"skipped":0,"pct":75},"statements":{"total":22,"covered":20,"skipped":0,"pct":90.9},"branches":{"total":23,"covered":17,"skipped":0,"pct":73.91}}
,"C:\\xampp\\htdocs\\antigaspi2\\mobile\\src\\screens\\admin\\AdminMerchantsScreen.tsx": {"lines":{"total":91,"covered":53,"skipped":0,"pct":58.24},"functions":{"total":33,"covered":14,"skipped":0,"pct":42.42},"statements":{"total":97,"covered":55,"skipped":0,"pct":56.7},"branches":{"total":60,"covered":33,"skipped":0,"pct":55}}
,"C:\\xampp\\htdocs\\antigaspi2\\mobile\\src\\screens\\admin\\AdminProductsScreen.tsx": {"lines":{"total":139,"covered":58,"skipped":0,"pct":41.72},"functions":{"total":52,"covered":14,"skipped":0,"pct":26.92},"statements":{"total":149,"covered":61,"skipped":0,"pct":40.93},"branches":{"total":86,"covered":26,"skipped":0,"pct":30.23}}
,"C:\\xampp\\htdocs\\antigaspi2\\mobile\\src\\screens\\admin\\AdminUsersScreen.tsx": {"lines":{"total":75,"covered":70,"skipped":0,"pct":93.33},"functions":{"total":26,"covered":24,"skipped":0,"pct":92.3},"statements":{"total":76,"covered":71,"skipped":0,"pct":93.42},"branches":{"total":63,"covered":53,"skipped":0,"pct":84.12}}
,"C:\\xampp\\htdocs\\antigaspi2\\mobile\\src\\screens\\auth\\LoginScreen.tsx": {"lines":{"total":27,"covered":0,"skipped":0,"pct":0},"functions":{"total":8,"covered":0,"skipped":0,"pct":0},"statements":{"total":28,"covered":0,"skipped":0,"pct":0},"branches":{"total":16,"covered":0,"skipped":0,"pct":0}}
,"C:\\xampp\\htdocs\\antigaspi2\\mobile\\src\\screens\\auth\\RegisterScreen.tsx": {"lines":{"total":24,"covered":0,"skipped":0,"pct":0},"functions":{"total":6,"covered":0,"skipped":0,"pct":0},"statements":{"total":25,"covered":0,"skipped":0,"pct":0},"branches":{"total":22,"covered":0,"skipped":0,"pct":0}}
,"C:\\xampp\\htdocs\\antigaspi2\\mobile\\src\\screens\\main\\AddReviewScreen.tsx": {"lines":{"total":16,"covered":0,"skipped":0,"pct":0},"functions":{"total":3,"covered":0,"skipped":0,"pct":0},"statements":{"total":16,"covered":0,"skipped":0,"pct":0},"branches":{"total":4,"covered":0,"skipped":0,"pct":0}}
,"C:\\xampp\\htdocs\\antigaspi2\\mobile\\src\\screens\\main\\FavoritesScreen.tsx": {"lines":{"total":32,"covered":0,"skipped":0,"pct":0},"functions":{"total":12,"covered":0,"skipped":0,"pct":0},"statements":{"total":33,"covered":0,"skipped":0,"pct":0},"branches":{"total":20,"covered":0,"skipped":0,"pct":0}}
,"C:\\xampp\\htdocs\\antigaspi2\\mobile\\src\\screens\\main\\HomeScreen.tsx": {"lines":{"total":112,"covered":0,"skipped":0,"pct":0},"functions":{"total":30,"covered":0,"skipped":0,"pct":0},"statements":{"total":120,"covered":0,"skipped":0,"pct":0},"branches":{"total":156,"covered":0,"skipped":0,"pct":0}}
,"C:\\xampp\\htdocs\\antigaspi2\\mobile\\src\\screens\\main\\MerchantDetailScreen.tsx": {"lines":{"total":72,"covered":0,"skipped":0,"pct":0},"functions":{"total":19,"covered":0,"skipped":0,"pct":0},"statements":{"total":81,"covered":0,"skipped":0,"pct":0},"branches":{"total":72,"covered":0,"skipped":0,"pct":0}}
,"C:\\xampp\\htdocs\\antigaspi2\\mobile\\src\\screens\\main\\ProductDetailsScreen.original.tsx": {"lines":{"total":43,"covered":0,"skipped":0,"pct":0},"functions":{"total":8,"covered":0,"skipped":0,"pct":0},"statements":{"total":46,"covered":0,"skipped":0,"pct":0},"branches":{"total":52,"covered":0,"skipped":0,"pct":0}}
,"C:\\xampp\\htdocs\\antigaspi2\\mobile\\src\\screens\\main\\ProductDetailsScreen.tsx": {"lines":{"total":86,"covered":0,"skipped":0,"pct":0},"functions":{"total":25,"covered":0,"skipped":0,"pct":0},"statements":{"total":91,"covered":0,"skipped":0,"pct":0},"branches":{"total":85,"covered":0,"skipped":0,"pct":0}}
,"C:\\xampp\\htdocs\\antigaspi2\\mobile\\src\\screens\\main\\ProductsScreen.tsx": {"lines":{"total":89,"covered":0,"skipped":0,"pct":0},"functions":{"total":29,"covered":0,"skipped":0,"pct":0},"statements":{"total":109,"covered":0,"skipped":0,"pct":0},"branches":{"total":161,"covered":0,"skipped":0,"pct":0}}
,"C:\\xampp\\htdocs\\antigaspi2\\mobile\\src\\screens\\main\\ProfileEditScreen.tsx": {"lines":{"total":102,"covered":0,"skipped":0,"pct":0},"functions":{"total":17,"covered":0,"skipped":0,"pct":0},"statements":{"total":104,"covered":0,"skipped":0,"pct":0},"branches":{"total":84,"covered":0,"skipped":0,"pct":0}}
,"C:\\xampp\\htdocs\\antigaspi2\\mobile\\src\\screens\\main\\ProfileScreen.tsx": {"lines":{"total":29,"covered":0,"skipped":0,"pct":0},"functions":{"total":10,"covered":0,"skipped":0,"pct":0},"statements":{"total":30,"covered":0,"skipped":0,"pct":0},"branches":{"total":20,"covered":0,"skipped":0,"pct":0}}
,"C:\\xampp\\htdocs\\antigaspi2\\mobile\\src\\screens\\main\\ReservationDetailsScreen.tsx": {"lines":{"total":36,"covered":0,"skipped":0,"pct":0},"functions":{"total":7,"covered":0,"skipped":0,"pct":0},"statements":{"total":37,"covered":0,"skipped":0,"pct":0},"branches":{"total":92,"covered":0,"skipped":0,"pct":0}}
,"C:\\xampp\\htdocs\\antigaspi2\\mobile\\src\\screens\\main\\ReservationsScreen.tsx": {"lines":{"total":113,"covered":0,"skipped":0,"pct":0},"functions":{"total":32,"covered":0,"skipped":0,"pct":0},"statements":{"total":117,"covered":0,"skipped":0,"pct":0},"branches":{"total":96,"covered":0,"skipped":0,"pct":0}}
,"C:\\xampp\\htdocs\\antigaspi2\\mobile\\src\\screens\\main\\ReviewsListScreen.tsx": {"lines":{"total":51,"covered":0,"skipped":0,"pct":0},"functions":{"total":19,"covered":0,"skipped":0,"pct":0},"statements":{"total":55,"covered":0,"skipped":0,"pct":0},"branches":{"total":41,"covered":0,"skipped":0,"pct":0}}
,"C:\\xampp\\htdocs\\antigaspi2\\mobile\\src\\screens\\main\\SurpriseBasketsScreen.tsx": {"lines":{"total":39,"covered":0,"skipped":0,"pct":0},"functions":{"total":12,"covered":0,"skipped":0,"pct":0},"statements":{"total":40,"covered":0,"skipped":0,"pct":0},"branches":{"total":28,"covered":0,"skipped":0,"pct":0}}
,"C:\\xampp\\htdocs\\antigaspi2\\mobile\\src\\screens\\merchant\\MerchantAnalyticsScreen.tsx": {"lines":{"total":54,"covered":0,"skipped":0,"pct":0},"functions":{"total":15,"covered":0,"skipped":0,"pct":0},"statements":{"total":58,"covered":0,"skipped":0,"pct":0},"branches":{"total":36,"covered":0,"skipped":0,"pct":0}}
,"C:\\xampp\\htdocs\\antigaspi2\\mobile\\src\\screens\\merchant\\MerchantDashboardScreen.tsx": {"lines":{"total":43,"covered":0,"skipped":0,"pct":0},"functions":{"total":9,"covered":0,"skipped":0,"pct":0},"statements":{"total":43,"covered":0,"skipped":0,"pct":0},"branches":{"total":16,"covered":0,"skipped":0,"pct":0}}
,"C:\\xampp\\htdocs\\antigaspi2\\mobile\\src\\screens\\merchant\\MerchantLoyaltyScreen.tsx": {"lines":{"total":64,"covered":0,"skipped":0,"pct":0},"functions":{"total":13,"covered":0,"skipped":0,"pct":0},"statements":{"total":64,"covered":0,"skipped":0,"pct":0},"branches":{"total":30,"covered":0,"skipped":0,"pct":0}}
,"C:\\xampp\\htdocs\\antigaspi2\\mobile\\src\\screens\\merchant\\MerchantNotificationsScreen.tsx": {"lines":{"total":81,"covered":0,"skipped":0,"pct":0},"functions":{"total":20,"covered":0,"skipped":0,"pct":0},"statements":{"total":86,"covered":0,"skipped":0,"pct":0},"branches":{"total":40,"covered":0,"skipped":0,"pct":0}}
,"C:\\xampp\\htdocs\\antigaspi2\\mobile\\src\\screens\\merchant\\MerchantOpeningHoursScreen.tsx": {"lines":{"total":81,"covered":0,"skipped":0,"pct":0},"functions":{"total":26,"covered":0,"skipped":0,"pct":0},"statements":{"total":86,"covered":0,"skipped":0,"pct":0},"branches":{"total":34,"covered":0,"skipped":0,"pct":0}}
,"C:\\xampp\\htdocs\\antigaspi2\\mobile\\src\\screens\\merchant\\MerchantProductsScreen.tsx": {"lines":{"total":48,"covered":0,"skipped":0,"pct":0},"functions":{"total":13,"covered":0,"skipped":0,"pct":0},"statements":{"total":48,"covered":0,"skipped":0,"pct":0},"branches":{"total":12,"covered":0,"skipped":0,"pct":0}}
,"C:\\xampp\\htdocs\\antigaspi2\\mobile\\src\\screens\\merchant\\MerchantProfileEditScreen.tsx": {"lines":{"total":72,"covered":0,"skipped":0,"pct":0},"functions":{"total":18,"covered":0,"skipped":0,"pct":0},"statements":{"total":74,"covered":0,"skipped":0,"pct":0},"branches":{"total":48,"covered":0,"skipped":0,"pct":0}}
,"C:\\xampp\\htdocs\\antigaspi2\\mobile\\src\\screens\\merchant\\MerchantReservationsScreen.tsx": {"lines":{"total":80,"covered":0,"skipped":0,"pct":0},"functions":{"total":25,"covered":0,"skipped":0,"pct":0},"statements":{"total":80,"covered":0,"skipped":0,"pct":0},"branches":{"total":32,"covered":0,"skipped":0,"pct":0}}
,"C:\\xampp\\htdocs\\antigaspi2\\mobile\\src\\screens\\merchant\\MerchantReviewsScreen.tsx": {"lines":{"total":76,"covered":0,"skipped":0,"pct":0},"functions":{"total":21,"covered":0,"skipped":0,"pct":0},"statements":{"total":76,"covered":0,"skipped":0,"pct":0},"branches":{"total":52,"covered":0,"skipped":0,"pct":0}}
,"C:\\xampp\\htdocs\\antigaspi2\\mobile\\src\\screens\\merchant\\NotificationSettingsScreen.tsx": {"lines":{"total":26,"covered":0,"skipped":0,"pct":0},"functions":{"total":8,"covered":0,"skipped":0,"pct":0},"statements":{"total":26,"covered":0,"skipped":0,"pct":0},"branches":{"total":28,"covered":0,"skipped":0,"pct":0}}
,"C:\\xampp\\htdocs\\antigaspi2\\mobile\\src\\screens\\merchant\\ProductFormScreen.tsx": {"lines":{"total":105,"covered":0,"skipped":0,"pct":0},"functions":{"total":7,"covered":0,"skipped":0,"pct":0},"statements":{"total":105,"covered":0,"skipped":0,"pct":0},"branches":{"total":82,"covered":0,"skipped":0,"pct":0}}
,"C:\\xampp\\htdocs\\antigaspi2\\mobile\\src\\services\\analyticsService.ts": {"lines":{"total":101,"covered":0,"skipped":0,"pct":0},"functions":{"total":25,"covered":0,"skipped":0,"pct":0},"statements":{"total":103,"covered":0,"skipped":0,"pct":0},"branches":{"total":32,"covered":0,"skipped":0,"pct":0}}
,"C:\\xampp\\htdocs\\antigaspi2\\mobile\\src\\services\\api.ts": {"lines":{"total":133,"covered":0,"skipped":0,"pct":0},"functions":{"total":45,"covered":0,"skipped":0,"pct":0},"statements":{"total":137,"covered":0,"skipped":0,"pct":0},"branches":{"total":62,"covered":0,"skipped":0,"pct":0}}
,"C:\\xampp\\htdocs\\antigaspi2\\mobile\\src\\services\\locationService.ts": {"lines":{"total":61,"covered":0,"skipped":0,"pct":0},"functions":{"total":11,"covered":0,"skipped":0,"pct":0},"statements":{"total":61,"covered":0,"skipped":0,"pct":0},"branches":{"total":19,"covered":0,"skipped":0,"pct":0}}
,"C:\\xampp\\htdocs\\antigaspi2\\mobile\\src\\services\\notificationService.ts": {"lines":{"total":182,"covered":0,"skipped":0,"pct":0},"functions":{"total":40,"covered":0,"skipped":0,"pct":0},"statements":{"total":183,"covered":0,"skipped":0,"pct":0},"branches":{"total":104,"covered":0,"skipped":0,"pct":0}}
,"C:\\xampp\\htdocs\\antigaspi2\\mobile\\src\\services\\offlineService.ts": {"lines":{"total":176,"covered":0,"skipped":0,"pct":0},"functions":{"total":29,"covered":0,"skipped":0,"pct":0},"statements":{"total":181,"covered":0,"skipped":0,"pct":0},"branches":{"total":71,"covered":0,"skipped":0,"pct":0}}
,"C:\\xampp\\htdocs\\antigaspi2\\mobile\\src\\services\\offlineServiceSafe.ts": {"lines":{"total":70,"covered":0,"skipped":0,"pct":0},"functions":{"total":16,"covered":0,"skipped":0,"pct":0},"statements":{"total":74,"covered":0,"skipped":0,"pct":0},"branches":{"total":32,"covered":0,"skipped":0,"pct":0}}
,"C:\\xampp\\htdocs\\antigaspi2\\mobile\\src\\services\\paymentService.ts": {"lines":{"total":61,"covered":0,"skipped":0,"pct":0},"functions":{"total":18,"covered":0,"skipped":0,"pct":0},"statements":{"total":64,"covered":0,"skipped":0,"pct":0},"branches":{"total":48,"covered":0,"skipped":0,"pct":0}}
,"C:\\xampp\\htdocs\\antigaspi2\\mobile\\src\\store\\hooks.ts": {"lines":{"total":2,"covered":0,"skipped":0,"pct":0},"functions":{"total":1,"covered":0,"skipped":0,"pct":0},"statements":{"total":3,"covered":0,"skipped":0,"pct":0},"branches":{"total":0,"covered":0,"skipped":0,"pct":100}}
,"C:\\xampp\\htdocs\\antigaspi2\\mobile\\src\\store\\index.ts": {"lines":{"total":2,"covered":0,"skipped":0,"pct":0},"functions":{"total":1,"covered":0,"skipped":0,"pct":0},"statements":{"total":2,"covered":0,"skipped":0,"pct":0},"branches":{"total":0,"covered":0,"skipped":0,"pct":100}}
,"C:\\xampp\\htdocs\\antigaspi2\\mobile\\src\\store\\slices\\authSlice.ts": {"lines":{"total":74,"covered":10,"skipped":0,"pct":13.51},"functions":{"total":20,"covered":1,"skipped":0,"pct":5},"statements":{"total":74,"covered":10,"skipped":0,"pct":13.51},"branches":{"total":8,"covered":0,"skipped":0,"pct":0}}
,"C:\\xampp\\htdocs\\antigaspi2\\mobile\\src\\store\\slices\\connectivitySlice.ts": {"lines":{"total":11,"covered":0,"skipped":0,"pct":0},"functions":{"total":4,"covered":0,"skipped":0,"pct":0},"statements":{"total":11,"covered":0,"skipped":0,"pct":0},"branches":{"total":2,"covered":0,"skipped":0,"pct":0}}
,"C:\\xampp\\htdocs\\antigaspi2\\mobile\\src\\store\\slices\\favoritesSlice.ts": {"lines":{"total":60,"covered":0,"skipped":0,"pct":0},"functions":{"total":23,"covered":0,"skipped":0,"pct":0},"statements":{"total":66,"covered":0,"skipped":0,"pct":0},"branches":{"total":20,"covered":0,"skipped":0,"pct":0}}
,"C:\\xampp\\htdocs\\antigaspi2\\mobile\\src\\store\\slices\\merchantsSlice.ts": {"lines":{"total":20,"covered":0,"skipped":0,"pct":0},"functions":{"total":6,"covered":0,"skipped":0,"pct":0},"statements":{"total":20,"covered":0,"skipped":0,"pct":0},"branches":{"total":6,"covered":0,"skipped":0,"pct":0}}
,"C:\\xampp\\htdocs\\antigaspi2\\mobile\\src\\store\\slices\\productsSlice.ts": {"lines":{"total":146,"covered":0,"skipped":0,"pct":0},"functions":{"total":36,"covered":0,"skipped":0,"pct":0},"statements":{"total":149,"covered":0,"skipped":0,"pct":0},"branches":{"total":39,"covered":0,"skipped":0,"pct":0}}
,"C:\\xampp\\htdocs\\antigaspi2\\mobile\\src\\store\\slices\\reservationsSlice.ts": {"lines":{"total":61,"covered":0,"skipped":0,"pct":0},"functions":{"total":26,"covered":0,"skipped":0,"pct":0},"statements":{"total":68,"covered":0,"skipped":0,"pct":0},"branches":{"total":8,"covered":0,"skipped":0,"pct":0}}
,"C:\\xampp\\htdocs\\antigaspi2\\mobile\\src\\store\\slices\\reviewsSlice.ts": {"lines":{"total":81,"covered":0,"skipped":0,"pct":0},"functions":{"total":26,"covered":0,"skipped":0,"pct":0},"statements":{"total":83,"covered":0,"skipped":0,"pct":0},"branches":{"total":18,"covered":0,"skipped":0,"pct":0}}
,"C:\\xampp\\htdocs\\antigaspi2\\mobile\\src\\test-utils\\factories.ts": {"lines":{"total":5,"covered":0,"skipped":0,"pct":0},"functions":{"total":5,"covered":0,"skipped":0,"pct":0},"statements":{"total":10,"covered":0,"skipped":0,"pct":0},"branches":{"total":0,"covered":0,"skipped":0,"pct":100}}
,"C:\\xampp\\htdocs\\antigaspi2\\mobile\\src\\test-utils\\index.ts": {"lines":{"total":0,"covered":0,"skipped":0,"pct":100},"functions":{"total":0,"covered":0,"skipped":0,"pct":100},"statements":{"total":0,"covered":0,"skipped":0,"pct":100},"branches":{"total":0,"covered":0,"skipped":0,"pct":100}}
,"C:\\xampp\\htdocs\\antigaspi2\\mobile\\src\\test-utils\\navigation.ts": {"lines":{"total":18,"covered":0,"skipped":0,"pct":0},"functions":{"total":11,"covered":0,"skipped":0,"pct":0},"statements":{"total":18,"covered":0,"skipped":0,"pct":0},"branches":{"total":12,"covered":0,"skipped":0,"pct":0}}
,"C:\\xampp\\htdocs\\antigaspi2\\mobile\\src\\test-utils\\setupStore.ts": {"lines":{"total":12,"covered":0,"skipped":0,"pct":0},"functions":{"total":8,"covered":0,"skipped":0,"pct":0},"statements":{"total":18,"covered":0,"skipped":0,"pct":0},"branches":{"total":7,"covered":0,"skipped":0,"pct":0}}
,"C:\\xampp\\htdocs\\antigaspi2\\mobile\\src\\test-utils\\store.ts": {"lines":{"total":25,"covered":0,"skipped":0,"pct":0},"functions":{"total":5,"covered":0,"skipped":0,"pct":0},"statements":{"total":27,"covered":0,"skipped":0,"pct":0},"branches":{"total":20,"covered":0,"skipped":0,"pct":0}}
,"C:\\xampp\\htdocs\\antigaspi2\\mobile\\src\\test-utils\\test-utils.tsx": {"lines":{"total":4,"covered":0,"skipped":0,"pct":0},"functions":{"total":2,"covered":0,"skipped":0,"pct":0},"statements":{"total":4,"covered":0,"skipped":0,"pct":0},"branches":{"total":2,"covered":0,"skipped":0,"pct":0}}
,"C:\\xampp\\htdocs\\antigaspi2\\mobile\\src\\test-utils\\fixtures\\index.ts": {"lines":{"total":0,"covered":0,"skipped":0,"pct":100},"functions":{"total":0,"covered":0,"skipped":0,"pct":100},"statements":{"total":0,"covered":0,"skipped":0,"pct":100},"branches":{"total":0,"covered":0,"skipped":0,"pct":100}}
,"C:\\xampp\\htdocs\\antigaspi2\\mobile\\src\\test-utils\\fixtures\\makeCategory.ts": {"lines":{"total":6,"covered":0,"skipped":0,"pct":0},"functions":{"total":2,"covered":0,"skipped":0,"pct":0},"statements":{"total":6,"covered":0,"skipped":0,"pct":0},"branches":{"total":7,"covered":0,"skipped":0,"pct":0}}
,"C:\\xampp\\htdocs\\antigaspi2\\mobile\\src\\test-utils\\fixtures\\makeMerchant.ts": {"lines":{"total":8,"covered":0,"skipped":0,"pct":0},"functions":{"total":2,"covered":0,"skipped":0,"pct":0},"statements":{"total":8,"covered":0,"skipped":0,"pct":0},"branches":{"total":11,"covered":0,"skipped":0,"pct":0}}
,"C:\\xampp\\htdocs\\antigaspi2\\mobile\\src\\test-utils\\fixtures\\makeProduct.ts": {"lines":{"total":16,"covered":0,"skipped":0,"pct":0},"functions":{"total":4,"covered":0,"skipped":0,"pct":0},"statements":{"total":16,"covered":0,"skipped":0,"pct":0},"branches":{"total":14,"covered":0,"skipped":0,"pct":0}}
,"C:\\xampp\\htdocs\\antigaspi2\\mobile\\src\\theme\\ThemeContext.tsx": {"lines":{"total":51,"covered":29,"skipped":0,"pct":56.86},"functions":{"total":10,"covered":5,"skipped":0,"pct":50},"statements":{"total":52,"covered":30,"skipped":0,"pct":57.69},"branches":{"total":19,"covered":8,"skipped":0,"pct":42.1}}
,"C:\\xampp\\htdocs\\antigaspi2\\mobile\\src\\theme\\designSystem2025.ts": {"lines":{"total":19,"covered":18,"skipped":0,"pct":94.73},"functions":{"total":2,"covered":1,"skipped":0,"pct":50},"statements":{"total":19,"covered":18,"skipped":0,"pct":94.73},"branches":{"total":0,"covered":0,"skipped":0,"pct":100}}
,"C:\\xampp\\htdocs\\antigaspi2\\mobile\\src\\theme\\index.ts": {"lines":{"total":0,"covered":0,"skipped":0,"pct":100},"functions":{"total":0,"covered":0,"skipped":0,"pct":100},"statements":{"total":0,"covered":0,"skipped":0,"pct":100},"branches":{"total":0,"covered":0,"skipped":0,"pct":100}}
,"C:\\xampp\\htdocs\\antigaspi2\\mobile\\src\\theme\\useTheme.ts": {"lines":{"total":56,"covered":15,"skipped":0,"pct":26.78},"functions":{"total":16,"covered":3,"skipped":0,"pct":18.75},"statements":{"total":59,"covered":15,"skipped":0,"pct":25.42},"branches":{"total":49,"covered":3,"skipped":0,"pct":6.12}}
,"C:\\xampp\\htdocs\\antigaspi2\\mobile\\src\\types\\index.ts": {"lines":{"total":0,"covered":0,"skipped":0,"pct":100},"functions":{"total":0,"covered":0,"skipped":0,"pct":100},"statements":{"total":0,"covered":0,"skipped":0,"pct":100},"branches":{"total":0,"covered":0,"skipped":0,"pct":100}}
,"C:\\xampp\\htdocs\\antigaspi2\\mobile\\src\\utils\\cacheManager.ts": {"lines":{"total":75,"covered":0,"skipped":0,"pct":0},"functions":{"total":17,"covered":0,"skipped":0,"pct":0},"statements":{"total":79,"covered":0,"skipped":0,"pct":0},"branches":{"total":26,"covered":0,"skipped":0,"pct":0}}
,"C:\\xampp\\htdocs\\antigaspi2\\mobile\\src\\utils\\categoryEmojis.ts": {"lines":{"total":6,"covered":0,"skipped":0,"pct":0},"functions":{"total":1,"covered":0,"skipped":0,"pct":0},"statements":{"total":6,"covered":0,"skipped":0,"pct":0},"branches":{"total":4,"covered":0,"skipped":0,"pct":0}}
,"C:\\xampp\\htdocs\\antigaspi2\\mobile\\src\\utils\\currencyHelpers.ts": {"lines":{"total":36,"covered":3,"skipped":0,"pct":8.33},"functions":{"total":3,"covered":0,"skipped":0,"pct":0},"statements":{"total":37,"covered":3,"skipped":0,"pct":8.1},"branches":{"total":45,"covered":0,"skipped":0,"pct":0}}
,"C:\\xampp\\htdocs\\antigaspi2\\mobile\\src\\utils\\errorHandling.ts": {"lines":{"total":12,"covered":0,"skipped":0,"pct":0},"functions":{"total":3,"covered":0,"skipped":0,"pct":0},"statements":{"total":12,"covered":0,"skipped":0,"pct":0},"branches":{"total":11,"covered":0,"skipped":0,"pct":0}}
,"C:\\xampp\\htdocs\\antigaspi2\\mobile\\src\\utils\\imageHelpers.ts": {"lines":{"total":11,"covered":5,"skipped":0,"pct":45.45},"functions":{"total":2,"covered":1,"skipped":0,"pct":50},"statements":{"total":11,"covered":5,"skipped":0,"pct":45.45},"branches":{"total":10,"covered":4,"skipped":0,"pct":40}}
,"C:\\xampp\\htdocs\\antigaspi2\\mobile\\src\\utils\\mcpHelpers.ts": {"lines":{"total":13,"covered":0,"skipped":0,"pct":0},"functions":{"total":6,"covered":0,"skipped":0,"pct":0},"statements":{"total":13,"covered":0,"skipped":0,"pct":0},"branches":{"total":1,"covered":0,"skipped":0,"pct":0}}
,"C:\\xampp\\htdocs\\antigaspi2\\mobile\\src\\utils\\testIds.ts": {"lines":{"total":13,"covered":0,"skipped":0,"pct":0},"functions":{"total":12,"covered":0,"skipped":0,"pct":0},"statements":{"total":13,"covered":0,"skipped":0,"pct":0},"branches":{"total":0,"covered":0,"skipped":0,"pct":100}}
}
