{"C:\\xampp\\htdocs\\antigaspi2\\mobile\\src\\screens\\main\\ProfileEditScreen.tsx": {"path":"C:\\xampp\\htdocs\\antigaspi2\\mobile\\src\\screens\\main\\ProfileEditScreen.tsx","statementMap":{"0":{"start":{"line":36,"column":36},"end":{"line":444,"column":1}},"1":{"start":{"line":37,"column":16},"end":{"line":37,"column":26}},"2":{"start":{"line":38,"column":21},"end":{"line":38,"column":36}},"3":{"start":{"line":39,"column":19},"end":{"line":39,"column":45}},"4":{"start":{"line":40,"column":19},"end":{"line":40,"column":64}},"5":{"start":{"line":40,"column":53},"end":{"line":40,"column":63}},"6":{"start":{"line":42,"column":32},"end":{"line":42,"column":47}},"7":{"start":{"line":43,"column":36},"end":{"line":43,"column":51}},"8":{"start":{"line":44,"column":34},"end":{"line":44,"column":63}},"9":{"start":{"line":45,"column":34},"end":{"line":52,"column":4}},"10":{"start":{"line":54,"column":2},"end":{"line":56,"column":8}},"11":{"start":{"line":55,"column":4},"end":{"line":55,"column":21}},"12":{"start":{"line":58,"column":26},"end":{"line":79,"column":3}},"13":{"start":{"line":59,"column":4},"end":{"line":78,"column":5}},"14":{"start":{"line":60,"column":6},"end":{"line":60,"column":22}},"15":{"start":{"line":61,"column":6},"end":{"line":73,"column":7}},"16":{"start":{"line":62,"column":8},"end":{"line":69,"column":10}},"17":{"start":{"line":70,"column":8},"end":{"line":72,"column":9}},"18":{"start":{"line":71,"column":10},"end":{"line":71,"column":37}},"19":{"start":{"line":75,"column":6},"end":{"line":75,"column":55}},"20":{"start":{"line":77,"column":6},"end":{"line":77,"column":23}},"21":{"start":{"line":81,"column":20},"end":{"line":108,"column":3}},"22":{"start":{"line":82,"column":4},"end":{"line":107,"column":5}},"23":{"start":{"line":83,"column":31},"end":{"line":83,"column":86}},"24":{"start":{"line":85,"column":6},"end":{"line":91,"column":7}},"25":{"start":{"line":86,"column":8},"end":{"line":89,"column":9}},"26":{"start":{"line":90,"column":8},"end":{"line":90,"column":14}},"27":{"start":{"line":93,"column":21},"end":{"line":98,"column":8}},"28":{"start":{"line":100,"column":6},"end":{"line":103,"column":7}},"29":{"start":{"line":101,"column":8},"end":{"line":101,"column":41}},"30":{"start":{"line":102,"column":8},"end":{"line":102,"column":47}},"31":{"start":{"line":105,"column":6},"end":{"line":105,"column":53}},"32":{"start":{"line":106,"column":6},"end":{"line":106,"column":65}},"33":{"start":{"line":110,"column":22},"end":{"line":144,"column":3}},"34":{"start":{"line":111,"column":4},"end":{"line":143,"column":5}},"35":{"start":{"line":112,"column":6},"end":{"line":112,"column":24}},"36":{"start":{"line":115,"column":23},"end":{"line":115,"column":37}},"37":{"start":{"line":116,"column":23},"end":{"line":116,"column":58}},"38":{"start":{"line":117,"column":20},"end":{"line":117,"column":45}},"39":{"start":{"line":118,"column":19},"end":{"line":118,"column":61}},"40":{"start":{"line":120,"column":6},"end":{"line":124,"column":15}},"41":{"start":{"line":126,"column":23},"end":{"line":130,"column":8}},"42":{"start":{"line":132,"column":6},"end":{"line":134,"column":7}},"43":{"start":{"line":133,"column":8},"end":{"line":133,"column":62}},"44":{"start":{"line":136,"column":6},"end":{"line":136,"column":50}},"45":{"start":{"line":137,"column":6},"end":{"line":140,"column":7}},"46":{"start":{"line":142,"column":6},"end":{"line":142,"column":25}},"47":{"start":{"line":146,"column":21},"end":{"line":187,"column":3}},"48":{"start":{"line":147,"column":4},"end":{"line":186,"column":5}},"49":{"start":{"line":148,"column":6},"end":{"line":148,"column":22}},"50":{"start":{"line":151,"column":6},"end":{"line":154,"column":7}},"51":{"start":{"line":152,"column":8},"end":{"line":152,"column":64}},"52":{"start":{"line":153,"column":8},"end":{"line":153,"column":14}},"53":{"start":{"line":156,"column":6},"end":{"line":159,"column":7}},"54":{"start":{"line":157,"column":8},"end":{"line":157,"column":51}},"55":{"start":{"line":158,"column":8},"end":{"line":158,"column":14}},"56":{"start":{"line":162,"column":25},"end":{"line":162,"column":53}},"57":{"start":{"line":163,"column":6},"end":{"line":166,"column":7}},"58":{"start":{"line":164,"column":8},"end":{"line":164,"column":55}},"59":{"start":{"line":165,"column":8},"end":{"line":165,"column":14}},"60":{"start":{"line":168,"column":23},"end":{"line":168,"column":75}},"61":{"start":{"line":170,"column":6},"end":{"line":177,"column":7}},"62":{"start":{"line":171,"column":8},"end":{"line":176,"column":10}},"63":{"start":{"line":174,"column":27},"end":{"line":174,"column":46}},"64":{"start":{"line":179,"column":6},"end":{"line":179,"column":56}},"65":{"start":{"line":180,"column":6},"end":{"line":183,"column":7}},"66":{"start":{"line":185,"column":6},"end":{"line":185,"column":23}},"67":{"start":{"line":189,"column":22},"end":{"line":191,"column":3}},"68":{"start":{"line":190,"column":4},"end":{"line":190,"column":56}},"69":{"start":{"line":190,"column":27},"end":{"line":190,"column":54}},"70":{"start":{"line":193,"column":2},"end":{"line":199,"column":3}},"71":{"start":{"line":194,"column":4},"end":{"line":198,"column":5}},"72":{"start":{"line":201,"column":2},"end":{"line":443,"column":3}},"73":{"start":{"line":210,"column":41},"end":{"line":210,"column":60}},"74":{"start":{"line":282,"column":39},"end":{"line":282,"column":71}},"75":{"start":{"line":307,"column":39},"end":{"line":307,"column":70}},"76":{"start":{"line":332,"column":39},"end":{"line":332,"column":66}},"77":{"start":{"line":359,"column":39},"end":{"line":359,"column":66}},"78":{"start":{"line":385,"column":39},"end":{"line":385,"column":68}},"79":{"start":{"line":410,"column":39},"end":{"line":410,"column":65}},"80":{"start":{"line":446,"column":15},"end":{"line":526,"column":2}}},"fnMap":{"0":{"name":"(anonymous_0)","decl":{"start":{"line":36,"column":36},"end":{"line":36,"column":37}},"loc":{"start":{"line":36,"column":42},"end":{"line":444,"column":1}},"line":36},"1":{"name":"(anonymous_1)","decl":{"start":{"line":40,"column":31},"end":{"line":40,"column":32}},"loc":{"start":{"line":40,"column":53},"end":{"line":40,"column":63}},"line":40},"2":{"name":"(anonymous_2)","decl":{"start":{"line":54,"column":12},"end":{"line":54,"column":13}},"loc":{"start":{"line":54,"column":18},"end":{"line":56,"column":3}},"line":54},"3":{"name":"(anonymous_3)","decl":{"start":{"line":58,"column":26},"end":{"line":58,"column":27}},"loc":{"start":{"line":58,"column":38},"end":{"line":79,"column":3}},"line":58},"4":{"name":"(anonymous_4)","decl":{"start":{"line":81,"column":20},"end":{"line":81,"column":21}},"loc":{"start":{"line":81,"column":32},"end":{"line":108,"column":3}},"line":81},"5":{"name":"(anonymous_5)","decl":{"start":{"line":110,"column":22},"end":{"line":110,"column":23}},"loc":{"start":{"line":110,"column":45},"end":{"line":144,"column":3}},"line":110},"6":{"name":"(anonymous_6)","decl":{"start":{"line":146,"column":21},"end":{"line":146,"column":22}},"loc":{"start":{"line":146,"column":33},"end":{"line":187,"column":3}},"line":146},"7":{"name":"(anonymous_7)","decl":{"start":{"line":174,"column":21},"end":{"line":174,"column":22}},"loc":{"start":{"line":174,"column":27},"end":{"line":174,"column":46}},"line":174},"8":{"name":"(anonymous_8)","decl":{"start":{"line":189,"column":22},"end":{"line":189,"column":23}},"loc":{"start":{"line":189,"column":71},"end":{"line":191,"column":3}},"line":189},"9":{"name":"(anonymous_9)","decl":{"start":{"line":190,"column":16},"end":{"line":190,"column":17}},"loc":{"start":{"line":190,"column":27},"end":{"line":190,"column":54}},"line":190},"10":{"name":"(anonymous_10)","decl":{"start":{"line":210,"column":35},"end":{"line":210,"column":36}},"loc":{"start":{"line":210,"column":41},"end":{"line":210,"column":60}},"line":210},"11":{"name":"(anonymous_11)","decl":{"start":{"line":282,"column":28},"end":{"line":282,"column":29}},"loc":{"start":{"line":282,"column":39},"end":{"line":282,"column":71}},"line":282},"12":{"name":"(anonymous_12)","decl":{"start":{"line":307,"column":28},"end":{"line":307,"column":29}},"loc":{"start":{"line":307,"column":39},"end":{"line":307,"column":70}},"line":307},"13":{"name":"(anonymous_13)","decl":{"start":{"line":332,"column":28},"end":{"line":332,"column":29}},"loc":{"start":{"line":332,"column":39},"end":{"line":332,"column":66}},"line":332},"14":{"name":"(anonymous_14)","decl":{"start":{"line":359,"column":28},"end":{"line":359,"column":29}},"loc":{"start":{"line":359,"column":39},"end":{"line":359,"column":66}},"line":359},"15":{"name":"(anonymous_15)","decl":{"start":{"line":385,"column":28},"end":{"line":385,"column":29}},"loc":{"start":{"line":385,"column":39},"end":{"line":385,"column":68}},"line":385},"16":{"name":"(anonymous_16)","decl":{"start":{"line":410,"column":28},"end":{"line":410,"column":29}},"loc":{"start":{"line":410,"column":39},"end":{"line":410,"column":65}},"line":410}},"branchMap":{"0":{"loc":{"start":{"line":61,"column":6},"end":{"line":73,"column":7}},"type":"if","locations":[{"start":{"line":61,"column":6},"end":{"line":73,"column":7}},{"start":{},"end":{}}],"line":61},"1":{"loc":{"start":{"line":63,"column":22},"end":{"line":63,"column":43}},"type":"binary-expr","locations":[{"start":{"line":63,"column":22},"end":{"line":63,"column":37}},{"start":{"line":63,"column":41},"end":{"line":63,"column":43}}],"line":63},"2":{"loc":{"start":{"line":64,"column":21},"end":{"line":64,"column":41}},"type":"binary-expr","locations":[{"start":{"line":64,"column":21},"end":{"line":64,"column":35}},{"start":{"line":64,"column":39},"end":{"line":64,"column":41}}],"line":64},"3":{"loc":{"start":{"line":65,"column":17},"end":{"line":65,"column":33}},"type":"binary-expr","locations":[{"start":{"line":65,"column":17},"end":{"line":65,"column":27}},{"start":{"line":65,"column":31},"end":{"line":65,"column":33}}],"line":65},"4":{"loc":{"start":{"line":66,"column":17},"end":{"line":66,"column":33}},"type":"binary-expr","locations":[{"start":{"line":66,"column":17},"end":{"line":66,"column":27}},{"start":{"line":66,"column":31},"end":{"line":66,"column":33}}],"line":66},"5":{"loc":{"start":{"line":67,"column":19},"end":{"line":67,"column":37}},"type":"binary-expr","locations":[{"start":{"line":67,"column":19},"end":{"line":67,"column":31}},{"start":{"line":67,"column":35},"end":{"line":67,"column":37}}],"line":67},"6":{"loc":{"start":{"line":68,"column":16},"end":{"line":68,"column":31}},"type":"binary-expr","locations":[{"start":{"line":68,"column":16},"end":{"line":68,"column":25}},{"start":{"line":68,"column":29},"end":{"line":68,"column":31}}],"line":68},"7":{"loc":{"start":{"line":70,"column":8},"end":{"line":72,"column":9}},"type":"if","locations":[{"start":{"line":70,"column":8},"end":{"line":72,"column":9}},{"start":{},"end":{}}],"line":70},"8":{"loc":{"start":{"line":85,"column":6},"end":{"line":91,"column":7}},"type":"if","locations":[{"start":{"line":85,"column":6},"end":{"line":91,"column":7}},{"start":{},"end":{}}],"line":85},"9":{"loc":{"start":{"line":100,"column":6},"end":{"line":103,"column":7}},"type":"if","locations":[{"start":{"line":100,"column":6},"end":{"line":103,"column":7}},{"start":{},"end":{}}],"line":100},"10":{"loc":{"start":{"line":100,"column":10},"end":{"line":100,"column":46}},"type":"binary-expr","locations":[{"start":{"line":100,"column":10},"end":{"line":100,"column":26}},{"start":{"line":100,"column":30},"end":{"line":100,"column":46}}],"line":100},"11":{"loc":{"start":{"line":116,"column":23},"end":{"line":116,"column":58}},"type":"binary-expr","locations":[{"start":{"line":116,"column":23},"end":{"line":116,"column":43}},{"start":{"line":116,"column":47},"end":{"line":116,"column":58}}],"line":116},"12":{"loc":{"start":{"line":118,"column":19},"end":{"line":118,"column":61}},"type":"cond-expr","locations":[{"start":{"line":118,"column":27},"end":{"line":118,"column":46}},{"start":{"line":118,"column":49},"end":{"line":118,"column":61}}],"line":118},"13":{"loc":{"start":{"line":132,"column":6},"end":{"line":134,"column":7}},"type":"if","locations":[{"start":{"line":132,"column":6},"end":{"line":134,"column":7}},{"start":{},"end":{}}],"line":132},"14":{"loc":{"start":{"line":139,"column":8},"end":{"line":139,"column":73}},"type":"binary-expr","locations":[{"start":{"line":139,"column":8},"end":{"line":139,"column":37}},{"start":{"line":139,"column":41},"end":{"line":139,"column":73}}],"line":139},"15":{"loc":{"start":{"line":151,"column":6},"end":{"line":154,"column":7}},"type":"if","locations":[{"start":{"line":151,"column":6},"end":{"line":154,"column":7}},{"start":{},"end":{}}],"line":151},"16":{"loc":{"start":{"line":151,"column":10},"end":{"line":151,"column":67}},"type":"binary-expr","locations":[{"start":{"line":151,"column":10},"end":{"line":151,"column":37}},{"start":{"line":151,"column":41},"end":{"line":151,"column":67}}],"line":151},"17":{"loc":{"start":{"line":156,"column":6},"end":{"line":159,"column":7}},"type":"if","locations":[{"start":{"line":156,"column":6},"end":{"line":159,"column":7}},{"start":{},"end":{}}],"line":156},"18":{"loc":{"start":{"line":163,"column":6},"end":{"line":166,"column":7}},"type":"if","locations":[{"start":{"line":163,"column":6},"end":{"line":166,"column":7}},{"start":{},"end":{}}],"line":163},"19":{"loc":{"start":{"line":170,"column":6},"end":{"line":177,"column":7}},"type":"if","locations":[{"start":{"line":170,"column":6},"end":{"line":177,"column":7}},{"start":{},"end":{}}],"line":170},"20":{"loc":{"start":{"line":182,"column":8},"end":{"line":182,"column":80}},"type":"binary-expr","locations":[{"start":{"line":182,"column":8},"end":{"line":182,"column":37}},{"start":{"line":182,"column":41},"end":{"line":182,"column":80}}],"line":182},"21":{"loc":{"start":{"line":193,"column":2},"end":{"line":199,"column":3}},"type":"if","locations":[{"start":{"line":193,"column":2},"end":{"line":199,"column":3}},{"start":{},"end":{}}],"line":193},"22":{"loc":{"start":{"line":193,"column":6},"end":{"line":193,"column":37}},"type":"binary-expr","locations":[{"start":{"line":193,"column":6},"end":{"line":193,"column":13}},{"start":{"line":193,"column":17},"end":{"line":193,"column":37}}],"line":193},"23":{"loc":{"start":{"line":204,"column":18},"end":{"line":204,"column":74}},"type":"cond-expr","locations":[{"start":{"line":204,"column":42},"end":{"line":204,"column":57}},{"start":{"line":204,"column":60},"end":{"line":204,"column":74}}],"line":204},"24":{"loc":{"start":{"line":228,"column":13},"end":{"line":239,"column":13}},"type":"cond-expr","locations":[{"start":{"line":229,"column":14},"end":{"line":229,"column":71}},{"start":{"line":231,"column":14},"end":{"line":238,"column":21}}],"line":228},"25":{"loc":{"start":{"line":240,"column":13},"end":{"line":244,"column":13}},"type":"binary-expr","locations":[{"start":{"line":240,"column":13},"end":{"line":240,"column":22}},{"start":{"line":241,"column":14},"end":{"line":243,"column":21}}],"line":240},"26":{"loc":{"start":{"line":430,"column":11},"end":{"line":439,"column":11}},"type":"cond-expr","locations":[{"start":{"line":431,"column":12},"end":{"line":431,"column":60}},{"start":{"line":433,"column":12},"end":{"line":438,"column":15}}],"line":430},"27":{"loc":{"start":{"line":459,"column":16},"end":{"line":459,"column":47}},"type":"cond-expr","locations":[{"start":{"line":459,"column":40},"end":{"line":459,"column":42}},{"start":{"line":459,"column":45},"end":{"line":459,"column":47}}],"line":459}},"s":{"0":1,"1":78,"2":78,"3":78,"4":78,"5":105,"6":78,"7":78,"8":78,"9":78,"10":78,"11":27,"12":78,"13":27,"14":27,"15":27,"16":27,"17":27,"18":0,"19":0,"20":27,"21":78,"22":4,"23":4,"24":4,"25":1,"26":1,"27":3,"28":3,"29":2,"30":2,"31":0,"32":0,"33":78,"34":2,"35":2,"36":2,"37":2,"38":2,"39":2,"40":2,"41":2,"42":1,"43":1,"44":1,"45":1,"46":2,"47":78,"48":8,"49":8,"50":8,"51":2,"52":2,"53":6,"54":1,"55":1,"56":5,"57":5,"58":1,"59":1,"60":4,"61":3,"62":3,"63":0,"64":1,"65":1,"66":8,"67":78,"68":11,"69":11,"70":78,"71":0,"72":78,"73":0,"74":3,"75":2,"76":3,"77":1,"78":1,"79":1,"80":1},"f":{"0":78,"1":105,"2":27,"3":27,"4":4,"5":2,"6":8,"7":0,"8":11,"9":11,"10":0,"11":3,"12":2,"13":3,"14":1,"15":1,"16":1},"b":{"0":[27,0],"1":[27,0],"2":[27,0],"3":[27,0],"4":[27,0],"5":[27,0],"6":[27,0],"7":[0,27],"8":[1,3],"9":[2,1],"10":[3,2],"11":[2,0],"12":[2,0],"13":[1,0],"14":[1,0],"15":[2,6],"16":[8,7],"17":[1,5],"18":[1,4],"19":[3,0],"20":[1,0],"21":[0,78],"22":[78,4],"23":[0,78],"24":[2,76],"25":[78,0],"26":[4,74],"27":[1,0]},"_coverageSchema":"1a1c01bbd47fc00a2c39e90264f33305004495a9","hash":"f1ea2951ba1c8bb65e8f0398e8a5ca701d5362b0"}
}
