{"total": {"lines":{"total":1552,"covered":198,"skipped":0,"pct":12.75},"statements":{"total":1622,"covered":220,"skipped":0,"pct":13.56},"functions":{"total":416,"covered":57,"skipped":0,"pct":13.7},"branches":{"total":854,"covered":128,"skipped":0,"pct":14.98},"branchesTrue":{"total":0,"covered":0,"skipped":0,"pct":100}}
,"C:\\xampp\\htdocs\\antigaspi2\\mobile\\src\\components\\ConnectivityBanner.tsx": {"lines":{"total":9,"covered":0,"skipped":0,"pct":0},"functions":{"total":2,"covered":0,"skipped":0,"pct":0},"statements":{"total":9,"covered":0,"skipped":0,"pct":0},"branches":{"total":16,"covered":0,"skipped":0,"pct":0}}
,"C:\\xampp\\htdocs\\antigaspi2\\mobile\\src\\components\\2025\\Badge.tsx": {"lines":{"total":15,"covered":15,"skipped":0,"pct":100},"functions":{"total":6,"covered":6,"skipped":0,"pct":100},"statements":{"total":19,"covered":19,"skipped":0,"pct":100},"branches":{"total":10,"covered":10,"skipped":0,"pct":100}}
,"C:\\xampp\\htdocs\\antigaspi2\\mobile\\src\\components\\2025\\Button.tsx": {"lines":{"total":24,"covered":22,"skipped":0,"pct":91.66},"functions":{"total":7,"covered":7,"skipped":0,"pct":100},"statements":{"total":29,"covered":27,"skipped":0,"pct":93.1},"branches":{"total":43,"covered":35,"skipped":0,"pct":81.39}}
,"C:\\xampp\\htdocs\\antigaspi2\\mobile\\src\\components\\2025\\Card.tsx": {"lines":{"total":21,"covered":20,"skipped":0,"pct":95.23},"functions":{"total":8,"covered":8,"skipped":0,"pct":100},"statements":{"total":26,"covered":25,"skipped":0,"pct":96.15},"branches":{"total":20,"covered":17,"skipped":0,"pct":85}}
,"C:\\xampp\\htdocs\\antigaspi2\\mobile\\src\\components\\2025\\Modal.tsx": {"lines":{"total":45,"covered":41,"skipped":0,"pct":91.11},"functions":{"total":12,"covered":12,"skipped":0,"pct":100},"statements":{"total":50,"covered":46,"skipped":0,"pct":92},"branches":{"total":41,"covered":36,"skipped":0,"pct":87.8}}
,"C:\\xampp\\htdocs\\antigaspi2\\mobile\\src\\components\\2025\\Typography.tsx": {"lines":{"total":33,"covered":32,"skipped":0,"pct":96.96},"functions":{"total":12,"covered":12,"skipped":0,"pct":100},"statements":{"total":35,"covered":34,"skipped":0,"pct":97.14},"branches":{"total":16,"covered":14,"skipped":0,"pct":87.5}}
,"C:\\xampp\\htdocs\\antigaspi2\\mobile\\src\\components\\2025\\index.ts": {"lines":{"total":0,"covered":0,"skipped":0,"pct":100},"functions":{"total":0,"covered":0,"skipped":0,"pct":100},"statements":{"total":0,"covered":0,"skipped":0,"pct":100},"branches":{"total":0,"covered":0,"skipped":0,"pct":100}}
,"C:\\xampp\\htdocs\\antigaspi2\\mobile\\src\\navigation\\AppNavigator.tsx": {"lines":{"total":48,"covered":0,"skipped":0,"pct":0},"functions":{"total":9,"covered":0,"skipped":0,"pct":0},"statements":{"total":49,"covered":0,"skipped":0,"pct":0},"branches":{"total":34,"covered":0,"skipped":0,"pct":0}}
,"C:\\xampp\\htdocs\\antigaspi2\\mobile\\src\\navigation\\AuthNavigator.tsx": {"lines":{"total":3,"covered":0,"skipped":0,"pct":0},"functions":{"total":1,"covered":0,"skipped":0,"pct":0},"statements":{"total":3,"covered":0,"skipped":0,"pct":0},"branches":{"total":0,"covered":0,"skipped":0,"pct":100}}
,"C:\\xampp\\htdocs\\antigaspi2\\mobile\\src\\navigation\\MainNavigator.tsx": {"lines":{"total":19,"covered":0,"skipped":0,"pct":0},"functions":{"total":5,"covered":0,"skipped":0,"pct":0},"statements":{"total":19,"covered":0,"skipped":0,"pct":0},"branches":{"total":16,"covered":0,"skipped":0,"pct":0}}
,"C:\\xampp\\htdocs\\antigaspi2\\mobile\\src\\screens\\ComponentGalleryScreen.tsx": {"lines":{"total":21,"covered":0,"skipped":0,"pct":0},"functions":{"total":14,"covered":0,"skipped":0,"pct":0},"statements":{"total":22,"covered":0,"skipped":0,"pct":0},"branches":{"total":2,"covered":0,"skipped":0,"pct":0}}
,"C:\\xampp\\htdocs\\antigaspi2\\mobile\\src\\screens\\SplashScreen.tsx": {"lines":{"total":4,"covered":0,"skipped":0,"pct":0},"functions":{"total":1,"covered":0,"skipped":0,"pct":0},"statements":{"total":4,"covered":0,"skipped":0,"pct":0},"branches":{"total":0,"covered":0,"skipped":0,"pct":100}}
,"C:\\xampp\\htdocs\\antigaspi2\\mobile\\src\\screens\\auth\\LoginScreen.tsx": {"lines":{"total":22,"covered":0,"skipped":0,"pct":0},"functions":{"total":8,"covered":0,"skipped":0,"pct":0},"statements":{"total":23,"covered":0,"skipped":0,"pct":0},"branches":{"total":14,"covered":0,"skipped":0,"pct":0}}
,"C:\\xampp\\htdocs\\antigaspi2\\mobile\\src\\screens\\auth\\RegisterScreen.tsx": {"lines":{"total":24,"covered":0,"skipped":0,"pct":0},"functions":{"total":6,"covered":0,"skipped":0,"pct":0},"statements":{"total":25,"covered":0,"skipped":0,"pct":0},"branches":{"total":22,"covered":0,"skipped":0,"pct":0}}
,"C:\\xampp\\htdocs\\antigaspi2\\mobile\\src\\screens\\main\\HomeScreen.tsx": {"lines":{"total":33,"covered":0,"skipped":0,"pct":0},"functions":{"total":16,"covered":0,"skipped":0,"pct":0},"statements":{"total":39,"covered":0,"skipped":0,"pct":0},"branches":{"total":4,"covered":0,"skipped":0,"pct":0}}
,"C:\\xampp\\htdocs\\antigaspi2\\mobile\\src\\screens\\main\\ProductDetailsScreen.tsx": {"lines":{"total":176,"covered":0,"skipped":0,"pct":0},"functions":{"total":31,"covered":0,"skipped":0,"pct":0},"statements":{"total":187,"covered":0,"skipped":0,"pct":0},"branches":{"total":127,"covered":0,"skipped":0,"pct":0}}
,"C:\\xampp\\htdocs\\antigaspi2\\mobile\\src\\screens\\main\\ProductsScreen.tsx": {"lines":{"total":56,"covered":0,"skipped":0,"pct":0},"functions":{"total":23,"covered":0,"skipped":0,"pct":0},"statements":{"total":58,"covered":0,"skipped":0,"pct":0},"branches":{"total":32,"covered":0,"skipped":0,"pct":0}}
,"C:\\xampp\\htdocs\\antigaspi2\\mobile\\src\\screens\\main\\ProfileScreen.tsx": {"lines":{"total":9,"covered":0,"skipped":0,"pct":0},"functions":{"total":4,"covered":0,"skipped":0,"pct":0},"statements":{"total":10,"covered":0,"skipped":0,"pct":0},"branches":{"total":4,"covered":0,"skipped":0,"pct":0}}
,"C:\\xampp\\htdocs\\antigaspi2\\mobile\\src\\screens\\main\\ReservationsScreen.tsx": {"lines":{"total":137,"covered":0,"skipped":0,"pct":0},"functions":{"total":34,"covered":0,"skipped":0,"pct":0},"statements":{"total":141,"covered":0,"skipped":0,"pct":0},"branches":{"total":115,"covered":0,"skipped":0,"pct":0}}
,"C:\\xampp\\htdocs\\antigaspi2\\mobile\\src\\services\\analyticsService.ts": {"lines":{"total":96,"covered":0,"skipped":0,"pct":0},"functions":{"total":24,"covered":0,"skipped":0,"pct":0},"statements":{"total":98,"covered":0,"skipped":0,"pct":0},"branches":{"total":28,"covered":0,"skipped":0,"pct":0}}
,"C:\\xampp\\htdocs\\antigaspi2\\mobile\\src\\services\\api.ts": {"lines":{"total":60,"covered":0,"skipped":0,"pct":0},"functions":{"total":24,"covered":0,"skipped":0,"pct":0},"statements":{"total":60,"covered":0,"skipped":0,"pct":0},"branches":{"total":27,"covered":0,"skipped":0,"pct":0}}
,"C:\\xampp\\htdocs\\antigaspi2\\mobile\\src\\services\\notificationService.ts": {"lines":{"total":150,"covered":0,"skipped":0,"pct":0},"functions":{"total":34,"covered":0,"skipped":0,"pct":0},"statements":{"total":151,"covered":0,"skipped":0,"pct":0},"branches":{"total":72,"covered":0,"skipped":0,"pct":0}}
,"C:\\xampp\\htdocs\\antigaspi2\\mobile\\src\\services\\offlineService.ts": {"lines":{"total":149,"covered":0,"skipped":0,"pct":0},"functions":{"total":26,"covered":0,"skipped":0,"pct":0},"statements":{"total":154,"covered":0,"skipped":0,"pct":0},"branches":{"total":61,"covered":0,"skipped":0,"pct":0}}
,"C:\\xampp\\htdocs\\antigaspi2\\mobile\\src\\services\\paymentService.ts": {"lines":{"total":61,"covered":0,"skipped":0,"pct":0},"functions":{"total":18,"covered":0,"skipped":0,"pct":0},"statements":{"total":64,"covered":0,"skipped":0,"pct":0},"branches":{"total":45,"covered":0,"skipped":0,"pct":0}}
,"C:\\xampp\\htdocs\\antigaspi2\\mobile\\src\\store\\index.ts": {"lines":{"total":2,"covered":0,"skipped":0,"pct":0},"functions":{"total":1,"covered":0,"skipped":0,"pct":0},"statements":{"total":2,"covered":0,"skipped":0,"pct":0},"branches":{"total":0,"covered":0,"skipped":0,"pct":100}}
,"C:\\xampp\\htdocs\\antigaspi2\\mobile\\src\\store\\slices\\authSlice.ts": {"lines":{"total":67,"covered":0,"skipped":0,"pct":0},"functions":{"total":17,"covered":0,"skipped":0,"pct":0},"statements":{"total":67,"covered":0,"skipped":0,"pct":0},"branches":{"total":6,"covered":0,"skipped":0,"pct":0}}
,"C:\\xampp\\htdocs\\antigaspi2\\mobile\\src\\store\\slices\\connectivitySlice.ts": {"lines":{"total":10,"covered":0,"skipped":0,"pct":0},"functions":{"total":4,"covered":0,"skipped":0,"pct":0},"statements":{"total":10,"covered":0,"skipped":0,"pct":0},"branches":{"total":2,"covered":0,"skipped":0,"pct":0}}
,"C:\\xampp\\htdocs\\antigaspi2\\mobile\\src\\store\\slices\\productsSlice.ts": {"lines":{"total":68,"covered":0,"skipped":0,"pct":0},"functions":{"total":17,"covered":0,"skipped":0,"pct":0},"statements":{"total":70,"covered":0,"skipped":0,"pct":0},"branches":{"total":26,"covered":0,"skipped":0,"pct":0}}
,"C:\\xampp\\htdocs\\antigaspi2\\mobile\\src\\store\\slices\\reservationsSlice.ts": {"lines":{"total":86,"covered":0,"skipped":0,"pct":0},"functions":{"total":27,"covered":0,"skipped":0,"pct":0},"statements":{"total":93,"covered":0,"skipped":0,"pct":0},"branches":{"total":26,"covered":0,"skipped":0,"pct":0}}
,"C:\\xampp\\htdocs\\antigaspi2\\mobile\\src\\theme\\ThemeContext.tsx": {"lines":{"total":50,"covered":28,"skipped":0,"pct":56},"functions":{"total":10,"covered":5,"skipped":0,"pct":50},"statements":{"total":51,"covered":29,"skipped":0,"pct":56.86},"branches":{"total":19,"covered":8,"skipped":0,"pct":42.1}}
,"C:\\xampp\\htdocs\\antigaspi2\\mobile\\src\\theme\\designSystem2025.ts": {"lines":{"total":19,"covered":18,"skipped":0,"pct":94.73},"functions":{"total":2,"covered":1,"skipped":0,"pct":50},"statements":{"total":19,"covered":18,"skipped":0,"pct":94.73},"branches":{"total":0,"covered":0,"skipped":0,"pct":100}}
,"C:\\xampp\\htdocs\\antigaspi2\\mobile\\src\\theme\\index.ts": {"lines":{"total":0,"covered":0,"skipped":0,"pct":100},"functions":{"total":0,"covered":0,"skipped":0,"pct":100},"statements":{"total":0,"covered":0,"skipped":0,"pct":100},"branches":{"total":0,"covered":0,"skipped":0,"pct":100}}
,"C:\\xampp\\htdocs\\antigaspi2\\mobile\\src\\theme\\useTheme.ts": {"lines":{"total":35,"covered":22,"skipped":0,"pct":62.85},"functions":{"total":13,"covered":6,"skipped":0,"pct":46.15},"statements":{"total":35,"covered":22,"skipped":0,"pct":62.85},"branches":{"total":26,"covered":8,"skipped":0,"pct":30.76}}
,"C:\\xampp\\htdocs\\antigaspi2\\mobile\\src\\types\\index.ts": {"lines":{"total":0,"covered":0,"skipped":0,"pct":100},"functions":{"total":0,"covered":0,"skipped":0,"pct":100},"statements":{"total":0,"covered":0,"skipped":0,"pct":100},"branches":{"total":0,"covered":0,"skipped":0,"pct":100}}
}
