TN:
SF:src\components\2025\Badge.tsx
FN:45,(anonymous_0)
FN:78,(anonymous_1)
FN:81,(anonymous_2)
FN:166,(anonymous_3)
FN:178,(anonymous_4)
FN:185,(anonymous_5)
FNF:6
FNH:6
FNDA:41,(anonymous_0)
FNDA:41,(anonymous_1)
FNDA:41,(anonymous_2)
FNDA:41,(anonymous_3)
FNDA:41,(anonymous_4)
FNDA:41,(anonymous_5)
DA:45,1
DA:54,41
DA:57,41
DA:78,41
DA:81,41
DA:82,41
DA:141,41
DA:143,41
DA:144,7
DA:156,34
DA:166,41
DA:178,41
DA:185,41
DA:192,41
DA:200,1
LF:15
LH:15
BRDA:47,0,0,21
BRDA:48,1,0,30
BRDA:49,2,0,34
BRDA:50,3,0,34
BRDA:143,4,0,7
BRDA:143,4,1,34
BRDA:173,5,0,7
BRDA:173,5,1,34
BRDA:194,6,0,41
BRDA:194,6,1,7
BRF:10
BRH:10
end_of_record
TN:
SF:src\components\2025\Button.tsx
FN:52,(anonymous_0)
FN:94,(anonymous_1)
FN:97,(anonymous_2)
FN:180,(anonymous_3)
FN:194,(anonymous_4)
FN:200,(anonymous_5)
FN:224,(anonymous_6)
FNF:7
FNH:7
FNDA:28,(anonymous_0)
FNDA:28,(anonymous_1)
FNDA:28,(anonymous_2)
FNDA:28,(anonymous_3)
FNDA:28,(anonymous_4)
FNDA:28,(anonymous_5)
FNDA:28,(anonymous_6)
DA:52,1
DA:67,28
DA:70,28
DA:94,28
DA:97,28
DA:98,28
DA:100,24
DA:114,1
DA:128,1
DA:142,1
DA:159,1
DA:173,0
DA:180,28
DA:194,28
DA:200,28
DA:201,28
DA:202,3
DA:214,25
DA:224,28
DA:225,28
DA:226,27
DA:227,0
DA:230,28
DA:249,1
LF:24
LH:22
BRDA:54,0,0,22
BRDA:55,1,0,24
BRDA:56,2,0,27
BRDA:57,3,0,25
BRDA:58,4,0,25
BRDA:98,5,0,24
BRDA:98,5,1,1
BRDA:98,5,2,1
BRDA:98,5,3,1
BRDA:98,5,4,1
BRDA:98,5,5,0
BRDA:102,6,0,3
BRDA:102,6,1,21
BRDA:116,7,0,0
BRDA:116,7,1,1
BRDA:130,8,0,0
BRDA:130,8,1,1
BRDA:146,9,0,0
BRDA:146,9,1,1
BRDA:151,10,0,0
BRDA:151,10,1,1
BRDA:161,11,0,0
BRDA:161,11,1,1
BRDA:188,12,0,3
BRDA:188,12,1,25
BRDA:189,13,0,28
BRDA:189,13,1,1
BRDA:201,14,0,3
BRDA:201,14,1,25
BRDA:206,15,0,0
BRDA:206,15,1,3
BRDA:216,16,0,25
BRDA:216,16,1,1
BRDA:218,17,0,25
BRDA:218,17,1,1
BRDA:225,18,0,1
BRDA:225,18,1,27
BRDA:226,19,0,27
BRDA:226,19,1,0
BRDA:234,20,0,28
BRDA:234,20,1,25
BRDA:240,21,0,28
BRDA:240,21,1,25
BRF:43
BRH:35
end_of_record
TN:
SF:src\components\2025\Card.tsx
FN:43,(anonymous_0)
FN:61,(anonymous_1)
FN:64,(anonymous_2)
FN:105,(anonymous_3)
FN:112,(anonymous_4)
FN:117,(anonymous_5)
FN:124,(anonymous_6)
FN:131,(anonymous_7)
FNF:8
FNH:8
FNDA:27,(anonymous_0)
FNDA:27,(anonymous_1)
FNDA:27,(anonymous_2)
FNDA:27,(anonymous_3)
FNDA:27,(anonymous_4)
FNDA:27,(anonymous_5)
FNDA:27,(anonymous_6)
FNDA:27,(anonymous_7)
DA:43,1
DA:58,27
DA:61,27
DA:64,27
DA:65,27
DA:67,24
DA:75,1
DA:82,1
DA:94,1
DA:101,0
DA:105,27
DA:112,27
DA:117,27
DA:124,27
DA:131,27
DA:132,27
DA:139,27
DA:140,5
DA:155,22
DA:158,1
LF:20
LH:19
BRDA:47,0,0,21
BRDA:48,1,0,23
BRDA:49,2,0,21
BRDA:65,3,0,24
BRDA:65,3,1,1
BRDA:65,3,2,1
BRDA:65,3,3,1
BRDA:65,3,4,0
BRDA:83,4,0,0
BRDA:83,4,1,1
BRDA:87,5,0,0
BRDA:87,5,1,1
BRDA:133,6,0,27
BRDA:133,6,1,3
BRDA:135,7,0,27
BRDA:135,7,1,3
BRDA:139,8,0,5
BRDA:139,8,1,22
BRDA:139,9,0,27
BRDA:139,9,1,5
BRF:20
BRH:17
end_of_record
TN:
SF:src\components\2025\Modal.tsx
FN:53,(anonymous_0)
FN:74,(anonymous_1)
FN:105,(anonymous_2)
FN:129,(anonymous_3)
FN:166,(anonymous_4)
FN:172,(anonymous_5)
FN:177,(anonymous_6)
FN:187,(anonymous_7)
FN:194,(anonymous_8)
FN:200,(anonymous_9)
FN:236,(anonymous_10)
FN:271,(anonymous_11)
FNF:12
FNH:0
FNDA:0,(anonymous_0)
FNDA:0,(anonymous_1)
FNDA:0,(anonymous_2)
FNDA:0,(anonymous_3)
FNDA:0,(anonymous_4)
FNDA:0,(anonymous_5)
FNDA:0,(anonymous_6)
FNDA:0,(anonymous_7)
FNDA:0,(anonymous_8)
FNDA:0,(anonymous_9)
FNDA:0,(anonymous_10)
FNDA:0,(anonymous_11)
DA:51,0
DA:53,0
DA:70,0
DA:71,0
DA:72,0
DA:74,0
DA:75,0
DA:76,0
DA:90,0
DA:105,0
DA:106,0
DA:108,0
DA:115,0
DA:120,0
DA:125,0
DA:129,0
DA:130,0
DA:135,0
DA:137,0
DA:146,0
DA:155,0
DA:162,0
DA:166,0
DA:172,0
DA:177,0
DA:187,0
DA:194,0
DA:200,0
DA:201,0
DA:203,0
DA:215,0
DA:227,0
DA:232,0
DA:236,0
DA:237,0
DA:238,0
DA:241,0
DA:242,0
DA:268,0
DA:271,0
DA:272,0
DA:273,0
DA:283,0
DA:286,0
DA:313,0
LF:45
LH:0
BRDA:60,0,0,0
BRDA:61,1,0,0
BRDA:62,2,0,0
BRDA:63,3,0,0
BRDA:64,4,0,0
BRDA:75,5,0,0
BRDA:75,5,1,0
BRDA:106,6,0,0
BRDA:106,6,1,0
BRDA:106,6,2,0
BRDA:106,6,3,0
BRDA:135,7,0,0
BRDA:135,7,1,0
BRDA:135,7,2,0
BRDA:135,7,3,0
BRDA:141,8,0,0
BRDA:141,8,1,0
BRDA:150,9,0,0
BRDA:150,9,1,0
BRDA:201,10,0,0
BRDA:201,10,1,0
BRDA:201,10,2,0
BRDA:201,10,3,0
BRDA:237,11,0,0
BRDA:237,11,1,0
BRDA:241,12,0,0
BRDA:241,12,1,0
BRDA:241,13,0,0
BRDA:241,13,1,0
BRDA:244,14,0,0
BRDA:244,14,1,0
BRDA:255,15,0,0
BRDA:255,15,1,0
BRDA:272,16,0,0
BRDA:272,16,1,0
BRDA:291,17,0,0
BRDA:291,17,1,0
BRDA:299,18,0,0
BRDA:299,18,1,0
BRDA:306,19,0,0
BRDA:306,19,1,0
BRF:41
BRH:0
end_of_record
TN:
SF:src\components\2025\Typography.tsx
FN:55,(anonymous_0)
FN:68,(anonymous_1)
FN:71,(anonymous_2)
FN:94,(anonymous_3)
FN:110,(anonymous_4)
FN:114,(anonymous_5)
FN:118,(anonymous_6)
FN:122,(anonymous_7)
FN:126,(anonymous_8)
FN:130,(anonymous_9)
FN:134,(anonymous_10)
FN:138,(anonymous_11)
FNF:12
FNH:12
FNDA:61,(anonymous_0)
FNDA:61,(anonymous_1)
FNDA:61,(anonymous_2)
FNDA:61,(anonymous_3)
FNDA:2,(anonymous_4)
FNDA:2,(anonymous_5)
FNDA:1,(anonymous_6)
FNDA:1,(anonymous_7)
FNDA:3,(anonymous_8)
FNDA:2,(anonymous_9)
FNDA:2,(anonymous_10)
FNDA:4,(anonymous_11)
DA:55,1
DA:65,61
DA:68,61
DA:71,61
DA:72,61
DA:74,46
DA:76,2
DA:78,1
DA:80,1
DA:82,4
DA:84,3
DA:86,1
DA:88,3
DA:90,0
DA:94,61
DA:102,61
DA:110,1
DA:111,2
DA:114,1
DA:115,2
DA:118,1
DA:119,1
DA:122,1
DA:123,1
DA:126,1
DA:127,3
DA:130,1
DA:131,2
DA:134,1
DA:135,2
DA:138,1
DA:142,4
DA:148,4
LF:33
LH:32
BRDA:57,0,0,29
BRDA:58,1,0,45
BRDA:59,2,0,55
BRDA:72,3,0,46
BRDA:72,3,1,2
BRDA:72,3,2,1
BRDA:72,3,3,1
BRDA:72,3,4,4
BRDA:72,3,5,3
BRDA:72,3,6,1
BRDA:72,3,7,3
BRDA:72,3,8,0
BRDA:98,4,0,61
BRDA:98,4,1,11
BRDA:98,4,2,11
BRDA:139,5,0,0
BRF:16
BRH:14
end_of_record
TN:
SF:src\components\2025\index.ts
FNF:0
FNH:0
LF:0
LH:0
BRF:0
BRH:0
end_of_record
TN:
SF:src\theme\ThemeContext.tsx
FN:107,(anonymous_0)
FN:116,(anonymous_1)
FN:241,(anonymous_2)
FN:245,(anonymous_3)
FN:253,(anonymous_4)
FN:256,(anonymous_5)
FN:275,(anonymous_6)
FN:284,(anonymous_7)
FN:293,(anonymous_8)
FN:303,(anonymous_9)
FNF:10
FNH:5
FNDA:184,(anonymous_0)
FNDA:184,(anonymous_1)
FNDA:181,(anonymous_2)
FNDA:0,(anonymous_3)
FNDA:181,(anonymous_4)
FNDA:181,(anonymous_5)
FNDA:0,(anonymous_6)
FNDA:0,(anonymous_7)
FNDA:0,(anonymous_8)
FNDA:0,(anonymous_9)
DA:90,5
DA:96,5
DA:104,5
DA:107,5
DA:108,184
DA:109,184
DA:110,184
DA:113,184
DA:116,184
DA:117,184
DA:119,184
DA:120,0
DA:160,184
DA:200,184
DA:241,184
DA:242,181
DA:245,181
DA:247,0
DA:249,0
DA:253,181
DA:256,184
DA:257,181
DA:258,181
DA:263,181
DA:264,0
DA:267,181
DA:268,0
DA:271,0
DA:275,184
DA:276,0
DA:277,0
DA:278,0
DA:280,0
DA:284,184
DA:286,0
DA:290,0
DA:293,184
DA:294,0
DA:295,0
DA:296,0
DA:297,0
DA:299,0
DA:303,184
DA:304,0
DA:305,0
DA:309,0
DA:310,0
DA:312,0
DA:316,184
DA:324,184
LF:50
LH:28
BRDA:113,0,0,184
BRDA:113,0,1,184
BRDA:113,0,2,184
BRDA:119,1,0,0
BRDA:119,1,1,184
BRDA:209,2,0,0
BRDA:209,2,1,184
BRDA:223,3,0,0
BRDA:223,3,1,184
BRDA:247,4,0,0
BRDA:247,4,1,0
BRDA:263,5,0,0
BRDA:263,5,1,181
BRDA:267,6,0,0
BRDA:267,6,1,181
BRDA:286,7,0,0
BRDA:286,7,1,0
BRDA:287,8,0,0
BRDA:287,8,1,0
BRF:19
BRH:8
end_of_record
TN:
SF:src\theme\designSystem2025.ts
FN:286,(anonymous_0)
FN:291,(anonymous_1)
FNF:2
FNH:1
FNDA:0,(anonymous_0)
FNDA:184,(anonymous_1)
DA:9,5
DA:72,5
DA:81,5
DA:134,5
DA:147,5
DA:160,5
DA:220,5
DA:239,5
DA:252,5
DA:261,5
DA:272,5
DA:286,5
DA:287,0
DA:291,5
DA:293,184
DA:294,184
DA:295,184
DA:296,184
DA:297,184
LF:19
LH:18
BRF:0
BRH:0
end_of_record
TN:
SF:src\theme\index.ts
FNF:0
FNH:0
LF:0
LH:0
BRF:0
BRH:0
end_of_record
TN:
SF:src\theme\useTheme.ts
FN:20,(anonymous_0)
FN:37,(anonymous_1)
FN:49,(anonymous_2)
FN:58,(anonymous_3)
FN:67,(anonymous_4)
FN:88,(anonymous_5)
FN:97,(anonymous_6)
FN:115,(anonymous_7)
FN:129,(anonymous_8)
FN:142,(anonymous_9)
FN:156,(anonymous_10)
FN:175,(anonymous_11)
FN:230,(anonymous_12)
FNF:13
FNH:6
FNDA:187,(anonymous_0)
FNDA:0,(anonymous_1)
FNDA:0,(anonymous_2)
FNDA:0,(anonymous_3)
FNDA:62,(anonymous_4)
FNDA:0,(anonymous_5)
FNDA:0,(anonymous_6)
FNDA:0,(anonymous_7)
FNDA:331,(anonymous_8)
FNDA:1,(anonymous_9)
FNDA:1,(anonymous_10)
FNDA:1,(anonymous_11)
FNDA:0,(anonymous_12)
DA:20,5
DA:21,187
DA:23,186
DA:24,1
DA:27,185
DA:30,185
DA:38,0
DA:39,0
DA:41,0
DA:50,0
DA:59,0
DA:68,62
DA:69,62
DA:71,62
DA:89,0
DA:97,0
DA:116,0
DA:130,331
DA:131,331
DA:132,331
DA:133,331
DA:134,331
DA:142,1
DA:156,1
DA:179,1
DA:185,1
DA:193,1
DA:195,1
DA:201,0
DA:207,0
DA:214,0
DA:220,0
DA:233,0
DA:243,185
DA:245,185
LF:35
LH:22
BRDA:23,0,0,1
BRDA:23,0,1,185
BRDA:38,1,0,0
BRDA:38,1,1,0
BRDA:74,2,0,0
BRDA:74,2,1,62
BRDA:77,3,0,8
BRDA:77,3,1,54
BRDA:97,4,0,0
BRDA:98,5,0,0
BRDA:98,5,1,0
BRDA:103,6,0,0
BRDA:103,6,1,0
BRDA:142,7,0,0
BRDA:148,8,0,1
BRDA:148,8,1,0
BRDA:156,9,0,0
BRDA:162,10,0,0
BRDA:162,10,1,1
BRDA:176,11,0,0
BRDA:177,12,0,0
BRDA:193,13,0,1
BRDA:193,13,1,0
BRDA:193,13,2,0
BRDA:193,13,3,0
BRDA:193,13,4,0
BRF:26
BRH:8
end_of_record
