TN:
SF:src\screens\main\ProfileEditScreen.tsx
FN:36,(anonymous_0)
FN:40,(anonymous_1)
FN:54,(anonymous_2)
FN:58,(anonymous_3)
FN:81,(anonymous_4)
FN:110,(anonymous_5)
FN:146,(anonymous_6)
FN:174,(anonymous_7)
FN:189,(anonymous_8)
FN:190,(anonymous_9)
FN:210,(anonymous_10)
FN:282,(anonymous_11)
FN:307,(anonymous_12)
FN:332,(anonymous_13)
FN:359,(anonymous_14)
FN:385,(anonymous_15)
FN:410,(anonymous_16)
FNF:17
FNH:15
FNDA:78,(anonymous_0)
FNDA:105,(anonymous_1)
FNDA:27,(anonymous_2)
FNDA:27,(anonymous_3)
FNDA:4,(anonymous_4)
FNDA:2,(anonymous_5)
FNDA:8,(anonymous_6)
FNDA:0,(anonymous_7)
FNDA:11,(anonymous_8)
FNDA:11,(anonymous_9)
FNDA:0,(anonymous_10)
FNDA:3,(anonymous_11)
FNDA:2,(anonymous_12)
FNDA:3,(anonymous_13)
FNDA:1,(anonymous_14)
FNDA:1,(anonymous_15)
FNDA:1,(anonymous_16)
DA:36,1
DA:37,78
DA:38,78
DA:39,78
DA:40,105
DA:42,78
DA:43,78
DA:44,78
DA:45,78
DA:54,78
DA:55,27
DA:58,78
DA:59,27
DA:60,27
DA:61,27
DA:62,27
DA:70,27
DA:71,0
DA:75,0
DA:77,27
DA:81,78
DA:82,4
DA:83,4
DA:85,4
DA:86,1
DA:90,1
DA:93,3
DA:100,3
DA:101,2
DA:102,2
DA:105,0
DA:106,0
DA:110,78
DA:111,2
DA:112,2
DA:115,2
DA:116,2
DA:117,2
DA:118,2
DA:120,2
DA:126,2
DA:132,1
DA:133,1
DA:136,1
DA:137,1
DA:142,2
DA:146,78
DA:147,8
DA:148,8
DA:151,8
DA:152,2
DA:153,2
DA:156,6
DA:157,1
DA:158,1
DA:162,5
DA:163,5
DA:164,1
DA:165,1
DA:168,4
DA:170,3
DA:171,3
DA:174,0
DA:179,1
DA:180,1
DA:185,8
DA:189,78
DA:190,11
DA:193,78
DA:194,0
DA:201,78
DA:210,0
DA:282,3
DA:307,2
DA:332,3
DA:359,1
DA:385,1
DA:410,1
DA:446,1
LF:79
LH:72
BRDA:61,0,0,27
BRDA:61,0,1,0
BRDA:63,1,0,27
BRDA:63,1,1,0
BRDA:64,2,0,27
BRDA:64,2,1,0
BRDA:65,3,0,27
BRDA:65,3,1,0
BRDA:66,4,0,27
BRDA:66,4,1,0
BRDA:67,5,0,27
BRDA:67,5,1,0
BRDA:68,6,0,27
BRDA:68,6,1,0
BRDA:70,7,0,0
BRDA:70,7,1,27
BRDA:85,8,0,1
BRDA:85,8,1,3
BRDA:100,9,0,2
BRDA:100,9,1,1
BRDA:100,10,0,3
BRDA:100,10,1,2
BRDA:116,11,0,2
BRDA:116,11,1,0
BRDA:118,12,0,2
BRDA:118,12,1,0
BRDA:132,13,0,1
BRDA:132,13,1,0
BRDA:139,14,0,1
BRDA:139,14,1,0
BRDA:151,15,0,2
BRDA:151,15,1,6
BRDA:151,16,0,8
BRDA:151,16,1,7
BRDA:156,17,0,1
BRDA:156,17,1,5
BRDA:163,18,0,1
BRDA:163,18,1,4
BRDA:170,19,0,3
BRDA:170,19,1,0
BRDA:182,20,0,1
BRDA:182,20,1,0
BRDA:193,21,0,0
BRDA:193,21,1,78
BRDA:193,22,0,78
BRDA:193,22,1,4
BRDA:204,23,0,0
BRDA:204,23,1,78
BRDA:228,24,0,2
BRDA:228,24,1,76
BRDA:240,25,0,78
BRDA:240,25,1,0
BRDA:430,26,0,4
BRDA:430,26,1,74
BRDA:459,27,0,1
BRDA:459,27,1,0
BRF:56
BRH:38
end_of_record
