{"total": {"lines":{"total":766,"covered":655,"skipped":0,"pct":85.5},"statements":{"total":766,"covered":655,"skipped":0,"pct":85.5},"functions":{"total":53,"covered":44,"skipped":0,"pct":83.01},"branches":{"total":214,"covered":151,"skipped":0,"pct":70.56},"branchesTrue":{"total":0,"covered":0,"skipped":0,"pct":"Unknown"}}
,"/workspace/antigaspi2/frontend/src/stores/cart.ts": {"lines":{"total":272,"covered":232,"skipped":0,"pct":85.29},"functions":{"total":21,"covered":18,"skipped":0,"pct":85.71},"statements":{"total":272,"covered":232,"skipped":0,"pct":85.29},"branches":{"total":91,"covered":72,"skipped":0,"pct":79.12}}
,"/workspace/antigaspi2/frontend/src/stores/products.ts": {"lines":{"total":230,"covered":202,"skipped":0,"pct":87.82},"functions":{"total":19,"covered":16,"skipped":0,"pct":84.21},"statements":{"total":230,"covered":202,"skipped":0,"pct":87.82},"branches":{"total":63,"covered":42,"skipped":0,"pct":66.66}}
,"/workspace/antigaspi2/frontend/src/stores/reservations.ts": {"lines":{"total":264,"covered":221,"skipped":0,"pct":83.71},"functions":{"total":13,"covered":10,"skipped":0,"pct":76.92},"statements":{"total":264,"covered":221,"skipped":0,"pct":83.71},"branches":{"total":60,"covered":37,"skipped":0,"pct":61.66}}
}
