{"total": {"lines":{"total":38872,"covered":5273,"skipped":0,"pct":13.56},"statements":{"total":38872,"covered":5273,"skipped":0,"pct":13.56},"functions":{"total":414,"covered":123,"skipped":0,"pct":29.71},"branches":{"total":918,"covered":467,"skipped":0,"pct":50.87},"branchesTrue":{"total":0,"covered":0,"skipped":0,"pct":100}}
,"/workspace/antigaspi2/frontend/debug-500-error-v2.js": {"lines":{"total":285,"covered":0,"skipped":0,"pct":0},"functions":{"total":1,"covered":0,"skipped":0,"pct":0},"statements":{"total":285,"covered":0,"skipped":0,"pct":0},"branches":{"total":1,"covered":0,"skipped":0,"pct":0}}
,"/workspace/antigaspi2/frontend/debug-500-error-v3.js": {"lines":{"total":336,"covered":0,"skipped":0,"pct":0},"functions":{"total":1,"covered":0,"skipped":0,"pct":0},"statements":{"total":336,"covered":0,"skipped":0,"pct":0},"branches":{"total":1,"covered":0,"skipped":0,"pct":0}}
,"/workspace/antigaspi2/frontend/debug-500-error.js": {"lines":{"total":216,"covered":0,"skipped":0,"pct":0},"functions":{"total":1,"covered":0,"skipped":0,"pct":0},"statements":{"total":216,"covered":0,"skipped":0,"pct":0},"branches":{"total":1,"covered":0,"skipped":0,"pct":0}}
,"/workspace/antigaspi2/frontend/debug_token.js": {"lines":{"total":42,"covered":0,"skipped":0,"pct":0},"functions":{"total":1,"covered":0,"skipped":0,"pct":0},"statements":{"total":42,"covered":0,"skipped":0,"pct":0},"branches":{"total":1,"covered":0,"skipped":0,"pct":0}}
,"/workspace/antigaspi2/frontend/postcss.config.cjs": {"lines":{"total":6,"covered":0,"skipped":0,"pct":0},"functions":{"total":1,"covered":0,"skipped":0,"pct":0},"statements":{"total":6,"covered":0,"skipped":0,"pct":0},"branches":{"total":1,"covered":0,"skipped":0,"pct":0}}
,"/workspace/antigaspi2/frontend/tailwind.config.js": {"lines":{"total":168,"covered":0,"skipped":0,"pct":0},"functions":{"total":1,"covered":0,"skipped":0,"pct":0},"statements":{"total":168,"covered":0,"skipped":0,"pct":0},"branches":{"total":1,"covered":0,"skipped":0,"pct":0}}
,"/workspace/antigaspi2/frontend/public/sw.js": {"lines":{"total":445,"covered":0,"skipped":0,"pct":0},"functions":{"total":1,"covered":0,"skipped":0,"pct":0},"statements":{"total":445,"covered":0,"skipped":0,"pct":0},"branches":{"total":1,"covered":0,"skipped":0,"pct":0}}
,"/workspace/antigaspi2/frontend/scripts/audit-legacy-classes.js": {"lines":{"total":286,"covered":0,"skipped":0,"pct":0},"functions":{"total":1,"covered":0,"skipped":0,"pct":0},"statements":{"total":286,"covered":0,"skipped":0,"pct":0},"branches":{"total":1,"covered":0,"skipped":0,"pct":0}}
,"/workspace/antigaspi2/frontend/scripts/capture-baseline-screenshots.js": {"lines":{"total":296,"covered":0,"skipped":0,"pct":0},"functions":{"total":1,"covered":0,"skipped":0,"pct":0},"statements":{"total":296,"covered":0,"skipped":0,"pct":0},"branches":{"total":1,"covered":0,"skipped":0,"pct":0}}
,"/workspace/antigaspi2/frontend/scripts/migrate-ui-component.js": {"lines":{"total":355,"covered":0,"skipped":0,"pct":0},"functions":{"total":1,"covered":0,"skipped":0,"pct":0},"statements":{"total":355,"covered":0,"skipped":0,"pct":0},"branches":{"total":1,"covered":0,"skipped":0,"pct":0}}
,"/workspace/antigaspi2/frontend/scripts/run-a11y-audit.js": {"lines":{"total":112,"covered":0,"skipped":0,"pct":0},"functions":{"total":1,"covered":0,"skipped":0,"pct":0},"statements":{"total":112,"covered":0,"skipped":0,"pct":0},"branches":{"total":1,"covered":0,"skipped":0,"pct":0}}
,"/workspace/antigaspi2/frontend/scripts/validate-phase2.js": {"lines":{"total":253,"covered":0,"skipped":0,"pct":0},"functions":{"total":1,"covered":0,"skipped":0,"pct":0},"statements":{"total":253,"covered":0,"skipped":0,"pct":0},"branches":{"total":1,"covered":0,"skipped":0,"pct":0}}
,"/workspace/antigaspi2/frontend/scripts/validate-phase3.js": {"lines":{"total":620,"covered":0,"skipped":0,"pct":0},"functions":{"total":1,"covered":0,"skipped":0,"pct":0},"statements":{"total":620,"covered":0,"skipped":0,"pct":0},"branches":{"total":1,"covered":0,"skipped":0,"pct":0}}
,"/workspace/antigaspi2/frontend/src/App-basic.vue": {"lines":{"total":8,"covered":0,"skipped":0,"pct":0},"functions":{"total":1,"covered":0,"skipped":0,"pct":0},"statements":{"total":8,"covered":0,"skipped":0,"pct":0},"branches":{"total":1,"covered":0,"skipped":0,"pct":0}}
,"/workspace/antigaspi2/frontend/src/App-final.vue": {"lines":{"total":37,"covered":0,"skipped":0,"pct":0},"functions":{"total":1,"covered":0,"skipped":0,"pct":0},"statements":{"total":37,"covered":0,"skipped":0,"pct":0},"branches":{"total":1,"covered":0,"skipped":0,"pct":0}}
,"/workspace/antigaspi2/frontend/src/App-progressive.vue": {"lines":{"total":3,"covered":0,"skipped":0,"pct":0},"functions":{"total":1,"covered":0,"skipped":0,"pct":0},"statements":{"total":3,"covered":0,"skipped":0,"pct":0},"branches":{"total":1,"covered":0,"skipped":0,"pct":0}}
,"/workspace/antigaspi2/frontend/src/App-simple.vue": {"lines":{"total":6,"covered":0,"skipped":0,"pct":0},"functions":{"total":1,"covered":0,"skipped":0,"pct":0},"statements":{"total":6,"covered":0,"skipped":0,"pct":0},"branches":{"total":1,"covered":0,"skipped":0,"pct":0}}
,"/workspace/antigaspi2/frontend/src/App-with-router.vue": {"lines":{"total":13,"covered":0,"skipped":0,"pct":0},"functions":{"total":1,"covered":0,"skipped":0,"pct":0},"statements":{"total":13,"covered":0,"skipped":0,"pct":0},"branches":{"total":1,"covered":0,"skipped":0,"pct":0}}
,"/workspace/antigaspi2/frontend/src/App.vue": {"lines":{"total":238,"covered":0,"skipped":0,"pct":0},"functions":{"total":1,"covered":0,"skipped":0,"pct":0},"statements":{"total":238,"covered":0,"skipped":0,"pct":0},"branches":{"total":1,"covered":0,"skipped":0,"pct":0}}
,"/workspace/antigaspi2/frontend/src/main.ts": {"lines":{"total":63,"covered":0,"skipped":0,"pct":0},"functions":{"total":1,"covered":0,"skipped":0,"pct":0},"statements":{"total":63,"covered":0,"skipped":0,"pct":0},"branches":{"total":1,"covered":0,"skipped":0,"pct":0}}
,"/workspace/antigaspi2/frontend/src/components/admin/PendingReviewsList.vue": {"lines":{"total":130,"covered":0,"skipped":0,"pct":0},"functions":{"total":1,"covered":0,"skipped":0,"pct":0},"statements":{"total":130,"covered":0,"skipped":0,"pct":0},"branches":{"total":1,"covered":0,"skipped":0,"pct":0}}
,"/workspace/antigaspi2/frontend/src/components/admin/ReportedReviewsList.vue": {"lines":{"total":343,"covered":0,"skipped":0,"pct":0},"functions":{"total":1,"covered":0,"skipped":0,"pct":0},"statements":{"total":343,"covered":0,"skipped":0,"pct":0},"branches":{"total":1,"covered":0,"skipped":0,"pct":0}}
,"/workspace/antigaspi2/frontend/src/components/admin/ReviewModerationCard.vue": {"lines":{"total":215,"covered":0,"skipped":0,"pct":0},"functions":{"total":1,"covered":0,"skipped":0,"pct":0},"statements":{"total":215,"covered":0,"skipped":0,"pct":0},"branches":{"total":1,"covered":0,"skipped":0,"pct":0}}
,"/workspace/antigaspi2/frontend/src/components/debug/SequentialThinking.vue": {"lines":{"total":337,"covered":0,"skipped":0,"pct":0},"functions":{"total":1,"covered":0,"skipped":0,"pct":0},"statements":{"total":337,"covered":0,"skipped":0,"pct":0},"branches":{"total":1,"covered":0,"skipped":0,"pct":0}}
,"/workspace/antigaspi2/frontend/src/components/forms/LoginForm.vue": {"lines":{"total":172,"covered":0,"skipped":0,"pct":0},"functions":{"total":1,"covered":0,"skipped":0,"pct":0},"statements":{"total":172,"covered":0,"skipped":0,"pct":0},"branches":{"total":1,"covered":0,"skipped":0,"pct":0}}
,"/workspace/antigaspi2/frontend/src/components/forms/LoginForm2025.vue": {"lines":{"total":191,"covered":0,"skipped":0,"pct":0},"functions":{"total":1,"covered":0,"skipped":0,"pct":0},"statements":{"total":191,"covered":0,"skipped":0,"pct":0},"branches":{"total":1,"covered":0,"skipped":0,"pct":0}}
,"/workspace/antigaspi2/frontend/src/components/forms/RegisterForm.vue": {"lines":{"total":323,"covered":0,"skipped":0,"pct":0},"functions":{"total":1,"covered":0,"skipped":0,"pct":0},"statements":{"total":323,"covered":0,"skipped":0,"pct":0},"branches":{"total":1,"covered":0,"skipped":0,"pct":0}}
,"/workspace/antigaspi2/frontend/src/components/layout/MobileNav.vue": {"lines":{"total":277,"covered":0,"skipped":0,"pct":0},"functions":{"total":1,"covered":0,"skipped":0,"pct":0},"statements":{"total":277,"covered":0,"skipped":0,"pct":0},"branches":{"total":1,"covered":0,"skipped":0,"pct":0}}
,"/workspace/antigaspi2/frontend/src/components/layout/NavBar.vue": {"lines":{"total":413,"covered":0,"skipped":0,"pct":0},"functions":{"total":1,"covered":0,"skipped":0,"pct":0},"statements":{"total":413,"covered":0,"skipped":0,"pct":0},"branches":{"total":1,"covered":0,"skipped":0,"pct":0}}
,"/workspace/antigaspi2/frontend/src/components/maps/AddressSearch.vue": {"lines":{"total":274,"covered":0,"skipped":0,"pct":0},"functions":{"total":1,"covered":0,"skipped":0,"pct":0},"statements":{"total":274,"covered":0,"skipped":0,"pct":0},"branches":{"total":1,"covered":0,"skipped":0,"pct":0}}
,"/workspace/antigaspi2/frontend/src/components/maps/GoogleMap.vue": {"lines":{"total":176,"covered":0,"skipped":0,"pct":0},"functions":{"total":1,"covered":0,"skipped":0,"pct":0},"statements":{"total":176,"covered":0,"skipped":0,"pct":0},"branches":{"total":1,"covered":0,"skipped":0,"pct":0}}
,"/workspace/antigaspi2/frontend/src/components/maps/LocationPicker.vue": {"lines":{"total":325,"covered":0,"skipped":0,"pct":0},"functions":{"total":1,"covered":0,"skipped":0,"pct":0},"statements":{"total":325,"covered":0,"skipped":0,"pct":0},"branches":{"total":1,"covered":0,"skipped":0,"pct":0}}
,"/workspace/antigaspi2/frontend/src/components/maps/SimpleMap.vue": {"lines":{"total":51,"covered":0,"skipped":0,"pct":0},"functions":{"total":1,"covered":0,"skipped":0,"pct":0},"statements":{"total":51,"covered":0,"skipped":0,"pct":0},"branches":{"total":1,"covered":0,"skipped":0,"pct":0}}
,"/workspace/antigaspi2/frontend/src/components/merchant/CreateSurpriseBasket.vue": {"lines":{"total":373,"covered":0,"skipped":0,"pct":0},"functions":{"total":1,"covered":0,"skipped":0,"pct":0},"statements":{"total":373,"covered":0,"skipped":0,"pct":0},"branches":{"total":1,"covered":0,"skipped":0,"pct":0}}
,"/workspace/antigaspi2/frontend/src/components/merchant/EditSurpriseBasket.vue": {"lines":{"total":335,"covered":0,"skipped":0,"pct":0},"functions":{"total":1,"covered":0,"skipped":0,"pct":0},"statements":{"total":335,"covered":0,"skipped":0,"pct":0},"branches":{"total":1,"covered":0,"skipped":0,"pct":0}}
,"/workspace/antigaspi2/frontend/src/components/merchant/LocationManager.vue": {"lines":{"total":463,"covered":0,"skipped":0,"pct":0},"functions":{"total":1,"covered":0,"skipped":0,"pct":0},"statements":{"total":463,"covered":0,"skipped":0,"pct":0},"branches":{"total":1,"covered":0,"skipped":0,"pct":0}}
,"/workspace/antigaspi2/frontend/src/components/merchant/ProductSelectorModal.vue": {"lines":{"total":228,"covered":0,"skipped":0,"pct":0},"functions":{"total":1,"covered":0,"skipped":0,"pct":0},"statements":{"total":228,"covered":0,"skipped":0,"pct":0},"branches":{"total":1,"covered":0,"skipped":0,"pct":0}}
,"/workspace/antigaspi2/frontend/src/components/merchant/SurpriseBasketDetail.vue": {"lines":{"total":251,"covered":0,"skipped":0,"pct":0},"functions":{"total":1,"covered":0,"skipped":0,"pct":0},"statements":{"total":251,"covered":0,"skipped":0,"pct":0},"branches":{"total":1,"covered":0,"skipped":0,"pct":0}}
,"/workspace/antigaspi2/frontend/src/components/merchant/SurpriseBasketsList.vue": {"lines":{"total":254,"covered":0,"skipped":0,"pct":0},"functions":{"total":1,"covered":0,"skipped":0,"pct":0},"statements":{"total":254,"covered":0,"skipped":0,"pct":0},"branches":{"total":1,"covered":0,"skipped":0,"pct":0}}
,"/workspace/antigaspi2/frontend/src/components/product/ProductListItem.vue": {"lines":{"total":86,"covered":0,"skipped":0,"pct":0},"functions":{"total":1,"covered":0,"skipped":0,"pct":0},"statements":{"total":86,"covered":0,"skipped":0,"pct":0},"branches":{"total":1,"covered":0,"skipped":0,"pct":0}}
,"/workspace/antigaspi2/frontend/src/components/product/SurpriseBasketCard.vue": {"lines":{"total":105,"covered":102,"skipped":0,"pct":97.14},"functions":{"total":2,"covered":2,"skipped":0,"pct":100},"statements":{"total":105,"covered":102,"skipped":0,"pct":97.14},"branches":{"total":22,"covered":6,"skipped":0,"pct":27.27}}
,"/workspace/antigaspi2/frontend/src/components/product/SurpriseBasketFilters.vue": {"lines":{"total":82,"covered":82,"skipped":0,"pct":100},"functions":{"total":8,"covered":8,"skipped":0,"pct":100},"statements":{"total":82,"covered":82,"skipped":0,"pct":100},"branches":{"total":23,"covered":20,"skipped":0,"pct":86.95}}
,"/workspace/antigaspi2/frontend/src/components/reservation/ReservationCard.vue": {"lines":{"total":361,"covered":0,"skipped":0,"pct":0},"functions":{"total":1,"covered":0,"skipped":0,"pct":0},"statements":{"total":361,"covered":0,"skipped":0,"pct":0},"branches":{"total":1,"covered":0,"skipped":0,"pct":0}}
,"/workspace/antigaspi2/frontend/src/components/reviews/EditReviewForm.vue": {"lines":{"total":251,"covered":0,"skipped":0,"pct":0},"functions":{"total":1,"covered":0,"skipped":0,"pct":0},"statements":{"total":251,"covered":0,"skipped":0,"pct":0},"branches":{"total":1,"covered":0,"skipped":0,"pct":0}}
,"/workspace/antigaspi2/frontend/src/components/reviews/MerchantResponse.vue": {"lines":{"total":221,"covered":0,"skipped":0,"pct":0},"functions":{"total":1,"covered":0,"skipped":0,"pct":0},"statements":{"total":221,"covered":0,"skipped":0,"pct":0},"branches":{"total":1,"covered":0,"skipped":0,"pct":0}}
,"/workspace/antigaspi2/frontend/src/components/reviews/ReviewForm.vue": {"lines":{"total":186,"covered":0,"skipped":0,"pct":0},"functions":{"total":1,"covered":0,"skipped":0,"pct":0},"statements":{"total":186,"covered":0,"skipped":0,"pct":0},"branches":{"total":1,"covered":0,"skipped":0,"pct":0}}
,"/workspace/antigaspi2/frontend/src/components/reviews/ReviewsList.vue": {"lines":{"total":396,"covered":0,"skipped":0,"pct":0},"functions":{"total":1,"covered":0,"skipped":0,"pct":0},"statements":{"total":396,"covered":0,"skipped":0,"pct":0},"branches":{"total":1,"covered":0,"skipped":0,"pct":0}}
,"/workspace/antigaspi2/frontend/src/components/reviews/StarRating.vue": {"lines":{"total":38,"covered":0,"skipped":0,"pct":0},"functions":{"total":1,"covered":0,"skipped":0,"pct":0},"statements":{"total":38,"covered":0,"skipped":0,"pct":0},"branches":{"total":1,"covered":0,"skipped":0,"pct":0}}
,"/workspace/antigaspi2/frontend/src/components/ui/AccessibleModal.vue": {"lines":{"total":292,"covered":0,"skipped":0,"pct":0},"functions":{"total":1,"covered":0,"skipped":0,"pct":0},"statements":{"total":292,"covered":0,"skipped":0,"pct":0},"branches":{"total":1,"covered":0,"skipped":0,"pct":0}}
,"/workspace/antigaspi2/frontend/src/components/ui/AdminModal.vue": {"lines":{"total":131,"covered":0,"skipped":0,"pct":0},"functions":{"total":1,"covered":0,"skipped":0,"pct":0},"statements":{"total":131,"covered":0,"skipped":0,"pct":0},"branches":{"total":1,"covered":0,"skipped":0,"pct":0}}
,"/workspace/antigaspi2/frontend/src/components/ui/Button.vue": {"lines":{"total":108,"covered":94,"skipped":0,"pct":87.03},"functions":{"total":4,"covered":2,"skipped":0,"pct":50},"statements":{"total":108,"covered":94,"skipped":0,"pct":87.03},"branches":{"total":17,"covered":12,"skipped":0,"pct":70.58}}
,"/workspace/antigaspi2/frontend/src/components/ui/Card.vue": {"lines":{"total":50,"covered":47,"skipped":0,"pct":94},"functions":{"total":0,"covered":0,"skipped":0,"pct":100},"statements":{"total":50,"covered":47,"skipped":0,"pct":94},"branches":{"total":5,"covered":3,"skipped":0,"pct":60}}
,"/workspace/antigaspi2/frontend/src/components/ui/ConfirmModal.vue": {"lines":{"total":91,"covered":91,"skipped":0,"pct":100},"functions":{"total":0,"covered":0,"skipped":0,"pct":100},"statements":{"total":91,"covered":91,"skipped":0,"pct":100},"branches":{"total":0,"covered":0,"skipped":0,"pct":100}}
,"/workspace/antigaspi2/frontend/src/components/ui/DarkModeToggle.vue": {"lines":{"total":81,"covered":0,"skipped":0,"pct":0},"functions":{"total":1,"covered":0,"skipped":0,"pct":0},"statements":{"total":81,"covered":0,"skipped":0,"pct":0},"branches":{"total":1,"covered":0,"skipped":0,"pct":0}}
,"/workspace/antigaspi2/frontend/src/components/ui/DashboardLayout.vue": {"lines":{"total":168,"covered":0,"skipped":0,"pct":0},"functions":{"total":1,"covered":0,"skipped":0,"pct":0},"statements":{"total":168,"covered":0,"skipped":0,"pct":0},"branches":{"total":1,"covered":0,"skipped":0,"pct":0}}
,"/workspace/antigaspi2/frontend/src/components/ui/EmptyState.vue": {"lines":{"total":33,"covered":33,"skipped":0,"pct":100},"functions":{"total":0,"covered":0,"skipped":0,"pct":100},"statements":{"total":33,"covered":33,"skipped":0,"pct":100},"branches":{"total":0,"covered":0,"skipped":0,"pct":100}}
,"/workspace/antigaspi2/frontend/src/components/ui/ErrorBoundary.vue": {"lines":{"total":149,"covered":0,"skipped":0,"pct":0},"functions":{"total":1,"covered":0,"skipped":0,"pct":0},"statements":{"total":149,"covered":0,"skipped":0,"pct":0},"branches":{"total":1,"covered":0,"skipped":0,"pct":0}}
,"/workspace/antigaspi2/frontend/src/components/ui/ErrorDashboard.vue": {"lines":{"total":193,"covered":0,"skipped":0,"pct":0},"functions":{"total":1,"covered":0,"skipped":0,"pct":0},"statements":{"total":193,"covered":0,"skipped":0,"pct":0},"branches":{"total":1,"covered":0,"skipped":0,"pct":0}}
,"/workspace/antigaspi2/frontend/src/components/ui/Footer.vue": {"lines":{"total":71,"covered":0,"skipped":0,"pct":0},"functions":{"total":1,"covered":0,"skipped":0,"pct":0},"statements":{"total":71,"covered":0,"skipped":0,"pct":0},"branches":{"total":1,"covered":0,"skipped":0,"pct":0}}
,"/workspace/antigaspi2/frontend/src/components/ui/Input.vue": {"lines":{"total":142,"covered":132,"skipped":0,"pct":92.95},"functions":{"total":4,"covered":2,"skipped":0,"pct":50},"statements":{"total":142,"covered":132,"skipped":0,"pct":92.95},"branches":{"total":35,"covered":26,"skipped":0,"pct":74.28}}
,"/workspace/antigaspi2/frontend/src/components/ui/LazyImage.vue": {"lines":{"total":83,"covered":0,"skipped":0,"pct":0},"functions":{"total":1,"covered":0,"skipped":0,"pct":0},"statements":{"total":83,"covered":0,"skipped":0,"pct":0},"branches":{"total":1,"covered":0,"skipped":0,"pct":0}}
,"/workspace/antigaspi2/frontend/src/components/ui/Modal.vue": {"lines":{"total":119,"covered":116,"skipped":0,"pct":97.47},"functions":{"total":4,"covered":4,"skipped":0,"pct":100},"statements":{"total":119,"covered":116,"skipped":0,"pct":97.47},"branches":{"total":19,"covered":18,"skipped":0,"pct":94.73}}
,"/workspace/antigaspi2/frontend/src/components/ui/Navigation.vue": {"lines":{"total":169,"covered":0,"skipped":0,"pct":0},"functions":{"total":1,"covered":0,"skipped":0,"pct":0},"statements":{"total":169,"covered":0,"skipped":0,"pct":0},"branches":{"total":1,"covered":0,"skipped":0,"pct":0}}
,"/workspace/antigaspi2/frontend/src/components/ui/NetworkStatus.vue": {"lines":{"total":94,"covered":0,"skipped":0,"pct":0},"functions":{"total":1,"covered":0,"skipped":0,"pct":0},"statements":{"total":94,"covered":0,"skipped":0,"pct":0},"branches":{"total":1,"covered":0,"skipped":0,"pct":0}}
,"/workspace/antigaspi2/frontend/src/components/ui/NotificationContainer.vue": {"lines":{"total":15,"covered":15,"skipped":0,"pct":100},"functions":{"total":2,"covered":2,"skipped":0,"pct":100},"statements":{"total":15,"covered":15,"skipped":0,"pct":100},"branches":{"total":2,"covered":2,"skipped":0,"pct":100}}
,"/workspace/antigaspi2/frontend/src/components/ui/NotificationSystem.vue": {"lines":{"total":26,"covered":26,"skipped":0,"pct":100},"functions":{"total":4,"covered":4,"skipped":0,"pct":100},"statements":{"total":26,"covered":26,"skipped":0,"pct":100},"branches":{"total":7,"covered":7,"skipped":0,"pct":100}}
,"/workspace/antigaspi2/frontend/src/components/ui/NotificationToast.vue": {"lines":{"total":62,"covered":0,"skipped":0,"pct":0},"functions":{"total":1,"covered":0,"skipped":0,"pct":0},"statements":{"total":62,"covered":0,"skipped":0,"pct":0},"branches":{"total":1,"covered":0,"skipped":0,"pct":0}}
,"/workspace/antigaspi2/frontend/src/components/ui/PWAInstall.vue": {"lines":{"total":93,"covered":0,"skipped":0,"pct":0},"functions":{"total":1,"covered":0,"skipped":0,"pct":0},"statements":{"total":93,"covered":0,"skipped":0,"pct":0},"branches":{"total":1,"covered":0,"skipped":0,"pct":0}}
,"/workspace/antigaspi2/frontend/src/components/ui/PWAPrompt.vue": {"lines":{"total":224,"covered":0,"skipped":0,"pct":0},"functions":{"total":1,"covered":0,"skipped":0,"pct":0},"statements":{"total":224,"covered":0,"skipped":0,"pct":0},"branches":{"total":1,"covered":0,"skipped":0,"pct":0}}
,"/workspace/antigaspi2/frontend/src/components/ui/PageTransition.vue": {"lines":{"total":64,"covered":0,"skipped":0,"pct":0},"functions":{"total":1,"covered":0,"skipped":0,"pct":0},"statements":{"total":64,"covered":0,"skipped":0,"pct":0},"branches":{"total":1,"covered":0,"skipped":0,"pct":0}}
,"/workspace/antigaspi2/frontend/src/components/ui/ProductCard.vue": {"lines":{"total":83,"covered":83,"skipped":0,"pct":100},"functions":{"total":1,"covered":1,"skipped":0,"pct":100},"statements":{"total":83,"covered":83,"skipped":0,"pct":100},"branches":{"total":12,"covered":7,"skipped":0,"pct":58.33}}
,"/workspace/antigaspi2/frontend/src/components/ui/ScreenReaderAnnouncer.vue": {"lines":{"total":43,"covered":0,"skipped":0,"pct":0},"functions":{"total":1,"covered":0,"skipped":0,"pct":0},"statements":{"total":43,"covered":0,"skipped":0,"pct":0},"branches":{"total":1,"covered":0,"skipped":0,"pct":0}}
,"/workspace/antigaspi2/frontend/src/components/ui/Skeleton.vue": {"lines":{"total":22,"covered":22,"skipped":0,"pct":100},"functions":{"total":0,"covered":0,"skipped":0,"pct":100},"statements":{"total":22,"covered":22,"skipped":0,"pct":100},"branches":{"total":3,"covered":2,"skipped":0,"pct":66.66}}
,"/workspace/antigaspi2/frontend/src/components/ui/Stats.vue": {"lines":{"total":57,"covered":0,"skipped":0,"pct":0},"functions":{"total":1,"covered":0,"skipped":0,"pct":0},"statements":{"total":57,"covered":0,"skipped":0,"pct":0},"branches":{"total":1,"covered":0,"skipped":0,"pct":0}}
,"/workspace/antigaspi2/frontend/src/components/ui/Textarea.vue": {"lines":{"total":112,"covered":101,"skipped":0,"pct":90.17},"functions":{"total":3,"covered":0,"skipped":0,"pct":0},"statements":{"total":112,"covered":101,"skipped":0,"pct":90.17},"branches":{"total":21,"covered":14,"skipped":0,"pct":66.66}}
,"/workspace/antigaspi2/frontend/src/components/ui/ThemeToggle.vue": {"lines":{"total":44,"covered":0,"skipped":0,"pct":0},"functions":{"total":1,"covered":0,"skipped":0,"pct":0},"statements":{"total":44,"covered":0,"skipped":0,"pct":0},"branches":{"total":1,"covered":0,"skipped":0,"pct":0}}
,"/workspace/antigaspi2/frontend/src/components/ui/Toast.vue": {"lines":{"total":102,"covered":85,"skipped":0,"pct":83.33},"functions":{"total":2,"covered":2,"skipped":0,"pct":100},"statements":{"total":102,"covered":85,"skipped":0,"pct":83.33},"branches":{"total":9,"covered":5,"skipped":0,"pct":55.55}}
,"/workspace/antigaspi2/frontend/src/components/ui/2025/Badge.vue": {"lines":{"total":101,"covered":84,"skipped":0,"pct":83.16},"functions":{"total":1,"covered":0,"skipped":0,"pct":0},"statements":{"total":101,"covered":84,"skipped":0,"pct":83.16},"branches":{"total":8,"covered":4,"skipped":0,"pct":50}}
,"/workspace/antigaspi2/frontend/src/components/ui/2025/Button.vue": {"lines":{"total":123,"covered":119,"skipped":0,"pct":96.74},"functions":{"total":1,"covered":0,"skipped":0,"pct":0},"statements":{"total":123,"covered":119,"skipped":0,"pct":96.74},"branches":{"total":22,"covered":17,"skipped":0,"pct":77.27}}
,"/workspace/antigaspi2/frontend/src/components/ui/2025/Card.vue": {"lines":{"total":101,"covered":96,"skipped":0,"pct":95.04},"functions":{"total":1,"covered":0,"skipped":0,"pct":0},"statements":{"total":101,"covered":96,"skipped":0,"pct":95.04},"branches":{"total":12,"covered":11,"skipped":0,"pct":91.66}}
,"/workspace/antigaspi2/frontend/src/components/ui/2025/Input.vue": {"lines":{"total":207,"covered":170,"skipped":0,"pct":82.12},"functions":{"total":11,"covered":4,"skipped":0,"pct":36.36},"statements":{"total":207,"covered":170,"skipped":0,"pct":82.12},"branches":{"total":35,"covered":20,"skipped":0,"pct":57.14}}
,"/workspace/antigaspi2/frontend/src/components/wallet/WalletCard.vue": {"lines":{"total":73,"covered":0,"skipped":0,"pct":0},"functions":{"total":1,"covered":0,"skipped":0,"pct":0},"statements":{"total":73,"covered":0,"skipped":0,"pct":0},"branches":{"total":1,"covered":0,"skipped":0,"pct":0}}
,"/workspace/antigaspi2/frontend/src/components/wallet/WalletPayment.vue": {"lines":{"total":162,"covered":0,"skipped":0,"pct":0},"functions":{"total":1,"covered":0,"skipped":0,"pct":0},"statements":{"total":162,"covered":0,"skipped":0,"pct":0},"branches":{"total":1,"covered":0,"skipped":0,"pct":0}}
,"/workspace/antigaspi2/frontend/src/components/wallet/WalletPinSetup.vue": {"lines":{"total":210,"covered":0,"skipped":0,"pct":0},"functions":{"total":1,"covered":0,"skipped":0,"pct":0},"statements":{"total":210,"covered":0,"skipped":0,"pct":0},"branches":{"total":1,"covered":0,"skipped":0,"pct":0}}
,"/workspace/antigaspi2/frontend/src/components/wallet/WalletRecharge.vue": {"lines":{"total":188,"covered":0,"skipped":0,"pct":0},"functions":{"total":1,"covered":0,"skipped":0,"pct":0},"statements":{"total":188,"covered":0,"skipped":0,"pct":0},"branches":{"total":1,"covered":0,"skipped":0,"pct":0}}
,"/workspace/antigaspi2/frontend/src/components/wallet/WalletTransactions.vue": {"lines":{"total":204,"covered":0,"skipped":0,"pct":0},"functions":{"total":1,"covered":0,"skipped":0,"pct":0},"statements":{"total":204,"covered":0,"skipped":0,"pct":0},"branches":{"total":1,"covered":0,"skipped":0,"pct":0}}
,"/workspace/antigaspi2/frontend/src/composables/useAccessibility.ts": {"lines":{"total":204,"covered":0,"skipped":0,"pct":0},"functions":{"total":1,"covered":0,"skipped":0,"pct":0},"statements":{"total":204,"covered":0,"skipped":0,"pct":0},"branches":{"total":1,"covered":0,"skipped":0,"pct":0}}
,"/workspace/antigaspi2/frontend/src/composables/useAnimations.ts": {"lines":{"total":239,"covered":0,"skipped":0,"pct":0},"functions":{"total":1,"covered":0,"skipped":0,"pct":0},"statements":{"total":239,"covered":0,"skipped":0,"pct":0},"branches":{"total":1,"covered":0,"skipped":0,"pct":0}}
,"/workspace/antigaspi2/frontend/src/composables/useCategories.ts": {"lines":{"total":26,"covered":0,"skipped":0,"pct":0},"functions":{"total":1,"covered":0,"skipped":0,"pct":0},"statements":{"total":26,"covered":0,"skipped":0,"pct":0},"branches":{"total":1,"covered":0,"skipped":0,"pct":0}}
,"/workspace/antigaspi2/frontend/src/composables/useDashboardLayout.ts": {"lines":{"total":151,"covered":0,"skipped":0,"pct":0},"functions":{"total":1,"covered":0,"skipped":0,"pct":0},"statements":{"total":151,"covered":0,"skipped":0,"pct":0},"branches":{"total":1,"covered":0,"skipped":0,"pct":0}}
,"/workspace/antigaspi2/frontend/src/composables/useDesignSystem2025.ts": {"lines":{"total":52,"covered":0,"skipped":0,"pct":0},"functions":{"total":1,"covered":0,"skipped":0,"pct":0},"statements":{"total":52,"covered":0,"skipped":0,"pct":0},"branches":{"total":1,"covered":0,"skipped":0,"pct":0}}
,"/workspace/antigaspi2/frontend/src/composables/useErrorReporting.ts": {"lines":{"total":247,"covered":0,"skipped":0,"pct":0},"functions":{"total":1,"covered":0,"skipped":0,"pct":0},"statements":{"total":247,"covered":0,"skipped":0,"pct":0},"branches":{"total":1,"covered":0,"skipped":0,"pct":0}}
,"/workspace/antigaspi2/frontend/src/composables/useGeolocation.ts": {"lines":{"total":195,"covered":0,"skipped":0,"pct":0},"functions":{"total":1,"covered":0,"skipped":0,"pct":0},"statements":{"total":195,"covered":0,"skipped":0,"pct":0},"branches":{"total":1,"covered":0,"skipped":0,"pct":0}}
,"/workspace/antigaspi2/frontend/src/composables/useLazyLoading.ts": {"lines":{"total":208,"covered":0,"skipped":0,"pct":0},"functions":{"total":1,"covered":0,"skipped":0,"pct":0},"statements":{"total":208,"covered":0,"skipped":0,"pct":0},"branches":{"total":1,"covered":0,"skipped":0,"pct":0}}
,"/workspace/antigaspi2/frontend/src/composables/useLoyaltyPoints.ts": {"lines":{"total":168,"covered":0,"skipped":0,"pct":0},"functions":{"total":1,"covered":0,"skipped":0,"pct":0},"statements":{"total":168,"covered":0,"skipped":0,"pct":0},"branches":{"total":1,"covered":0,"skipped":0,"pct":0}}
,"/workspace/antigaspi2/frontend/src/composables/useMeta.ts": {"lines":{"total":182,"covered":0,"skipped":0,"pct":0},"functions":{"total":1,"covered":0,"skipped":0,"pct":0},"statements":{"total":182,"covered":0,"skipped":0,"pct":0},"branches":{"total":1,"covered":0,"skipped":0,"pct":0}}
,"/workspace/antigaspi2/frontend/src/composables/useNetworkError.ts": {"lines":{"total":157,"covered":0,"skipped":0,"pct":0},"functions":{"total":1,"covered":0,"skipped":0,"pct":0},"statements":{"total":157,"covered":0,"skipped":0,"pct":0},"branches":{"total":1,"covered":0,"skipped":0,"pct":0}}
,"/workspace/antigaspi2/frontend/src/composables/useNotifications.ts": {"lines":{"total":102,"covered":100,"skipped":0,"pct":98.03},"functions":{"total":10,"covered":10,"skipped":0,"pct":100},"statements":{"total":102,"covered":100,"skipped":0,"pct":98.03},"branches":{"total":27,"covered":24,"skipped":0,"pct":88.88}}
,"/workspace/antigaspi2/frontend/src/composables/usePWA.ts": {"lines":{"total":217,"covered":0,"skipped":0,"pct":0},"functions":{"total":1,"covered":0,"skipped":0,"pct":0},"statements":{"total":217,"covered":0,"skipped":0,"pct":0},"branches":{"total":1,"covered":0,"skipped":0,"pct":0}}
,"/workspace/antigaspi2/frontend/src/composables/useProducts.ts": {"lines":{"total":23,"covered":0,"skipped":0,"pct":0},"functions":{"total":1,"covered":0,"skipped":0,"pct":0},"statements":{"total":23,"covered":0,"skipped":0,"pct":0},"branches":{"total":1,"covered":0,"skipped":0,"pct":0}}
,"/workspace/antigaspi2/frontend/src/composables/useSequentialThinking.ts": {"lines":{"total":308,"covered":0,"skipped":0,"pct":0},"functions":{"total":1,"covered":0,"skipped":0,"pct":0},"statements":{"total":308,"covered":0,"skipped":0,"pct":0},"branches":{"total":1,"covered":0,"skipped":0,"pct":0}}
,"/workspace/antigaspi2/frontend/src/composables/useSurpriseBaskets.ts": {"lines":{"total":259,"covered":0,"skipped":0,"pct":0},"functions":{"total":1,"covered":0,"skipped":0,"pct":0},"statements":{"total":259,"covered":0,"skipped":0,"pct":0},"branches":{"total":1,"covered":0,"skipped":0,"pct":0}}
,"/workspace/antigaspi2/frontend/src/router/index.ts": {"lines":{"total":355,"covered":0,"skipped":0,"pct":0},"functions":{"total":1,"covered":0,"skipped":0,"pct":0},"statements":{"total":355,"covered":0,"skipped":0,"pct":0},"branches":{"total":1,"covered":0,"skipped":0,"pct":0}}
,"/workspace/antigaspi2/frontend/src/services/api.ts": {"lines":{"total":240,"covered":90,"skipped":0,"pct":37.5},"functions":{"total":31,"covered":6,"skipped":0,"pct":19.35},"statements":{"total":240,"covered":90,"skipped":0,"pct":37.5},"branches":{"total":15,"covered":11,"skipped":0,"pct":73.33}}
,"/workspace/antigaspi2/frontend/src/services/apiClient.ts": {"lines":{"total":153,"covered":0,"skipped":0,"pct":0},"functions":{"total":1,"covered":0,"skipped":0,"pct":0},"statements":{"total":153,"covered":0,"skipped":0,"pct":0},"branches":{"total":1,"covered":0,"skipped":0,"pct":0}}
,"/workspace/antigaspi2/frontend/src/services/merchantService.ts": {"lines":{"total":311,"covered":0,"skipped":0,"pct":0},"functions":{"total":1,"covered":0,"skipped":0,"pct":0},"statements":{"total":311,"covered":0,"skipped":0,"pct":0},"branches":{"total":1,"covered":0,"skipped":0,"pct":0}}
,"/workspace/antigaspi2/frontend/src/services/notificationService.ts": {"lines":{"total":73,"covered":0,"skipped":0,"pct":0},"functions":{"total":1,"covered":0,"skipped":0,"pct":0},"statements":{"total":73,"covered":0,"skipped":0,"pct":0},"branches":{"total":1,"covered":0,"skipped":0,"pct":0}}
,"/workspace/antigaspi2/frontend/src/services/surpriseBasketService.ts": {"lines":{"total":48,"covered":0,"skipped":0,"pct":0},"functions":{"total":1,"covered":0,"skipped":0,"pct":0},"statements":{"total":48,"covered":0,"skipped":0,"pct":0},"branches":{"total":1,"covered":0,"skipped":0,"pct":0}}
,"/workspace/antigaspi2/frontend/src/services/walletService.ts": {"lines":{"total":191,"covered":0,"skipped":0,"pct":0},"functions":{"total":1,"covered":0,"skipped":0,"pct":0},"statements":{"total":191,"covered":0,"skipped":0,"pct":0},"branches":{"total":1,"covered":0,"skipped":0,"pct":0}}
,"/workspace/antigaspi2/frontend/src/stores/auth.ts": {"lines":{"total":120,"covered":36,"skipped":0,"pct":30},"functions":{"total":8,"covered":1,"skipped":0,"pct":12.5},"statements":{"total":120,"covered":36,"skipped":0,"pct":30},"branches":{"total":4,"covered":2,"skipped":0,"pct":50}}
,"/workspace/antigaspi2/frontend/src/stores/cart.ts": {"lines":{"total":253,"covered":123,"skipped":0,"pct":48.61},"functions":{"total":18,"covered":11,"skipped":0,"pct":61.11},"statements":{"total":253,"covered":123,"skipped":0,"pct":48.61},"branches":{"total":37,"covered":20,"skipped":0,"pct":54.05}}
,"/workspace/antigaspi2/frontend/src/stores/favorites.ts": {"lines":{"total":191,"covered":144,"skipped":0,"pct":75.39},"functions":{"total":17,"covered":14,"skipped":0,"pct":82.35},"statements":{"total":191,"covered":144,"skipped":0,"pct":75.39},"branches":{"total":41,"covered":30,"skipped":0,"pct":73.17}}
,"/workspace/antigaspi2/frontend/src/stores/index.ts": {"lines":{"total":2,"covered":0,"skipped":0,"pct":0},"functions":{"total":1,"covered":0,"skipped":0,"pct":0},"statements":{"total":2,"covered":0,"skipped":0,"pct":0},"branches":{"total":1,"covered":0,"skipped":0,"pct":0}}
,"/workspace/antigaspi2/frontend/src/stores/merchants.ts": {"lines":{"total":228,"covered":110,"skipped":0,"pct":48.24},"functions":{"total":13,"covered":8,"skipped":0,"pct":61.53},"statements":{"total":228,"covered":110,"skipped":0,"pct":48.24},"branches":{"total":27,"covered":13,"skipped":0,"pct":48.14}}
,"/workspace/antigaspi2/frontend/src/stores/notification.ts": {"lines":{"total":96,"covered":84,"skipped":0,"pct":87.5},"functions":{"total":6,"covered":5,"skipped":0,"pct":83.33},"statements":{"total":96,"covered":84,"skipped":0,"pct":87.5},"branches":{"total":13,"covered":9,"skipped":0,"pct":69.23}}
,"/workspace/antigaspi2/frontend/src/stores/onboarding.ts": {"lines":{"total":78,"covered":0,"skipped":0,"pct":0},"functions":{"total":1,"covered":0,"skipped":0,"pct":0},"statements":{"total":78,"covered":0,"skipped":0,"pct":0},"branches":{"total":1,"covered":0,"skipped":0,"pct":0}}
,"/workspace/antigaspi2/frontend/src/stores/payments.ts": {"lines":{"total":123,"covered":0,"skipped":0,"pct":0},"functions":{"total":1,"covered":0,"skipped":0,"pct":0},"statements":{"total":123,"covered":0,"skipped":0,"pct":0},"branches":{"total":1,"covered":0,"skipped":0,"pct":0}}
,"/workspace/antigaspi2/frontend/src/stores/products.ts": {"lines":{"total":192,"covered":0,"skipped":0,"pct":0},"functions":{"total":1,"covered":0,"skipped":0,"pct":0},"statements":{"total":192,"covered":0,"skipped":0,"pct":0},"branches":{"total":1,"covered":0,"skipped":0,"pct":0}}
,"/workspace/antigaspi2/frontend/src/stores/reservations.ts": {"lines":{"total":183,"covered":105,"skipped":0,"pct":57.37},"functions":{"total":11,"covered":6,"skipped":0,"pct":54.54},"statements":{"total":183,"covered":105,"skipped":0,"pct":57.37},"branches":{"total":17,"covered":9,"skipped":0,"pct":52.94}}
,"/workspace/antigaspi2/frontend/src/stores/theme.ts": {"lines":{"total":75,"covered":0,"skipped":0,"pct":0},"functions":{"total":1,"covered":0,"skipped":0,"pct":0},"statements":{"total":75,"covered":0,"skipped":0,"pct":0},"branches":{"total":1,"covered":0,"skipped":0,"pct":0}}
,"/workspace/antigaspi2/frontend/src/stores/wallet.ts": {"lines":{"total":292,"covered":0,"skipped":0,"pct":0},"functions":{"total":1,"covered":0,"skipped":0,"pct":0},"statements":{"total":292,"covered":0,"skipped":0,"pct":0},"branches":{"total":1,"covered":0,"skipped":0,"pct":0}}
,"/workspace/antigaspi2/frontend/src/stories/Button.stories.ts": {"lines":{"total":126,"covered":0,"skipped":0,"pct":0},"functions":{"total":1,"covered":0,"skipped":0,"pct":0},"statements":{"total":126,"covered":0,"skipped":0,"pct":0},"branches":{"total":1,"covered":0,"skipped":0,"pct":0}}
,"/workspace/antigaspi2/frontend/src/stories/Card.stories.ts": {"lines":{"total":124,"covered":0,"skipped":0,"pct":0},"functions":{"total":1,"covered":0,"skipped":0,"pct":0},"statements":{"total":124,"covered":0,"skipped":0,"pct":0},"branches":{"total":1,"covered":0,"skipped":0,"pct":0}}
,"/workspace/antigaspi2/frontend/src/stories/DarkModeToggle.stories.ts": {"lines":{"total":67,"covered":0,"skipped":0,"pct":0},"functions":{"total":1,"covered":0,"skipped":0,"pct":0},"statements":{"total":67,"covered":0,"skipped":0,"pct":0},"branches":{"total":1,"covered":0,"skipped":0,"pct":0}}
,"/workspace/antigaspi2/frontend/src/stories/Input.stories.ts": {"lines":{"total":146,"covered":0,"skipped":0,"pct":0},"functions":{"total":1,"covered":0,"skipped":0,"pct":0},"statements":{"total":146,"covered":0,"skipped":0,"pct":0},"branches":{"total":1,"covered":0,"skipped":0,"pct":0}}
,"/workspace/antigaspi2/frontend/src/stories/Skeleton.stories.ts": {"lines":{"total":85,"covered":0,"skipped":0,"pct":0},"functions":{"total":1,"covered":0,"skipped":0,"pct":0},"statements":{"total":85,"covered":0,"skipped":0,"pct":0},"branches":{"total":1,"covered":0,"skipped":0,"pct":0}}
,"/workspace/antigaspi2/frontend/src/stories/Textarea.stories.ts": {"lines":{"total":113,"covered":0,"skipped":0,"pct":0},"functions":{"total":1,"covered":0,"skipped":0,"pct":0},"statements":{"total":113,"covered":0,"skipped":0,"pct":0},"branches":{"total":1,"covered":0,"skipped":0,"pct":0}}
,"/workspace/antigaspi2/frontend/src/types/index.ts": {"lines":{"total":0,"covered":0,"skipped":0,"pct":100},"functions":{"total":1,"covered":1,"skipped":0,"pct":100},"statements":{"total":0,"covered":0,"skipped":0,"pct":100},"branches":{"total":1,"covered":1,"skipped":0,"pct":100}}
,"/workspace/antigaspi2/frontend/src/types/wallet.ts": {"lines":{"total":0,"covered":0,"skipped":0,"pct":100},"functions":{"total":1,"covered":1,"skipped":0,"pct":100},"statements":{"total":0,"covered":0,"skipped":0,"pct":100},"branches":{"total":1,"covered":1,"skipped":0,"pct":100}}
,"/workspace/antigaspi2/frontend/src/utils/currency.ts": {"lines":{"total":56,"covered":48,"skipped":0,"pct":85.71},"functions":{"total":5,"covered":2,"skipped":0,"pct":40},"statements":{"total":56,"covered":48,"skipped":0,"pct":85.71},"branches":{"total":2,"covered":2,"skipped":0,"pct":100}}
,"/workspace/antigaspi2/frontend/src/views/CartPage.vue": {"lines":{"total":163,"covered":0,"skipped":0,"pct":0},"functions":{"total":1,"covered":0,"skipped":0,"pct":0},"statements":{"total":163,"covered":0,"skipped":0,"pct":0},"branches":{"total":1,"covered":0,"skipped":0,"pct":0}}
,"/workspace/antigaspi2/frontend/src/views/CheckoutView.vue": {"lines":{"total":230,"covered":0,"skipped":0,"pct":0},"functions":{"total":1,"covered":0,"skipped":0,"pct":0},"statements":{"total":230,"covered":0,"skipped":0,"pct":0},"branches":{"total":1,"covered":0,"skipped":0,"pct":0}}
,"/workspace/antigaspi2/frontend/src/views/DashboardView.vue": {"lines":{"total":440,"covered":398,"skipped":0,"pct":90.45},"functions":{"total":11,"covered":1,"skipped":0,"pct":9.09},"statements":{"total":440,"covered":398,"skipped":0,"pct":90.45},"branches":{"total":17,"covered":12,"skipped":0,"pct":70.58}}
,"/workspace/antigaspi2/frontend/src/views/DashboardView2025.vue": {"lines":{"total":419,"covered":0,"skipped":0,"pct":0},"functions":{"total":1,"covered":0,"skipped":0,"pct":0},"statements":{"total":419,"covered":0,"skipped":0,"pct":0},"branches":{"total":1,"covered":0,"skipped":0,"pct":0}}
,"/workspace/antigaspi2/frontend/src/views/DiscoverView.vue": {"lines":{"total":355,"covered":0,"skipped":0,"pct":0},"functions":{"total":1,"covered":0,"skipped":0,"pct":0},"statements":{"total":355,"covered":0,"skipped":0,"pct":0},"branches":{"total":1,"covered":0,"skipped":0,"pct":0}}
,"/workspace/antigaspi2/frontend/src/views/FavoritesView.vue": {"lines":{"total":172,"covered":0,"skipped":0,"pct":0},"functions":{"total":1,"covered":0,"skipped":0,"pct":0},"statements":{"total":172,"covered":0,"skipped":0,"pct":0},"branches":{"total":1,"covered":0,"skipped":0,"pct":0}}
,"/workspace/antigaspi2/frontend/src/views/GaspizInspiredHome.vue": {"lines":{"total":39,"covered":0,"skipped":0,"pct":0},"functions":{"total":1,"covered":0,"skipped":0,"pct":0},"statements":{"total":39,"covered":0,"skipped":0,"pct":0},"branches":{"total":1,"covered":0,"skipped":0,"pct":0}}
,"/workspace/antigaspi2/frontend/src/views/HomeView.vue": {"lines":{"total":203,"covered":0,"skipped":0,"pct":0},"functions":{"total":1,"covered":0,"skipped":0,"pct":0},"statements":{"total":203,"covered":0,"skipped":0,"pct":0},"branches":{"total":1,"covered":0,"skipped":0,"pct":0}}
,"/workspace/antigaspi2/frontend/src/views/HomeView2025.vue": {"lines":{"total":196,"covered":0,"skipped":0,"pct":0},"functions":{"total":1,"covered":0,"skipped":0,"pct":0},"statements":{"total":196,"covered":0,"skipped":0,"pct":0},"branches":{"total":1,"covered":0,"skipped":0,"pct":0}}
,"/workspace/antigaspi2/frontend/src/views/MainHomeView.vue": {"lines":{"total":308,"covered":249,"skipped":0,"pct":80.84},"functions":{"total":17,"covered":0,"skipped":0,"pct":0},"statements":{"total":308,"covered":249,"skipped":0,"pct":80.84},"branches":{"total":24,"covered":18,"skipped":0,"pct":75}}
,"/workspace/antigaspi2/frontend/src/views/MerchantDetailView.vue": {"lines":{"total":252,"covered":0,"skipped":0,"pct":0},"functions":{"total":1,"covered":0,"skipped":0,"pct":0},"statements":{"total":252,"covered":0,"skipped":0,"pct":0},"branches":{"total":1,"covered":0,"skipped":0,"pct":0}}
,"/workspace/antigaspi2/frontend/src/views/MerchantsMapView.vue": {"lines":{"total":281,"covered":0,"skipped":0,"pct":0},"functions":{"total":1,"covered":0,"skipped":0,"pct":0},"statements":{"total":281,"covered":0,"skipped":0,"pct":0},"branches":{"total":1,"covered":0,"skipped":0,"pct":0}}
,"/workspace/antigaspi2/frontend/src/views/NotFoundView.vue": {"lines":{"total":134,"covered":128,"skipped":0,"pct":95.52},"functions":{"total":1,"covered":0,"skipped":0,"pct":0},"statements":{"total":134,"covered":128,"skipped":0,"pct":95.52},"branches":{"total":7,"covered":7,"skipped":0,"pct":100}}
,"/workspace/antigaspi2/frontend/src/views/NotFoundView2025.vue": {"lines":{"total":3,"covered":0,"skipped":0,"pct":0},"functions":{"total":1,"covered":0,"skipped":0,"pct":0},"statements":{"total":3,"covered":0,"skipped":0,"pct":0},"branches":{"total":1,"covered":0,"skipped":0,"pct":0}}
,"/workspace/antigaspi2/frontend/src/views/ProductDetailView2025.vue": {"lines":{"total":400,"covered":0,"skipped":0,"pct":0},"functions":{"total":1,"covered":0,"skipped":0,"pct":0},"statements":{"total":400,"covered":0,"skipped":0,"pct":0},"branches":{"total":1,"covered":0,"skipped":0,"pct":0}}
,"/workspace/antigaspi2/frontend/src/views/ProductReserveView2025.vue": {"lines":{"total":766,"covered":669,"skipped":0,"pct":87.33},"functions":{"total":19,"covered":6,"skipped":0,"pct":31.57},"statements":{"total":766,"covered":669,"skipped":0,"pct":87.33},"branches":{"total":82,"covered":40,"skipped":0,"pct":48.78}}
,"/workspace/antigaspi2/frontend/src/views/ProductsView2025.vue": {"lines":{"total":509,"covered":397,"skipped":0,"pct":77.99},"functions":{"total":19,"covered":11,"skipped":0,"pct":57.89},"statements":{"total":509,"covered":397,"skipped":0,"pct":77.99},"branches":{"total":57,"covered":23,"skipped":0,"pct":40.35}}
,"/workspace/antigaspi2/frontend/src/views/ProfileView.vue": {"lines":{"total":1224,"covered":0,"skipped":0,"pct":0},"functions":{"total":1,"covered":0,"skipped":0,"pct":0},"statements":{"total":1224,"covered":0,"skipped":0,"pct":0},"branches":{"total":1,"covered":0,"skipped":0,"pct":0}}
,"/workspace/antigaspi2/frontend/src/views/PublicReviewsView.vue": {"lines":{"total":255,"covered":0,"skipped":0,"pct":0},"functions":{"total":1,"covered":0,"skipped":0,"pct":0},"statements":{"total":255,"covered":0,"skipped":0,"pct":0},"branches":{"total":1,"covered":0,"skipped":0,"pct":0}}
,"/workspace/antigaspi2/frontend/src/views/ReservationDetailView2025.vue": {"lines":{"total":406,"covered":342,"skipped":0,"pct":84.23},"functions":{"total":8,"covered":4,"skipped":0,"pct":50},"statements":{"total":406,"covered":342,"skipped":0,"pct":84.23},"branches":{"total":42,"covered":12,"skipped":0,"pct":28.57}}
,"/workspace/antigaspi2/frontend/src/views/ReservationsView.vue": {"lines":{"total":397,"covered":296,"skipped":0,"pct":74.55},"functions":{"total":16,"covered":1,"skipped":0,"pct":6.25},"statements":{"total":397,"covered":296,"skipped":0,"pct":74.55},"branches":{"total":32,"covered":27,"skipped":0,"pct":84.37}}
,"/workspace/antigaspi2/frontend/src/views/ReviewsView.vue": {"lines":{"total":138,"covered":0,"skipped":0,"pct":0},"functions":{"total":1,"covered":0,"skipped":0,"pct":0},"statements":{"total":138,"covered":0,"skipped":0,"pct":0},"branches":{"total":1,"covered":0,"skipped":0,"pct":0}}
,"/workspace/antigaspi2/frontend/src/views/SimpleHomeView.vue": {"lines":{"total":35,"covered":0,"skipped":0,"pct":0},"functions":{"total":1,"covered":0,"skipped":0,"pct":0},"statements":{"total":35,"covered":0,"skipped":0,"pct":0},"branches":{"total":1,"covered":0,"skipped":0,"pct":0}}
,"/workspace/antigaspi2/frontend/src/views/TopBarTestView.vue": {"lines":{"total":115,"covered":0,"skipped":0,"pct":0},"functions":{"total":1,"covered":0,"skipped":0,"pct":0},"statements":{"total":115,"covered":0,"skipped":0,"pct":0},"branches":{"total":1,"covered":0,"skipped":0,"pct":0}}
,"/workspace/antigaspi2/frontend/src/views/WalletDashboard.vue": {"lines":{"total":351,"covered":0,"skipped":0,"pct":0},"functions":{"total":1,"covered":0,"skipped":0,"pct":0},"statements":{"total":351,"covered":0,"skipped":0,"pct":0},"branches":{"total":1,"covered":0,"skipped":0,"pct":0}}
,"/workspace/antigaspi2/frontend/src/views/admin/CategoriesView.vue": {"lines":{"total":588,"covered":0,"skipped":0,"pct":0},"functions":{"total":1,"covered":0,"skipped":0,"pct":0},"statements":{"total":588,"covered":0,"skipped":0,"pct":0},"branches":{"total":1,"covered":0,"skipped":0,"pct":0}}
,"/workspace/antigaspi2/frontend/src/views/admin/DashboardView.vue": {"lines":{"total":932,"covered":0,"skipped":0,"pct":0},"functions":{"total":1,"covered":0,"skipped":0,"pct":0},"statements":{"total":932,"covered":0,"skipped":0,"pct":0},"branches":{"total":1,"covered":0,"skipped":0,"pct":0}}
,"/workspace/antigaspi2/frontend/src/views/admin/DashboardView2025.vue": {"lines":{"total":936,"covered":0,"skipped":0,"pct":0},"functions":{"total":1,"covered":0,"skipped":0,"pct":0},"statements":{"total":936,"covered":0,"skipped":0,"pct":0},"branches":{"total":1,"covered":0,"skipped":0,"pct":0}}
,"/workspace/antigaspi2/frontend/src/views/admin/MerchantsView.vue": {"lines":{"total":715,"covered":0,"skipped":0,"pct":0},"functions":{"total":1,"covered":0,"skipped":0,"pct":0},"statements":{"total":715,"covered":0,"skipped":0,"pct":0},"branches":{"total":1,"covered":0,"skipped":0,"pct":0}}
,"/workspace/antigaspi2/frontend/src/views/admin/ReviewModeration.vue": {"lines":{"total":247,"covered":0,"skipped":0,"pct":0},"functions":{"total":1,"covered":0,"skipped":0,"pct":0},"statements":{"total":247,"covered":0,"skipped":0,"pct":0},"branches":{"total":1,"covered":0,"skipped":0,"pct":0}}
,"/workspace/antigaspi2/frontend/src/views/admin/UsersView.vue": {"lines":{"total":692,"covered":0,"skipped":0,"pct":0},"functions":{"total":1,"covered":0,"skipped":0,"pct":0},"statements":{"total":692,"covered":0,"skipped":0,"pct":0},"branches":{"total":1,"covered":0,"skipped":0,"pct":0}}
,"/workspace/antigaspi2/frontend/src/views/auth/LoginView.vue": {"lines":{"total":29,"covered":0,"skipped":0,"pct":0},"functions":{"total":1,"covered":0,"skipped":0,"pct":0},"statements":{"total":29,"covered":0,"skipped":0,"pct":0},"branches":{"total":1,"covered":0,"skipped":0,"pct":0}}
,"/workspace/antigaspi2/frontend/src/views/auth/RegisterView.vue": {"lines":{"total":29,"covered":0,"skipped":0,"pct":0},"functions":{"total":1,"covered":0,"skipped":0,"pct":0},"statements":{"total":29,"covered":0,"skipped":0,"pct":0},"branches":{"total":1,"covered":0,"skipped":0,"pct":0}}
,"/workspace/antigaspi2/frontend/src/views/consumer/LoyaltyDashboard.vue": {"lines":{"total":316,"covered":0,"skipped":0,"pct":0},"functions":{"total":1,"covered":0,"skipped":0,"pct":0},"statements":{"total":316,"covered":0,"skipped":0,"pct":0},"branches":{"total":1,"covered":0,"skipped":0,"pct":0}}
,"/workspace/antigaspi2/frontend/src/views/consumer/SurpriseBasketDetailView.vue": {"lines":{"total":411,"covered":301,"skipped":0,"pct":73.23},"functions":{"total":8,"covered":2,"skipped":0,"pct":25},"statements":{"total":411,"covered":301,"skipped":0,"pct":73.23},"branches":{"total":64,"covered":22,"skipped":0,"pct":34.37}}
,"/workspace/antigaspi2/frontend/src/views/consumer/SurpriseBasketsView.vue": {"lines":{"total":179,"covered":155,"skipped":0,"pct":86.59},"functions":{"total":7,"covered":2,"skipped":0,"pct":28.57},"statements":{"total":179,"covered":155,"skipped":0,"pct":86.59},"branches":{"total":17,"covered":10,"skipped":0,"pct":58.82}}
,"/workspace/antigaspi2/frontend/src/views/merchant/DashboardView.vue": {"lines":{"total":399,"covered":0,"skipped":0,"pct":0},"functions":{"total":1,"covered":0,"skipped":0,"pct":0},"statements":{"total":399,"covered":0,"skipped":0,"pct":0},"branches":{"total":1,"covered":0,"skipped":0,"pct":0}}
,"/workspace/antigaspi2/frontend/src/views/merchant/LoyaltyManagement.vue": {"lines":{"total":384,"covered":0,"skipped":0,"pct":0},"functions":{"total":1,"covered":0,"skipped":0,"pct":0},"statements":{"total":384,"covered":0,"skipped":0,"pct":0},"branches":{"total":1,"covered":0,"skipped":0,"pct":0}}
,"/workspace/antigaspi2/frontend/src/views/merchant/ProductCreateView.vue": {"lines":{"total":11,"covered":0,"skipped":0,"pct":0},"functions":{"total":1,"covered":0,"skipped":0,"pct":0},"statements":{"total":11,"covered":0,"skipped":0,"pct":0},"branches":{"total":1,"covered":0,"skipped":0,"pct":0}}
,"/workspace/antigaspi2/frontend/src/views/merchant/ProductEditView.vue": {"lines":{"total":548,"covered":0,"skipped":0,"pct":0},"functions":{"total":1,"covered":0,"skipped":0,"pct":0},"statements":{"total":548,"covered":0,"skipped":0,"pct":0},"branches":{"total":1,"covered":0,"skipped":0,"pct":0}}
,"/workspace/antigaspi2/frontend/src/views/merchant/ProductEditView2025.vue": {"lines":{"total":388,"covered":0,"skipped":0,"pct":0},"functions":{"total":1,"covered":0,"skipped":0,"pct":0},"statements":{"total":388,"covered":0,"skipped":0,"pct":0},"branches":{"total":1,"covered":0,"skipped":0,"pct":0}}
,"/workspace/antigaspi2/frontend/src/views/merchant/ProductsView.vue": {"lines":{"total":747,"covered":0,"skipped":0,"pct":0},"functions":{"total":1,"covered":0,"skipped":0,"pct":0},"statements":{"total":747,"covered":0,"skipped":0,"pct":0},"branches":{"total":1,"covered":0,"skipped":0,"pct":0}}
,"/workspace/antigaspi2/frontend/src/views/merchant/ReservationsView.vue": {"lines":{"total":714,"covered":0,"skipped":0,"pct":0},"functions":{"total":1,"covered":0,"skipped":0,"pct":0},"statements":{"total":714,"covered":0,"skipped":0,"pct":0},"branches":{"total":1,"covered":0,"skipped":0,"pct":0}}
,"/workspace/antigaspi2/frontend/src/views/merchant/ReviewsDashboard.vue": {"lines":{"total":321,"covered":0,"skipped":0,"pct":0},"functions":{"total":1,"covered":0,"skipped":0,"pct":0},"statements":{"total":321,"covered":0,"skipped":0,"pct":0},"branches":{"total":1,"covered":0,"skipped":0,"pct":0}}
,"/workspace/antigaspi2/frontend/src/views/merchant/ReviewsList.vue": {"lines":{"total":311,"covered":0,"skipped":0,"pct":0},"functions":{"total":1,"covered":0,"skipped":0,"pct":0},"statements":{"total":311,"covered":0,"skipped":0,"pct":0},"branches":{"total":1,"covered":0,"skipped":0,"pct":0}}
,"/workspace/antigaspi2/frontend/src/views/merchant/SurpriseBasketsView.vue": {"lines":{"total":364,"covered":0,"skipped":0,"pct":0},"functions":{"total":1,"covered":0,"skipped":0,"pct":0},"statements":{"total":364,"covered":0,"skipped":0,"pct":0},"branches":{"total":1,"covered":0,"skipped":0,"pct":0}}
,"/workspace/antigaspi2/frontend/src/views/onboarding/OnboardingFlow.vue": {"lines":{"total":226,"covered":0,"skipped":0,"pct":0},"functions":{"total":1,"covered":0,"skipped":0,"pct":0},"statements":{"total":226,"covered":0,"skipped":0,"pct":0},"branches":{"total":1,"covered":0,"skipped":0,"pct":0}}
}
